#
# There is insufficient memory for the Java Runtime Environment to continue.
# Native memory allocation (mmap) failed to map 260046848 bytes for G1 virtual space
# Possible reasons:
#   The system is out of physical RAM or swap space
#   The process is running with CompressedOops enabled, and the Java Heap may be blocking the growth of the native heap
# Possible solutions:
#   Reduce memory load on the system
#   Increase physical memory or swap space
#   Check if swap backing store is full
#   Decrease Java heap size (-Xmx/-Xms)
#   Decrease number of Java threads
#   Decrease Java thread stack sizes (-Xss)
#   Set larger code cache with -XX:ReservedCodeCacheSize=
#   JVM is running with Unscaled Compressed Oops mode in which the Java heap is
#     placed in the first 4GB address space. The Java Heap base address is the
#     maximum limit for the native heap growth. Please use -XX:HeapBaseMinAddress
#     to set the Java Heap base and to place the Java Heap above 4GB virtual address.
# This output file may be truncated or incomplete.
#
#  Out of Memory Error (os_windows.cpp:3541), pid=16132, tid=18276
#
# JRE version: OpenJDK Runtime Environment Temurin-17.0.4+8 (17.0.4+8) (build 17.0.4+8)
# Java VM: OpenJDK 64-Bit Server VM Temurin-17.0.4+8 (17.0.4+8, mixed mode, emulated-client, tiered, compressed oops, compressed class ptrs, g1 gc, windows-amd64)
# No core dump will be written. Minidumps are not enabled by default on client versions of Windows
#

---------------  S U M M A R Y ------------

Command Line: -Dsts.lsp.client=vscode -Dsts.log.file=/dev/null -XX:TieredStopAtLevel=1 -Dspring.config.location=file:c:\Users\sysic\.vscode\extensions\pivotal.vscode-spring-boot-1.38.0\language-server\BOOT-INF\classes\application.properties org.springframework.ide.vscode.boot.app.BootLanguageServerBootApp

Host: Intel(R) Core(TM) i5-7200U CPU @ 2.50GHz, 4 cores, 3G,  Windows 10 , 64 bit Build 19041 (10.0.19041.1889)
Time: Fri Sep  2 09:24:19 2022 Hora est. Pacífico, Sudamérica elapsed time: 7.625844 seconds (0d 0h 0m 7s)

---------------  T H R E A D  ---------------

Current thread (0x00000275e928f370):  VMThread "VM Thread" [stack: 0x000000b0cd400000,0x000000b0cd500000] [id=18276]

Stack: [0x000000b0cd400000,0x000000b0cd500000]
Native frames: (J=compiled Java code, j=interpreted, Vv=VM code, C=native code)
V  [jvm.dll+0x67733a]
V  [jvm.dll+0x8323c4]
V  [jvm.dll+0x833b6e]
V  [jvm.dll+0x8341d3]
V  [jvm.dll+0x2455e5]
V  [jvm.dll+0x674229]
V  [jvm.dll+0x668ab2]
V  [jvm.dll+0x30458b]
V  [jvm.dll+0x30bad6]
V  [jvm.dll+0x35ba7e]
V  [jvm.dll+0x35bcaf]
V  [jvm.dll+0x2db428]
V  [jvm.dll+0x2d96dc]
V  [jvm.dll+0x2d8cac]
V  [jvm.dll+0x31cc0b]
V  [jvm.dll+0x83867b]
V  [jvm.dll+0x8393b4]
V  [jvm.dll+0x8398cc]
V  [jvm.dll+0x839ca4]
V  [jvm.dll+0x839d70]
V  [jvm.dll+0x7e245a]
V  [jvm.dll+0x6761c5]
C  [ucrtbase.dll+0x21bb2]
C  [KERNEL32.DLL+0x17034]
C  [ntdll.dll+0x52651]

VM_Operation (0x000000b0ce6fdba0): G1CollectForAllocation, mode: safepoint, requested by thread 0x00000275ebcac950


---------------  P R O C E S S  ---------------

Threads class SMR info:
_java_thread_list=0x00000275ea62c150, length=31, elements={
0x00000275e92d4260, 0x00000275e92d5870, 0x00000275e9318130, 0x00000275e9318ae0,
0x00000275e931a8b0, 0x00000275e931ba00, 0x00000275e931d4f0, 0x00000275e934d620,
0x00000275e9ef21f0, 0x00000275e9f05d50, 0x00000275e9f19010, 0x00000275ebaeefc0,
0x00000275ebcac950, 0x00000275ebcad220, 0x00000275ebcad6f0, 0x00000275ebcadbc0,
0x00000275ebcd0020, 0x00000275ebcd04f0, 0x00000275ebcd09c0, 0x00000275ebcd0e90,
0x00000275eb9f03b0, 0x00000275eb9ef540, 0x00000275eb9f0880, 0x00000275eb9efa10,
0x00000275eb9ef070, 0x00000275eb9efee0, 0x00000275ed8139e0, 0x00000275ed8126a0,
0x00000275ed813eb0, 0x00000275ed815b90, 0x00000275ed814380
}

Java Threads: ( => current thread )
  0x00000275e92d4260 JavaThread "Reference Handler" daemon [_thread_blocked, id=3320, stack(0x000000b0cd500000,0x000000b0cd600000)]
  0x00000275e92d5870 JavaThread "Finalizer" daemon [_thread_blocked, id=15620, stack(0x000000b0cd600000,0x000000b0cd700000)]
  0x00000275e9318130 JavaThread "Signal Dispatcher" daemon [_thread_blocked, id=19492, stack(0x000000b0cd700000,0x000000b0cd800000)]
  0x00000275e9318ae0 JavaThread "Attach Listener" daemon [_thread_blocked, id=16892, stack(0x000000b0cd800000,0x000000b0cd900000)]
  0x00000275e931a8b0 JavaThread "Service Thread" daemon [_thread_blocked, id=13696, stack(0x000000b0cd900000,0x000000b0cda00000)]
  0x00000275e931ba00 JavaThread "Monitor Deflation Thread" daemon [_thread_blocked, id=6164, stack(0x000000b0cda00000,0x000000b0cdb00000)]
  0x00000275e931d4f0 JavaThread "C1 CompilerThread0" daemon [_thread_blocked, id=18576, stack(0x000000b0cdb00000,0x000000b0cdc00000)]
  0x00000275e934d620 JavaThread "Sweeper thread" daemon [_thread_blocked, id=12872, stack(0x000000b0cdc00000,0x000000b0cdd00000)]
  0x00000275e9ef21f0 JavaThread "C1 CompilerThread1" daemon [_thread_blocked, id=5932, stack(0x000000b0cdd00000,0x000000b0cde00000)]
  0x00000275e9f05d50 JavaThread "Notification Thread" daemon [_thread_blocked, id=9092, stack(0x000000b0cde00000,0x000000b0cdf00000)]
  0x00000275e9f19010 JavaThread "Common-Cleaner" daemon [_thread_blocked, id=19812, stack(0x000000b0ce000000,0x000000b0ce100000)]
  0x00000275ebaeefc0 JavaThread "ForkJoinPool.commonPool-worker-1" daemon [_thread_blocked, id=12208, stack(0x000000b0ce500000,0x000000b0ce600000)]
  0x00000275ebcac950 JavaThread "ClassGraph-worker-0" daemon [_thread_blocked, id=22688, stack(0x000000b0ce600000,0x000000b0ce700000)]
  0x00000275ebcad220 JavaThread "ClassGraph-worker-1" daemon [_thread_blocked, id=668, stack(0x000000b0ce700000,0x000000b0ce800000)]
  0x00000275ebcad6f0 JavaThread "ClassGraph-worker-2" daemon [_thread_blocked, id=10292, stack(0x000000b0ce800000,0x000000b0ce900000)]
  0x00000275ebcadbc0 JavaThread "ClassGraph-worker-3" daemon [_thread_blocked, id=18552, stack(0x000000b0ce900000,0x000000b0cea00000)]
  0x00000275ebcd0020 JavaThread "ClassGraph-worker-4" daemon [_thread_blocked, id=16688, stack(0x000000b0cea00000,0x000000b0ceb00000)]
  0x00000275ebcd04f0 JavaThread "ClassGraph-worker-5" daemon [_thread_blocked, id=17468, stack(0x000000b0ceb00000,0x000000b0cec00000)]
  0x00000275ebcd09c0 JavaThread "ClassGraph-worker-6" daemon [_thread_blocked, id=21856, stack(0x000000b0cec00000,0x000000b0ced00000)]
  0x00000275ebcd0e90 JavaThread "ClassGraph-worker-7" daemon [_thread_blocked, id=6016, stack(0x000000b0ced00000,0x000000b0cee00000)]
  0x00000275eb9f03b0 JavaThread "pool-7-thread-1" [_thread_blocked, id=13612, stack(0x000000b0cee00000,0x000000b0cef00000)]
  0x00000275eb9ef540 JavaThread "LanguageServerApp-lifecycle" [_thread_blocked, id=8696, stack(0x000000b0cf000000,0x000000b0cf100000)]
  0x00000275eb9f0880 JavaThread "DestroyJavaVM" [_thread_blocked, id=500, stack(0x000000b0cce00000,0x000000b0ccf00000)]
  0x00000275eb9efa10 JavaThread "pool-8-thread-1" [_thread_in_native, id=21516, stack(0x000000b0cf100000,0x000000b0cf200000)]
  0x00000275eb9ef070 JavaThread "Simple-Language-Server main thread" daemon [_thread_blocked, id=21704, stack(0x000000b0cf200000,0x000000b0cf300000)]
  0x00000275eb9efee0 JavaThread "parallel-1" daemon [_thread_blocked, id=21876, stack(0x000000b0cf300000,0x000000b0cf400000)]
  0x00000275ed8139e0 JavaThread "pool-2-thread-1" [_thread_blocked, id=22660, stack(0x000000b0cf400000,0x000000b0cf500000)]
  0x00000275ed8126a0 JavaThread "ForkJoinPool.commonPool-worker-2" daemon [_thread_blocked, id=6336, stack(0x000000b0cf500000,0x000000b0cf600000)]
  0x00000275ed813eb0 JavaThread "pool-2-thread-2" [_thread_blocked, id=6168, stack(0x000000b0cf600000,0x000000b0cf700000)]
  0x00000275ed815b90 JavaThread "Reconciler-1" daemon [_thread_blocked, id=2704, stack(0x000000b0cf700000,0x000000b0cf800000)]
  0x00000275ed814380 JavaThread "parallel-2" daemon [_thread_blocked, id=14056, stack(0x000000b0cf800000,0x000000b0cf900000)]

Other Threads:
=>0x00000275e928f370 VMThread "VM Thread" [stack: 0x000000b0cd400000,0x000000b0cd500000] [id=18276]
  0x00000275deed7bb0 WatcherThread [stack: 0x000000b0cdf00000,0x000000b0ce000000] [id=17880]
  0x00000275deec5d50 GCTaskThread "GC Thread#0" [stack: 0x000000b0ccf00000,0x000000b0cd000000] [id=13200]
  0x00000275ea780760 GCTaskThread "GC Thread#1" [stack: 0x000000b0ce100000,0x000000b0ce200000] [id=12856]
  0x00000275ea7744e0 GCTaskThread "GC Thread#2" [stack: 0x000000b0ce200000,0x000000b0ce300000] [id=21972]
  0x00000275ea5270e0 GCTaskThread "GC Thread#3" [stack: 0x000000b0ce400000,0x000000b0ce500000] [id=16424]
  0x00000275deecf920 ConcurrentGCThread "G1 Main Marker" [stack: 0x000000b0cd000000,0x000000b0cd100000] [id=11992]
  0x00000275deed0ad0 ConcurrentGCThread "G1 Conc#0" [stack: 0x000000b0cd100000,0x000000b0cd200000] [id=19268]
  0x00000275def20bf0 ConcurrentGCThread "G1 Refine#0" [stack: 0x000000b0cd200000,0x000000b0cd300000] [id=14436]
  0x00000275ebc77cc0 ConcurrentGCThread "G1 Refine#1" [stack: 0x000000b0cef00000,0x000000b0cf000000] [id=21448]
  0x00000275ed86e980 ConcurrentGCThread "G1 Refine#2" [stack: 0x000000b0cf900000,0x000000b0cfa00000] [id=6776]
  0x00000275def21610 ConcurrentGCThread "G1 Service" [stack: 0x000000b0cd300000,0x000000b0cd400000] [id=22268]

Threads with active compile tasks:

VM state: at safepoint (normal execution)

VM Mutex/Monitor currently owned by a thread:  ([mutex/lock_event])
[0x00000275dcc96e10] Threads_lock - owner thread: 0x00000275e928f370
[0x00000275dee87250] Heap_lock - owner thread: 0x00000275ebcac950

Heap address: 0x00000000c1c00000, size: 996 MB, Compressed Oops mode: 32-bit

CDS archive(s) not mapped
Compressed class space mapped at: 0x0000000100000000-0x0000000140000000, reserved size: 1073741824
Narrow klass base: 0x0000000000000000, Narrow klass shift: 3, Narrow klass range: 0x140000000

GC Precious Log:
 CPUs: 4 total, 4 available
 Memory: 3977M
 Large Page Support: Disabled
 NUMA Support: Disabled
 Compressed Oops: Enabled (32-bit)
 Heap Region Size: 1M
 Heap Min Capacity: 8M
 Heap Initial Capacity: 64M
 Heap Max Capacity: 996M
 Pre-touch: Disabled
 Parallel Workers: 4
 Concurrent Workers: 1
 Concurrent Refinement Workers: 4
 Periodic GC: Disabled

Heap:
 garbage-first heap   total 271360K, used 89600K [0x00000000c1c00000, 0x0000000100000000)
  region size 1024K, 12 young (12288K), 12 survivors (12288K)
 Metaspace       used 35114K, committed 35456K, reserved 1081344K
  class space    used 4568K, committed 4736K, reserved 1048576K

Heap Regions: E=young(eden), S=young(survivor), O=old, HS=humongous(starts), HC=humongous(continues), CS=collection set, F=free, OA=open archive, CA=closed archive, TAMS=top-at-mark-start (previous, next)
|   0|0x00000000c1c00000, 0x00000000c1d00000, 0x00000000c1d00000|100%| O|  |TAMS 0x00000000c1d00000, 0x00000000c1c00000| Untracked 
|   1|0x00000000c1d00000, 0x00000000c1e00000, 0x00000000c1e00000|100%| O|  |TAMS 0x00000000c1e00000, 0x00000000c1d00000| Untracked 
|   2|0x00000000c1e00000, 0x00000000c1f00000, 0x00000000c1f00000|100%| O|  |TAMS 0x00000000c1f00000, 0x00000000c1e00000| Untracked 
|   3|0x00000000c1f00000, 0x00000000c2000000, 0x00000000c2000000|100%| O|  |TAMS 0x00000000c2000000, 0x00000000c1f00000| Untracked 
|   4|0x00000000c2000000, 0x00000000c2100000, 0x00000000c2100000|100%| O|  |TAMS 0x00000000c2100000, 0x00000000c2000000| Untracked 
|   5|0x00000000c2100000, 0x00000000c2200000, 0x00000000c2200000|100%| O|  |TAMS 0x00000000c2200000, 0x00000000c2100000| Untracked 
|   6|0x00000000c2200000, 0x00000000c2300000, 0x00000000c2300000|100%| O|  |TAMS 0x00000000c2300000, 0x00000000c2200000| Untracked 
|   7|0x00000000c2300000, 0x00000000c2400000, 0x00000000c2400000|100%| O|  |TAMS 0x00000000c2400000, 0x00000000c2300000| Untracked 
|   8|0x00000000c2400000, 0x00000000c2500000, 0x00000000c2500000|100%| O|  |TAMS 0x00000000c2500000, 0x00000000c2400000| Untracked 
|   9|0x00000000c2500000, 0x00000000c2600000, 0x00000000c2600000|100%| O|  |TAMS 0x00000000c2600000, 0x00000000c2500000| Untracked 
|  10|0x00000000c2600000, 0x00000000c2700000, 0x00000000c2700000|100%| O|  |TAMS 0x00000000c2600000, 0x00000000c2600000| Untracked 
|  11|0x00000000c2700000, 0x00000000c2800000, 0x00000000c2800000|100%| O|  |TAMS 0x00000000c2800000, 0x00000000c2700000| Untracked 
|  12|0x00000000c2800000, 0x00000000c2900000, 0x00000000c2900000|100%| O|  |TAMS 0x00000000c2900000, 0x00000000c2800000| Untracked 
|  13|0x00000000c2900000, 0x00000000c2a00000, 0x00000000c2a00000|100%| O|  |TAMS 0x00000000c2a00000, 0x00000000c2900000| Untracked 
|  14|0x00000000c2a00000, 0x00000000c2b00000, 0x00000000c2b00000|100%| O|  |TAMS 0x00000000c2b00000, 0x00000000c2a00000| Untracked 
|  15|0x00000000c2b00000, 0x00000000c2c00000, 0x00000000c2c00000|100%| O|  |TAMS 0x00000000c2c00000, 0x00000000c2b00000| Untracked 
|  16|0x00000000c2c00000, 0x00000000c2d00000, 0x00000000c2d00000|100%| O|  |TAMS 0x00000000c2d00000, 0x00000000c2c00000| Untracked 
|  17|0x00000000c2d00000, 0x00000000c2e00000, 0x00000000c2e00000|100%| O|  |TAMS 0x00000000c2e00000, 0x00000000c2d00000| Untracked 
|  18|0x00000000c2e00000, 0x00000000c2f00000, 0x00000000c2f00000|100%| O|  |TAMS 0x00000000c2f00000, 0x00000000c2e00000| Untracked 
|  19|0x00000000c2f00000, 0x00000000c3000000, 0x00000000c3000000|100%| O|  |TAMS 0x00000000c3000000, 0x00000000c2f00000| Untracked 
|  20|0x00000000c3000000, 0x00000000c3100000, 0x00000000c3100000|100%| O|  |TAMS 0x00000000c3100000, 0x00000000c3000000| Untracked 
|  21|0x00000000c3100000, 0x00000000c3200000, 0x00000000c3200000|100%| O|  |TAMS 0x00000000c3200000, 0x00000000c3100000| Untracked 
|  22|0x00000000c3200000, 0x00000000c3300000, 0x00000000c3300000|100%| O|  |TAMS 0x00000000c3300000, 0x00000000c3200000| Untracked 
|  23|0x00000000c3300000, 0x00000000c3400000, 0x00000000c3400000|100%| O|  |TAMS 0x00000000c3400000, 0x00000000c3300000| Untracked 
|  24|0x00000000c3400000, 0x00000000c3500000, 0x00000000c3500000|100%| O|  |TAMS 0x00000000c3500000, 0x00000000c3400000| Untracked 
|  25|0x00000000c3500000, 0x00000000c3600000, 0x00000000c3600000|100%| O|  |TAMS 0x00000000c3600000, 0x00000000c3500000| Untracked 
|  26|0x00000000c3600000, 0x00000000c3700000, 0x00000000c3700000|100%| O|  |TAMS 0x00000000c3700000, 0x00000000c3600000| Untracked 
|  27|0x00000000c3700000, 0x00000000c3800000, 0x00000000c3800000|100%| O|  |TAMS 0x00000000c3800000, 0x00000000c3700000| Untracked 
|  28|0x00000000c3800000, 0x00000000c3900000, 0x00000000c3900000|100%| O|  |TAMS 0x00000000c3900000, 0x00000000c3800000| Untracked 
|  29|0x00000000c3900000, 0x00000000c3a00000, 0x00000000c3a00000|100%| O|  |TAMS 0x00000000c3a00000, 0x00000000c3900000| Untracked 
|  30|0x00000000c3a00000, 0x00000000c3b00000, 0x00000000c3b00000|100%| O|  |TAMS 0x00000000c3b00000, 0x00000000c3a00000| Untracked 
|  31|0x00000000c3b00000, 0x00000000c3c00000, 0x00000000c3c00000|100%| O|  |TAMS 0x00000000c3c00000, 0x00000000c3b00000| Untracked 
|  32|0x00000000c3c00000, 0x00000000c3d00000, 0x00000000c3d00000|100%| O|  |TAMS 0x00000000c3d00000, 0x00000000c3c00000| Untracked 
|  33|0x00000000c3d00000, 0x00000000c3e00000, 0x00000000c3e00000|100%| O|  |TAMS 0x00000000c3e00000, 0x00000000c3d00000| Untracked 
|  34|0x00000000c3e00000, 0x00000000c3f00000, 0x00000000c3f00000|100%| O|  |TAMS 0x00000000c3f00000, 0x00000000c3e00000| Untracked 
|  35|0x00000000c3f00000, 0x00000000c4000000, 0x00000000c4000000|100%| O|  |TAMS 0x00000000c4000000, 0x00000000c3f00000| Untracked 
|  36|0x00000000c4000000, 0x00000000c4100000, 0x00000000c4100000|100%| O|  |TAMS 0x00000000c4100000, 0x00000000c4000000| Untracked 
|  37|0x00000000c4100000, 0x00000000c4200000, 0x00000000c4200000|100%| O|  |TAMS 0x00000000c4200000, 0x00000000c4100000| Untracked 
|  38|0x00000000c4200000, 0x00000000c4300000, 0x00000000c4300000|100%| O|  |TAMS 0x00000000c4300000, 0x00000000c4200000| Untracked 
|  39|0x00000000c4300000, 0x00000000c4400000, 0x00000000c4400000|100%| O|  |TAMS 0x00000000c4400000, 0x00000000c4300000| Untracked 
|  40|0x00000000c4400000, 0x00000000c4500000, 0x00000000c4500000|100%| O|  |TAMS 0x00000000c4500000, 0x00000000c4400000| Untracked 
|  41|0x00000000c4500000, 0x00000000c4600000, 0x00000000c4600000|100%| O|  |TAMS 0x00000000c4600000, 0x00000000c4500000| Untracked 
|  42|0x00000000c4600000, 0x00000000c4700000, 0x00000000c4700000|100%| O|  |TAMS 0x00000000c46fa600, 0x00000000c4600000| Untracked 
|  43|0x00000000c4700000, 0x00000000c4800000, 0x00000000c4800000|100%| O|  |TAMS 0x00000000c4700000, 0x00000000c4700000| Untracked 
|  44|0x00000000c4800000, 0x00000000c4900000, 0x00000000c4900000|100%| O|  |TAMS 0x00000000c4800000, 0x00000000c4800000| Untracked 
|  45|0x00000000c4900000, 0x00000000c4a00000, 0x00000000c4a00000|100%| O|  |TAMS 0x00000000c4900000, 0x00000000c4900000| Untracked 
|  46|0x00000000c4a00000, 0x00000000c4b00000, 0x00000000c4b00000|100%|HS|  |TAMS 0x00000000c4a00000, 0x00000000c4a00000| Complete 
|  47|0x00000000c4b00000, 0x00000000c4c00000, 0x00000000c4c00000|100%|HS|  |TAMS 0x00000000c4b00000, 0x00000000c4b00000| Complete 
|  48|0x00000000c4c00000, 0x00000000c4d00000, 0x00000000c4d00000|100%| O|  |TAMS 0x00000000c4c00000, 0x00000000c4c00000| Untracked 
|  49|0x00000000c4d00000, 0x00000000c4e00000, 0x00000000c4e00000|100%| O|  |TAMS 0x00000000c4d00000, 0x00000000c4d00000| Untracked 
|  50|0x00000000c4e00000, 0x00000000c4f00000, 0x00000000c4f00000|100%| O|  |TAMS 0x00000000c4e00000, 0x00000000c4e00000| Untracked 
|  51|0x00000000c4f00000, 0x00000000c5000000, 0x00000000c5000000|100%| O|  |TAMS 0x00000000c4f00000, 0x00000000c4f00000| Untracked 
|  52|0x00000000c5000000, 0x00000000c5100000, 0x00000000c5100000|100%| O|  |TAMS 0x00000000c5000000, 0x00000000c5000000| Untracked 
|  53|0x00000000c5100000, 0x00000000c5200000, 0x00000000c5200000|100%| O|  |TAMS 0x00000000c5100000, 0x00000000c5100000| Untracked 
|  54|0x00000000c5200000, 0x00000000c5300000, 0x00000000c5300000|100%| O|  |TAMS 0x00000000c5200000, 0x00000000c5200000| Untracked 
|  55|0x00000000c5300000, 0x00000000c5400000, 0x00000000c5400000|100%| O|  |TAMS 0x00000000c5300000, 0x00000000c5300000| Untracked 
|  56|0x00000000c5400000, 0x00000000c5500000, 0x00000000c5500000|100%| O|  |TAMS 0x00000000c5400000, 0x00000000c5400000| Untracked 
|  57|0x00000000c5500000, 0x00000000c5600000, 0x00000000c5600000|100%| O|  |TAMS 0x00000000c5500000, 0x00000000c5500000| Untracked 
|  58|0x00000000c5600000, 0x00000000c5700000, 0x00000000c5700000|100%| O|  |TAMS 0x00000000c5600000, 0x00000000c5600000| Untracked 
|  59|0x00000000c5700000, 0x00000000c5800000, 0x00000000c5800000|100%| O|  |TAMS 0x00000000c5700000, 0x00000000c5700000| Untracked 
|  60|0x00000000c5800000, 0x00000000c5900000, 0x00000000c5900000|100%| O|  |TAMS 0x00000000c5800000, 0x00000000c5800000| Untracked 
|  61|0x00000000c5900000, 0x00000000c5a00000, 0x00000000c5a00000|100%| O|  |TAMS 0x00000000c5900000, 0x00000000c5900000| Untracked 
|  62|0x00000000c5a00000, 0x00000000c5b00000, 0x00000000c5b00000|100%| O|  |TAMS 0x00000000c5a00000, 0x00000000c5a00000| Untracked 
|  63|0x00000000c5b00000, 0x00000000c5c00000, 0x00000000c5c00000|100%| O|  |TAMS 0x00000000c5b00000, 0x00000000c5b00000| Untracked 
|  64|0x00000000c5c00000, 0x00000000c5d00000, 0x00000000c5d00000|100%| O|  |TAMS 0x00000000c5c00000, 0x00000000c5c00000| Untracked 
|  65|0x00000000c5d00000, 0x00000000c5e00000, 0x00000000c5e00000|100%| O|  |TAMS 0x00000000c5d00000, 0x00000000c5d00000| Untracked 
|  66|0x00000000c5e00000, 0x00000000c5f00000, 0x00000000c5f00000|100%| O|  |TAMS 0x00000000c5e00000, 0x00000000c5e00000| Untracked 
|  67|0x00000000c5f00000, 0x00000000c6000000, 0x00000000c6000000|100%| O|  |TAMS 0x00000000c5f00000, 0x00000000c5f00000| Untracked 
|  68|0x00000000c6000000, 0x00000000c6100000, 0x00000000c6100000|100%| O|  |TAMS 0x00000000c6000000, 0x00000000c6000000| Untracked 
|  69|0x00000000c6100000, 0x00000000c6200000, 0x00000000c6200000|100%| O|  |TAMS 0x00000000c6100000, 0x00000000c6100000| Untracked 
|  70|0x00000000c6200000, 0x00000000c6300000, 0x00000000c6300000|100%| O|  |TAMS 0x00000000c6200000, 0x00000000c6200000| Untracked 
|  71|0x00000000c6300000, 0x00000000c6400000, 0x00000000c6400000|100%| O|  |TAMS 0x00000000c6300000, 0x00000000c6300000| Untracked 
|  72|0x00000000c6400000, 0x00000000c6500000, 0x00000000c6500000|100%| O|  |TAMS 0x00000000c6400000, 0x00000000c6400000| Untracked 
|  73|0x00000000c6500000, 0x00000000c6600000, 0x00000000c6600000|100%| O|  |TAMS 0x00000000c6500000, 0x00000000c6500000| Untracked 
|  74|0x00000000c6600000, 0x00000000c6700000, 0x00000000c6700000|100%| O|  |TAMS 0x00000000c6600000, 0x00000000c6600000| Untracked 
|  75|0x00000000c6700000, 0x00000000c6800000, 0x00000000c6800000|100%| O|  |TAMS 0x00000000c6700000, 0x00000000c6700000| Untracked 
|  76|0x00000000c6800000, 0x00000000c6800000, 0x00000000c6900000|  0%| F|  |TAMS 0x00000000c6800000, 0x00000000c6800000| Untracked 
|  77|0x00000000c6900000, 0x00000000c6900000, 0x00000000c6a00000|  0%| F|  |TAMS 0x00000000c6900000, 0x00000000c6900000| Untracked 
|  78|0x00000000c6a00000, 0x00000000c6a00000, 0x00000000c6b00000|  0%| F|  |TAMS 0x00000000c6a00000, 0x00000000c6a00000| Untracked 
|  79|0x00000000c6b00000, 0x00000000c6b00000, 0x00000000c6c00000|  0%| F|  |TAMS 0x00000000c6b00000, 0x00000000c6b00000| Untracked 
|  80|0x00000000c6c00000, 0x00000000c6c00000, 0x00000000c6d00000|  0%| F|  |TAMS 0x00000000c6c00000, 0x00000000c6c00000| Untracked 
|  81|0x00000000c6d00000, 0x00000000c6d00000, 0x00000000c6e00000|  0%| F|  |TAMS 0x00000000c6d00000, 0x00000000c6d00000| Untracked 
|  82|0x00000000c6e00000, 0x00000000c6e00000, 0x00000000c6f00000|  0%| F|  |TAMS 0x00000000c6e00000, 0x00000000c6e00000| Untracked 
|  83|0x00000000c6f00000, 0x00000000c6f00000, 0x00000000c7000000|  0%| F|  |TAMS 0x00000000c6f00000, 0x00000000c6f00000| Untracked 
|  84|0x00000000c7000000, 0x00000000c7000000, 0x00000000c7100000|  0%| F|  |TAMS 0x00000000c7000000, 0x00000000c7000000| Untracked 
|  85|0x00000000c7100000, 0x00000000c7100000, 0x00000000c7200000|  0%| F|  |TAMS 0x00000000c7100000, 0x00000000c7100000| Untracked 
|  86|0x00000000c7200000, 0x00000000c7200000, 0x00000000c7300000|  0%| F|  |TAMS 0x00000000c7200000, 0x00000000c7200000| Untracked 
|  87|0x00000000c7300000, 0x00000000c7300000, 0x00000000c7400000|  0%| F|  |TAMS 0x00000000c7300000, 0x00000000c7300000| Untracked 
|  88|0x00000000c7400000, 0x00000000c7400000, 0x00000000c7500000|  0%| F|  |TAMS 0x00000000c7400000, 0x00000000c7400000| Untracked 
|  89|0x00000000c7500000, 0x00000000c7500000, 0x00000000c7600000|  0%| F|  |TAMS 0x00000000c7500000, 0x00000000c7500000| Untracked 
|  90|0x00000000c7600000, 0x00000000c7600000, 0x00000000c7700000|  0%| F|  |TAMS 0x00000000c7600000, 0x00000000c7600000| Untracked 
|  91|0x00000000c7700000, 0x00000000c7700000, 0x00000000c7800000|  0%| F|  |TAMS 0x00000000c7700000, 0x00000000c7700000| Untracked 
|  92|0x00000000c7800000, 0x00000000c7800000, 0x00000000c7900000|  0%| F|  |TAMS 0x00000000c7800000, 0x00000000c7800000| Untracked 
|  93|0x00000000c7900000, 0x00000000c7900000, 0x00000000c7a00000|  0%| F|  |TAMS 0x00000000c7900000, 0x00000000c7900000| Untracked 
|  94|0x00000000c7a00000, 0x00000000c7a00000, 0x00000000c7b00000|  0%| F|  |TAMS 0x00000000c7a00000, 0x00000000c7a00000| Untracked 
|  95|0x00000000c7b00000, 0x00000000c7b00000, 0x00000000c7c00000|  0%| F|  |TAMS 0x00000000c7b00000, 0x00000000c7b00000| Untracked 
|  96|0x00000000c7c00000, 0x00000000c7c00000, 0x00000000c7d00000|  0%| F|  |TAMS 0x00000000c7c00000, 0x00000000c7c00000| Untracked 
|  97|0x00000000c7d00000, 0x00000000c7d00000, 0x00000000c7e00000|  0%| F|  |TAMS 0x00000000c7d00000, 0x00000000c7d00000| Untracked 
|  98|0x00000000c7e00000, 0x00000000c7e00000, 0x00000000c7f00000|  0%| F|  |TAMS 0x00000000c7e00000, 0x00000000c7e00000| Untracked 
|  99|0x00000000c7f00000, 0x00000000c7f00000, 0x00000000c8000000|  0%| F|  |TAMS 0x00000000c7f00000, 0x00000000c7f00000| Untracked 
| 100|0x00000000c8000000, 0x00000000c8000000, 0x00000000c8100000|  0%| F|  |TAMS 0x00000000c8000000, 0x00000000c8000000| Untracked 
| 101|0x00000000c8100000, 0x00000000c8100000, 0x00000000c8200000|  0%| F|  |TAMS 0x00000000c8100000, 0x00000000c8100000| Untracked 
| 102|0x00000000c8200000, 0x00000000c8200000, 0x00000000c8300000|  0%| F|  |TAMS 0x00000000c8200000, 0x00000000c8200000| Untracked 
| 103|0x00000000c8300000, 0x00000000c8300000, 0x00000000c8400000|  0%| F|  |TAMS 0x00000000c8300000, 0x00000000c8300000| Untracked 
| 104|0x00000000c8400000, 0x00000000c8400000, 0x00000000c8500000|  0%| F|  |TAMS 0x00000000c8400000, 0x00000000c8400000| Untracked 
| 105|0x00000000c8500000, 0x00000000c8500000, 0x00000000c8600000|  0%| F|  |TAMS 0x00000000c8500000, 0x00000000c8500000| Untracked 
| 106|0x00000000c8600000, 0x00000000c8600000, 0x00000000c8700000|  0%| F|  |TAMS 0x00000000c8600000, 0x00000000c8600000| Untracked 
| 107|0x00000000c8700000, 0x00000000c8700000, 0x00000000c8800000|  0%| F|  |TAMS 0x00000000c8700000, 0x00000000c8700000| Untracked 
| 108|0x00000000c8800000, 0x00000000c8880000, 0x00000000c8900000| 50%| S|CS|TAMS 0x00000000c8800000, 0x00000000c8800000| Complete 
| 109|0x00000000c8900000, 0x00000000c8900000, 0x00000000c8a00000|  0%| F|  |TAMS 0x00000000c8900000, 0x00000000c8900000| Untracked 
| 110|0x00000000c8a00000, 0x00000000c8a00000, 0x00000000c8b00000|  0%| F|  |TAMS 0x00000000c8a00000, 0x00000000c8a00000| Untracked 
| 111|0x00000000c8b00000, 0x00000000c8b00000, 0x00000000c8c00000|  0%| F|  |TAMS 0x00000000c8b00000, 0x00000000c8b00000| Untracked 
| 112|0x00000000c8c00000, 0x00000000c8c00000, 0x00000000c8d00000|  0%| F|  |TAMS 0x00000000c8c00000, 0x00000000c8c00000| Untracked 
| 113|0x00000000c8d00000, 0x00000000c8d00000, 0x00000000c8e00000|  0%| F|  |TAMS 0x00000000c8d00000, 0x00000000c8d00000| Untracked 
| 114|0x00000000c8e00000, 0x00000000c8e00000, 0x00000000c8f00000|  0%| F|  |TAMS 0x00000000c8e00000, 0x00000000c8e00000| Untracked 
| 115|0x00000000c8f00000, 0x00000000c9000000, 0x00000000c9000000|100%| S|CS|TAMS 0x00000000c8f00000, 0x00000000c8f00000| Complete 
| 116|0x00000000c9000000, 0x00000000c9100000, 0x00000000c9100000|100%| S|CS|TAMS 0x00000000c9000000, 0x00000000c9000000| Complete 
| 117|0x00000000c9100000, 0x00000000c9200000, 0x00000000c9200000|100%| S|CS|TAMS 0x00000000c9100000, 0x00000000c9100000| Complete 
| 118|0x00000000c9200000, 0x00000000c9300000, 0x00000000c9300000|100%| S|CS|TAMS 0x00000000c9200000, 0x00000000c9200000| Complete 
| 119|0x00000000c9300000, 0x00000000c9400000, 0x00000000c9400000|100%| S|CS|TAMS 0x00000000c9300000, 0x00000000c9300000| Complete 
| 120|0x00000000c9400000, 0x00000000c9500000, 0x00000000c9500000|100%| S|CS|TAMS 0x00000000c9400000, 0x00000000c9400000| Complete 
| 121|0x00000000c9500000, 0x00000000c9600000, 0x00000000c9600000|100%| S|CS|TAMS 0x00000000c9500000, 0x00000000c9500000| Complete 
| 122|0x00000000c9600000, 0x00000000c9700000, 0x00000000c9700000|100%| S|CS|TAMS 0x00000000c9600000, 0x00000000c9600000| Complete 
| 123|0x00000000c9700000, 0x00000000c9800000, 0x00000000c9800000|100%| S|CS|TAMS 0x00000000c9700000, 0x00000000c9700000| Complete 
| 124|0x00000000c9800000, 0x00000000c9900000, 0x00000000c9900000|100%| S|CS|TAMS 0x00000000c9800000, 0x00000000c9800000| Complete 
| 125|0x00000000c9900000, 0x00000000c9a00000, 0x00000000c9a00000|100%| S|CS|TAMS 0x00000000c9900000, 0x00000000c9900000| Complete 
| 126|0x00000000c9a00000, 0x00000000c9a00000, 0x00000000c9b00000|  0%| F|  |TAMS 0x00000000c9a00000, 0x00000000c9a00000| Untracked 
| 127|0x00000000c9b00000, 0x00000000c9b00000, 0x00000000c9c00000|  0%| F|  |TAMS 0x00000000c9b00000, 0x00000000c9b00000| Untracked 
| 128|0x00000000c9c00000, 0x00000000c9c00000, 0x00000000c9d00000|  0%| F|  |TAMS 0x00000000c9c00000, 0x00000000c9c00000| Untracked 
| 129|0x00000000c9d00000, 0x00000000c9d00000, 0x00000000c9e00000|  0%| F|  |TAMS 0x00000000c9d00000, 0x00000000c9d00000| Untracked 
| 130|0x00000000c9e00000, 0x00000000c9e00000, 0x00000000c9f00000|  0%| F|  |TAMS 0x00000000c9e00000, 0x00000000c9e00000| Untracked 
| 131|0x00000000c9f00000, 0x00000000c9f00000, 0x00000000ca000000|  0%| F|  |TAMS 0x00000000c9f00000, 0x00000000c9f00000| Untracked 
| 132|0x00000000ca000000, 0x00000000ca000000, 0x00000000ca100000|  0%| F|  |TAMS 0x00000000ca000000, 0x00000000ca000000| Untracked 
| 133|0x00000000ca100000, 0x00000000ca100000, 0x00000000ca200000|  0%| F|  |TAMS 0x00000000ca100000, 0x00000000ca100000| Untracked 
| 134|0x00000000ca200000, 0x00000000ca200000, 0x00000000ca300000|  0%| F|  |TAMS 0x00000000ca200000, 0x00000000ca200000| Untracked 
| 135|0x00000000ca300000, 0x00000000ca300000, 0x00000000ca400000|  0%| F|  |TAMS 0x00000000ca300000, 0x00000000ca300000| Untracked 
| 136|0x00000000ca400000, 0x00000000ca400000, 0x00000000ca500000|  0%| F|  |TAMS 0x00000000ca400000, 0x00000000ca400000| Untracked 
| 137|0x00000000ca500000, 0x00000000ca500000, 0x00000000ca600000|  0%| F|  |TAMS 0x00000000ca500000, 0x00000000ca500000| Untracked 
| 138|0x00000000ca600000, 0x00000000ca600000, 0x00000000ca700000|  0%| F|  |TAMS 0x00000000ca600000, 0x00000000ca600000| Untracked 
| 139|0x00000000ca700000, 0x00000000ca700000, 0x00000000ca800000|  0%| F|  |TAMS 0x00000000ca700000, 0x00000000ca700000| Untracked 
| 140|0x00000000ca800000, 0x00000000ca800000, 0x00000000ca900000|  0%| F|  |TAMS 0x00000000ca800000, 0x00000000ca800000| Untracked 
| 141|0x00000000ca900000, 0x00000000ca900000, 0x00000000caa00000|  0%| F|  |TAMS 0x00000000ca900000, 0x00000000ca900000| Untracked 
| 142|0x00000000caa00000, 0x00000000caa00000, 0x00000000cab00000|  0%| F|  |TAMS 0x00000000caa00000, 0x00000000caa00000| Untracked 
| 143|0x00000000cab00000, 0x00000000cab00000, 0x00000000cac00000|  0%| F|  |TAMS 0x00000000cab00000, 0x00000000cab00000| Untracked 
| 144|0x00000000cac00000, 0x00000000cac00000, 0x00000000cad00000|  0%| F|  |TAMS 0x00000000cac00000, 0x00000000cac00000| Untracked 
| 145|0x00000000cad00000, 0x00000000cad00000, 0x00000000cae00000|  0%| F|  |TAMS 0x00000000cad00000, 0x00000000cad00000| Untracked 
| 146|0x00000000cae00000, 0x00000000cae00000, 0x00000000caf00000|  0%| F|  |TAMS 0x00000000cae00000, 0x00000000cae00000| Untracked 
| 147|0x00000000caf00000, 0x00000000caf00000, 0x00000000cb000000|  0%| F|  |TAMS 0x00000000caf00000, 0x00000000caf00000| Untracked 
| 148|0x00000000cb000000, 0x00000000cb000000, 0x00000000cb100000|  0%| F|  |TAMS 0x00000000cb000000, 0x00000000cb000000| Untracked 
| 149|0x00000000cb100000, 0x00000000cb100000, 0x00000000cb200000|  0%| F|  |TAMS 0x00000000cb100000, 0x00000000cb100000| Untracked 
| 150|0x00000000cb200000, 0x00000000cb200000, 0x00000000cb300000|  0%| F|  |TAMS 0x00000000cb200000, 0x00000000cb200000| Untracked 
| 151|0x00000000cb300000, 0x00000000cb300000, 0x00000000cb400000|  0%| F|  |TAMS 0x00000000cb300000, 0x00000000cb300000| Untracked 
| 152|0x00000000cb400000, 0x00000000cb400000, 0x00000000cb500000|  0%| F|  |TAMS 0x00000000cb400000, 0x00000000cb400000| Untracked 
| 153|0x00000000cb500000, 0x00000000cb500000, 0x00000000cb600000|  0%| F|  |TAMS 0x00000000cb500000, 0x00000000cb500000| Untracked 
| 154|0x00000000cb600000, 0x00000000cb600000, 0x00000000cb700000|  0%| F|  |TAMS 0x00000000cb600000, 0x00000000cb600000| Untracked 
| 155|0x00000000cb700000, 0x00000000cb700000, 0x00000000cb800000|  0%| F|  |TAMS 0x00000000cb700000, 0x00000000cb700000| Untracked 
| 156|0x00000000cb800000, 0x00000000cb800000, 0x00000000cb900000|  0%| F|  |TAMS 0x00000000cb800000, 0x00000000cb800000| Untracked 
| 157|0x00000000cb900000, 0x00000000cb900000, 0x00000000cba00000|  0%| F|  |TAMS 0x00000000cb900000, 0x00000000cb900000| Untracked 
| 158|0x00000000cba00000, 0x00000000cba00000, 0x00000000cbb00000|  0%| F|  |TAMS 0x00000000cba00000, 0x00000000cba00000| Untracked 
| 159|0x00000000cbb00000, 0x00000000cbb00000, 0x00000000cbc00000|  0%| F|  |TAMS 0x00000000cbb00000, 0x00000000cbb00000| Untracked 
| 160|0x00000000cbc00000, 0x00000000cbc00000, 0x00000000cbd00000|  0%| F|  |TAMS 0x00000000cbc00000, 0x00000000cbc00000| Untracked 
| 161|0x00000000cbd00000, 0x00000000cbd00000, 0x00000000cbe00000|  0%| F|  |TAMS 0x00000000cbd00000, 0x00000000cbd00000| Untracked 
| 162|0x00000000cbe00000, 0x00000000cbe00000, 0x00000000cbf00000|  0%| F|  |TAMS 0x00000000cbe00000, 0x00000000cbe00000| Untracked 
| 163|0x00000000cbf00000, 0x00000000cbf00000, 0x00000000cc000000|  0%| F|  |TAMS 0x00000000cbf00000, 0x00000000cbf00000| Untracked 
| 164|0x00000000cc000000, 0x00000000cc000000, 0x00000000cc100000|  0%| F|  |TAMS 0x00000000cc000000, 0x00000000cc000000| Untracked 
| 165|0x00000000cc100000, 0x00000000cc100000, 0x00000000cc200000|  0%| F|  |TAMS 0x00000000cc100000, 0x00000000cc100000| Untracked 
| 166|0x00000000cc200000, 0x00000000cc200000, 0x00000000cc300000|  0%| F|  |TAMS 0x00000000cc200000, 0x00000000cc200000| Untracked 
| 167|0x00000000cc300000, 0x00000000cc300000, 0x00000000cc400000|  0%| F|  |TAMS 0x00000000cc300000, 0x00000000cc300000| Untracked 
| 168|0x00000000cc400000, 0x00000000cc400000, 0x00000000cc500000|  0%| F|  |TAMS 0x00000000cc400000, 0x00000000cc400000| Untracked 
| 169|0x00000000cc500000, 0x00000000cc500000, 0x00000000cc600000|  0%| F|  |TAMS 0x00000000cc500000, 0x00000000cc500000| Untracked 
| 170|0x00000000cc600000, 0x00000000cc600000, 0x00000000cc700000|  0%| F|  |TAMS 0x00000000cc600000, 0x00000000cc600000| Untracked 
| 171|0x00000000cc700000, 0x00000000cc700000, 0x00000000cc800000|  0%| F|  |TAMS 0x00000000cc700000, 0x00000000cc700000| Untracked 
| 172|0x00000000cc800000, 0x00000000cc800000, 0x00000000cc900000|  0%| F|  |TAMS 0x00000000cc800000, 0x00000000cc800000| Untracked 
| 173|0x00000000cc900000, 0x00000000cc900000, 0x00000000cca00000|  0%| F|  |TAMS 0x00000000cc900000, 0x00000000cc900000| Untracked 
| 174|0x00000000cca00000, 0x00000000cca00000, 0x00000000ccb00000|  0%| F|  |TAMS 0x00000000cca00000, 0x00000000cca00000| Untracked 
| 175|0x00000000ccb00000, 0x00000000ccb00000, 0x00000000ccc00000|  0%| F|  |TAMS 0x00000000ccb00000, 0x00000000ccb00000| Untracked 
| 176|0x00000000ccc00000, 0x00000000ccc00000, 0x00000000ccd00000|  0%| F|  |TAMS 0x00000000ccc00000, 0x00000000ccc00000| Untracked 
| 177|0x00000000ccd00000, 0x00000000ccd00000, 0x00000000cce00000|  0%| F|  |TAMS 0x00000000ccd00000, 0x00000000ccd00000| Untracked 
| 178|0x00000000cce00000, 0x00000000cce00000, 0x00000000ccf00000|  0%| F|  |TAMS 0x00000000cce00000, 0x00000000cce00000| Untracked 
| 179|0x00000000ccf00000, 0x00000000ccf00000, 0x00000000cd000000|  0%| F|  |TAMS 0x00000000ccf00000, 0x00000000ccf00000| Untracked 
| 180|0x00000000cd000000, 0x00000000cd000000, 0x00000000cd100000|  0%| F|  |TAMS 0x00000000cd000000, 0x00000000cd000000| Untracked 
| 181|0x00000000cd100000, 0x00000000cd100000, 0x00000000cd200000|  0%| F|  |TAMS 0x00000000cd100000, 0x00000000cd100000| Untracked 
| 182|0x00000000cd200000, 0x00000000cd200000, 0x00000000cd300000|  0%| F|  |TAMS 0x00000000cd200000, 0x00000000cd200000| Untracked 
| 183|0x00000000cd300000, 0x00000000cd300000, 0x00000000cd400000|  0%| F|  |TAMS 0x00000000cd300000, 0x00000000cd300000| Untracked 
| 184|0x00000000cd400000, 0x00000000cd400000, 0x00000000cd500000|  0%| F|  |TAMS 0x00000000cd400000, 0x00000000cd400000| Untracked 
| 185|0x00000000cd500000, 0x00000000cd500000, 0x00000000cd600000|  0%| F|  |TAMS 0x00000000cd500000, 0x00000000cd500000| Untracked 
| 186|0x00000000cd600000, 0x00000000cd600000, 0x00000000cd700000|  0%| F|  |TAMS 0x00000000cd600000, 0x00000000cd600000| Untracked 
| 187|0x00000000cd700000, 0x00000000cd700000, 0x00000000cd800000|  0%| F|  |TAMS 0x00000000cd700000, 0x00000000cd700000| Untracked 
| 188|0x00000000cd800000, 0x00000000cd800000, 0x00000000cd900000|  0%| F|  |TAMS 0x00000000cd800000, 0x00000000cd800000| Untracked 
| 189|0x00000000cd900000, 0x00000000cd900000, 0x00000000cda00000|  0%| F|  |TAMS 0x00000000cd900000, 0x00000000cd900000| Untracked 
| 190|0x00000000cda00000, 0x00000000cda00000, 0x00000000cdb00000|  0%| F|  |TAMS 0x00000000cda00000, 0x00000000cda00000| Untracked 
| 191|0x00000000cdb00000, 0x00000000cdb00000, 0x00000000cdc00000|  0%| F|  |TAMS 0x00000000cdb00000, 0x00000000cdb00000| Untracked 
| 192|0x00000000cdc00000, 0x00000000cdc00000, 0x00000000cdd00000|  0%| F|  |TAMS 0x00000000cdc00000, 0x00000000cdc00000| Untracked 
| 193|0x00000000cdd00000, 0x00000000cdd00000, 0x00000000cde00000|  0%| F|  |TAMS 0x00000000cdd00000, 0x00000000cdd00000| Untracked 
| 194|0x00000000cde00000, 0x00000000cde00000, 0x00000000cdf00000|  0%| F|  |TAMS 0x00000000cde00000, 0x00000000cde00000| Untracked 
| 195|0x00000000cdf00000, 0x00000000cdf00000, 0x00000000ce000000|  0%| F|  |TAMS 0x00000000cdf00000, 0x00000000cdf00000| Untracked 
| 196|0x00000000ce000000, 0x00000000ce000000, 0x00000000ce100000|  0%| F|  |TAMS 0x00000000ce000000, 0x00000000ce000000| Untracked 
| 197|0x00000000ce100000, 0x00000000ce100000, 0x00000000ce200000|  0%| F|  |TAMS 0x00000000ce100000, 0x00000000ce100000| Untracked 
| 198|0x00000000ce200000, 0x00000000ce200000, 0x00000000ce300000|  0%| F|  |TAMS 0x00000000ce200000, 0x00000000ce200000| Untracked 
| 199|0x00000000ce300000, 0x00000000ce300000, 0x00000000ce400000|  0%| F|  |TAMS 0x00000000ce300000, 0x00000000ce300000| Untracked 
| 200|0x00000000ce400000, 0x00000000ce400000, 0x00000000ce500000|  0%| F|  |TAMS 0x00000000ce400000, 0x00000000ce400000| Untracked 
| 201|0x00000000ce500000, 0x00000000ce500000, 0x00000000ce600000|  0%| F|  |TAMS 0x00000000ce500000, 0x00000000ce500000| Untracked 
| 202|0x00000000ce600000, 0x00000000ce600000, 0x00000000ce700000|  0%| F|  |TAMS 0x00000000ce600000, 0x00000000ce600000| Untracked 
| 203|0x00000000ce700000, 0x00000000ce700000, 0x00000000ce800000|  0%| F|  |TAMS 0x00000000ce700000, 0x00000000ce700000| Untracked 
| 204|0x00000000ce800000, 0x00000000ce800000, 0x00000000ce900000|  0%| F|  |TAMS 0x00000000ce800000, 0x00000000ce800000| Untracked 
| 205|0x00000000ce900000, 0x00000000ce900000, 0x00000000cea00000|  0%| F|  |TAMS 0x00000000ce900000, 0x00000000ce900000| Untracked 
| 206|0x00000000cea00000, 0x00000000cea00000, 0x00000000ceb00000|  0%| F|  |TAMS 0x00000000cea00000, 0x00000000cea00000| Untracked 
| 207|0x00000000ceb00000, 0x00000000ceb00000, 0x00000000cec00000|  0%| F|  |TAMS 0x00000000ceb00000, 0x00000000ceb00000| Untracked 
| 208|0x00000000cec00000, 0x00000000cec00000, 0x00000000ced00000|  0%| F|  |TAMS 0x00000000cec00000, 0x00000000cec00000| Untracked 
| 209|0x00000000ced00000, 0x00000000ced00000, 0x00000000cee00000|  0%| F|  |TAMS 0x00000000ced00000, 0x00000000ced00000| Untracked 
| 210|0x00000000cee00000, 0x00000000cee00000, 0x00000000cef00000|  0%| F|  |TAMS 0x00000000cee00000, 0x00000000cee00000| Untracked 
| 211|0x00000000cef00000, 0x00000000cef00000, 0x00000000cf000000|  0%| F|  |TAMS 0x00000000cef00000, 0x00000000cef00000| Untracked 
| 212|0x00000000cf000000, 0x00000000cf000000, 0x00000000cf100000|  0%| F|  |TAMS 0x00000000cf000000, 0x00000000cf000000| Untracked 
| 213|0x00000000cf100000, 0x00000000cf100000, 0x00000000cf200000|  0%| F|  |TAMS 0x00000000cf100000, 0x00000000cf100000| Untracked 
| 214|0x00000000cf200000, 0x00000000cf200000, 0x00000000cf300000|  0%| F|  |TAMS 0x00000000cf200000, 0x00000000cf200000| Untracked 
| 215|0x00000000cf300000, 0x00000000cf300000, 0x00000000cf400000|  0%| F|  |TAMS 0x00000000cf300000, 0x00000000cf300000| Untracked 
| 216|0x00000000cf400000, 0x00000000cf400000, 0x00000000cf500000|  0%| F|  |TAMS 0x00000000cf400000, 0x00000000cf400000| Untracked 
| 217|0x00000000cf500000, 0x00000000cf500000, 0x00000000cf600000|  0%| F|  |TAMS 0x00000000cf500000, 0x00000000cf500000| Untracked 
| 218|0x00000000cf600000, 0x00000000cf600000, 0x00000000cf700000|  0%| F|  |TAMS 0x00000000cf600000, 0x00000000cf600000| Untracked 
| 219|0x00000000cf700000, 0x00000000cf700000, 0x00000000cf800000|  0%| F|  |TAMS 0x00000000cf700000, 0x00000000cf700000| Untracked 
| 220|0x00000000cf800000, 0x00000000cf800000, 0x00000000cf900000|  0%| F|  |TAMS 0x00000000cf800000, 0x00000000cf800000| Untracked 
| 221|0x00000000cf900000, 0x00000000cf900000, 0x00000000cfa00000|  0%| F|  |TAMS 0x00000000cf900000, 0x00000000cf900000| Untracked 
| 222|0x00000000cfa00000, 0x00000000cfa00000, 0x00000000cfb00000|  0%| F|  |TAMS 0x00000000cfa00000, 0x00000000cfa00000| Untracked 
| 223|0x00000000cfb00000, 0x00000000cfb00000, 0x00000000cfc00000|  0%| F|  |TAMS 0x00000000cfb00000, 0x00000000cfb00000| Untracked 
| 224|0x00000000cfc00000, 0x00000000cfc00000, 0x00000000cfd00000|  0%| F|  |TAMS 0x00000000cfc00000, 0x00000000cfc00000| Untracked 
| 225|0x00000000cfd00000, 0x00000000cfd00000, 0x00000000cfe00000|  0%| F|  |TAMS 0x00000000cfd00000, 0x00000000cfd00000| Untracked 
| 226|0x00000000cfe00000, 0x00000000cfe00000, 0x00000000cff00000|  0%| F|  |TAMS 0x00000000cfe00000, 0x00000000cfe00000| Untracked 
| 227|0x00000000cff00000, 0x00000000cff00000, 0x00000000d0000000|  0%| F|  |TAMS 0x00000000cff00000, 0x00000000cff00000| Untracked 
| 228|0x00000000d0000000, 0x00000000d0000000, 0x00000000d0100000|  0%| F|  |TAMS 0x00000000d0000000, 0x00000000d0000000| Untracked 
| 229|0x00000000d0100000, 0x00000000d0100000, 0x00000000d0200000|  0%| F|  |TAMS 0x00000000d0100000, 0x00000000d0100000| Untracked 
| 230|0x00000000d0200000, 0x00000000d0200000, 0x00000000d0300000|  0%| F|  |TAMS 0x00000000d0200000, 0x00000000d0200000| Untracked 
| 231|0x00000000d0300000, 0x00000000d0300000, 0x00000000d0400000|  0%| F|  |TAMS 0x00000000d0300000, 0x00000000d0300000| Untracked 
| 232|0x00000000d0400000, 0x00000000d0400000, 0x00000000d0500000|  0%| F|  |TAMS 0x00000000d0400000, 0x00000000d0400000| Untracked 
| 233|0x00000000d0500000, 0x00000000d0500000, 0x00000000d0600000|  0%| F|  |TAMS 0x00000000d0500000, 0x00000000d0500000| Untracked 
| 234|0x00000000d0600000, 0x00000000d0600000, 0x00000000d0700000|  0%| F|  |TAMS 0x00000000d0600000, 0x00000000d0600000| Untracked 
| 235|0x00000000d0700000, 0x00000000d0700000, 0x00000000d0800000|  0%| F|  |TAMS 0x00000000d0700000, 0x00000000d0700000| Untracked 
| 236|0x00000000d0800000, 0x00000000d0800000, 0x00000000d0900000|  0%| F|  |TAMS 0x00000000d0800000, 0x00000000d0800000| Untracked 
| 237|0x00000000d0900000, 0x00000000d0900000, 0x00000000d0a00000|  0%| F|  |TAMS 0x00000000d0900000, 0x00000000d0900000| Untracked 
| 238|0x00000000d0a00000, 0x00000000d0a00000, 0x00000000d0b00000|  0%| F|  |TAMS 0x00000000d0a00000, 0x00000000d0a00000| Untracked 
| 239|0x00000000d0b00000, 0x00000000d0b00000, 0x00000000d0c00000|  0%| F|  |TAMS 0x00000000d0b00000, 0x00000000d0b00000| Untracked 
| 240|0x00000000d0c00000, 0x00000000d0c00000, 0x00000000d0d00000|  0%| F|  |TAMS 0x00000000d0c00000, 0x00000000d0c00000| Untracked 
| 241|0x00000000d0d00000, 0x00000000d0d00000, 0x00000000d0e00000|  0%| F|  |TAMS 0x00000000d0d00000, 0x00000000d0d00000| Untracked 
| 242|0x00000000d0e00000, 0x00000000d0e00000, 0x00000000d0f00000|  0%| F|  |TAMS 0x00000000d0e00000, 0x00000000d0e00000| Untracked 
| 243|0x00000000d0f00000, 0x00000000d0f00000, 0x00000000d1000000|  0%| F|  |TAMS 0x00000000d0f00000, 0x00000000d0f00000| Untracked 
| 244|0x00000000d1000000, 0x00000000d1000000, 0x00000000d1100000|  0%| F|  |TAMS 0x00000000d1000000, 0x00000000d1000000| Untracked 
| 245|0x00000000d1100000, 0x00000000d1100000, 0x00000000d1200000|  0%| F|  |TAMS 0x00000000d1100000, 0x00000000d1100000| Untracked 
| 246|0x00000000d1200000, 0x00000000d1200000, 0x00000000d1300000|  0%| F|  |TAMS 0x00000000d1200000, 0x00000000d1200000| Untracked 
| 247|0x00000000d1300000, 0x00000000d1300000, 0x00000000d1400000|  0%| F|  |TAMS 0x00000000d1300000, 0x00000000d1300000| Untracked 
| 248|0x00000000d1400000, 0x00000000d1400000, 0x00000000d1500000|  0%| F|  |TAMS 0x00000000d1400000, 0x00000000d1400000| Untracked 
| 249|0x00000000d1500000, 0x00000000d1500000, 0x00000000d1600000|  0%| F|  |TAMS 0x00000000d1500000, 0x00000000d1500000| Untracked 
| 250|0x00000000d1600000, 0x00000000d1600000, 0x00000000d1700000|  0%| F|  |TAMS 0x00000000d1600000, 0x00000000d1600000| Untracked 
| 251|0x00000000d1700000, 0x00000000d1700000, 0x00000000d1800000|  0%| F|  |TAMS 0x00000000d1700000, 0x00000000d1700000| Untracked 
| 252|0x00000000d1800000, 0x00000000d1800000, 0x00000000d1900000|  0%| F|  |TAMS 0x00000000d1800000, 0x00000000d1800000| Untracked 
| 253|0x00000000d1900000, 0x00000000d1900000, 0x00000000d1a00000|  0%| F|  |TAMS 0x00000000d1900000, 0x00000000d1900000| Untracked 
| 254|0x00000000d1a00000, 0x00000000d1a00000, 0x00000000d1b00000|  0%| F|  |TAMS 0x00000000d1a00000, 0x00000000d1a00000| Untracked 
| 255|0x00000000d1b00000, 0x00000000d1b00000, 0x00000000d1c00000|  0%| F|  |TAMS 0x00000000d1b00000, 0x00000000d1b00000| Untracked 
| 256|0x00000000d1c00000, 0x00000000d1c00000, 0x00000000d1d00000|  0%| F|  |TAMS 0x00000000d1c00000, 0x00000000d1c00000| Untracked 
| 257|0x00000000d1d00000, 0x00000000d1d00000, 0x00000000d1e00000|  0%| F|  |TAMS 0x00000000d1d00000, 0x00000000d1d00000| Untracked 
| 258|0x00000000d1e00000, 0x00000000d1e00000, 0x00000000d1f00000|  0%| F|  |TAMS 0x00000000d1e00000, 0x00000000d1e00000| Untracked 
| 259|0x00000000d1f00000, 0x00000000d1f00000, 0x00000000d2000000|  0%| F|  |TAMS 0x00000000d1f00000, 0x00000000d1f00000| Untracked 
| 260|0x00000000d2000000, 0x00000000d2000000, 0x00000000d2100000|  0%| F|  |TAMS 0x00000000d2000000, 0x00000000d2000000| Untracked 
| 261|0x00000000d2100000, 0x00000000d2100000, 0x00000000d2200000|  0%| F|  |TAMS 0x00000000d2100000, 0x00000000d2100000| Untracked 
| 262|0x00000000d2200000, 0x00000000d2200000, 0x00000000d2300000|  0%| F|  |TAMS 0x00000000d2200000, 0x00000000d2200000| Untracked 
| 263|0x00000000d2300000, 0x00000000d2300000, 0x00000000d2400000|  0%| F|  |TAMS 0x00000000d2300000, 0x00000000d2300000| Untracked 
| 264|0x00000000d2400000, 0x00000000d2400000, 0x00000000d2500000|  0%| F|  |TAMS 0x00000000d2400000, 0x00000000d2400000| Untracked 

Card table byte_map: [0x00000275e4b10000,0x00000275e4d10000] _byte_map_base: 0x00000275e4502000

Marking Bits (Prev, Next): (CMBitMap*) 0x00000275deec7370, (CMBitMap*) 0x00000275deec73b0
 Prev Bits: [0x00000275e4f10000, 0x00000275e5ea0000)
 Next Bits: [0x00000275e5ea0000, 0x00000275e6e30000)

Polling page: 0x00000275de650000

Metaspace:

Usage:
  Non-class:     29.83 MB used.
      Class:      4.46 MB used.
       Both:     34.29 MB used.

Virtual space:
  Non-class space:       32.00 MB reserved,      30.00 MB ( 94%) committed,  4 nodes.
      Class space:        1.00 GB reserved,       4.62 MB ( <1%) committed,  1 nodes.
             Both:        1.03 GB reserved,      34.62 MB (  3%) committed. 

Chunk freelists:
   Non-Class:  1.61 MB
       Class:  3.35 MB
        Both:  4.96 MB

MaxMetaspaceSize: unlimited
CompressedClassSpaceSize: 1.00 GB
Initial GC threshold: 21.00 MB
Current GC threshold: 57.31 MB
CDS: off
MetaspaceReclaimPolicy: balanced
 - commit_granule_bytes: 65536.
 - commit_granule_words: 8192.
 - virtual_space_node_default_size: 1048576.
 - enlarge_chunks_in_place: 1.
 - new_chunks_are_fully_committed: 0.
 - uncommit_free_chunks: 1.
 - use_allocation_guard: 0.
 - handle_deallocations: 1.


Internal statistics:

num_allocs_failed_limit: 5.
num_arena_births: 300.
num_arena_deaths: 0.
num_vsnodes_births: 5.
num_vsnodes_deaths: 0.
num_space_committed: 554.
num_space_uncommitted: 0.
num_chunks_returned_to_freelist: 5.
num_chunks_taken_from_freelist: 1284.
num_chunk_merges: 5.
num_chunk_splits: 892.
num_chunks_enlarged: 703.
num_purges: 0.
num_inconsistent_stats: 0.

CodeCache: size=49152Kb used=7790Kb max_used=8353Kb free=41361Kb
 bounds [0x00000275e1b10000, 0x00000275e2340000, 0x00000275e4b10000]
 total_blobs=4154 nmethods=3630 adapters=450
 compilation: enabled
              stopped_count=0, restarted_count=0
 full_count=0

Compilation events (20 events):
Event: 6.809 Thread 0x00000275e931d4f0 3610       1       jdk.internal.jimage.ImageReader::releaseByteBuffer (5 bytes)
Event: 6.809 Thread 0x00000275ea608370 nmethod 3626 0x00000275e2334c90 code [0x00000275e2334e40, 0x00000275e2335018]
Event: 6.809 Thread 0x00000275ea608370 3622       1       io.github.classgraph.ClasspathElementModule$1$1::<init> (16 bytes)
Event: 6.809 Thread 0x00000275e9ef21f0 nmethod 3608 0x00000275e232fe90 code [0x00000275e23306c0, 0x00000275e2333208]
Event: 6.809 Thread 0x00000275e931d4f0 nmethod 3610 0x00000275e2335110 code [0x00000275e23352a0, 0x00000275e23353e8]
Event: 6.809 Thread 0x00000275e931d4f0 3614       1       jdk.internal.jimage.BasicImageReader::releaseByteBuffer (16 bytes)
Event: 6.809 Thread 0x00000275e9ef21f0 3624       1       nonapi.io.github.classgraph.utils.ProxyingInputStream::<init> (10 bytes)
Event: 6.810 Thread 0x00000275ea608370 nmethod 3622 0x00000275e2335490 code [0x00000275e2335620, 0x00000275e23357f8]
Event: 6.810 Thread 0x00000275ea608370 3619       1       jdk.internal.jimage.decompressor.ZipDecompressor::decompress (10 bytes)
Event: 6.810 Thread 0x00000275e9ef21f0 nmethod 3624 0x00000275e2335890 code [0x00000275e2335a20, 0x00000275e2335b38]
Event: 6.810 Thread 0x00000275e931d4f0 nmethod 3614 0x00000275e2335b90 code [0x00000275e2335d20, 0x00000275e2335e68]
Event: 6.810 Thread 0x00000275ea608370 nmethod 3619 0x00000275e2335f10 code [0x00000275e23360a0, 0x00000275e2336188]
Event: 6.843 Thread 0x00000275ea608370 3627  s!   1       jdk.internal.loader.URLClassPath::getLoader (196 bytes)
Event: 6.845 Thread 0x00000275ea608370 nmethod 3627 0x00000275e2336210 code [0x00000275e23364c0, 0x00000275e2336ed8]
Event: 7.018 Thread 0x00000275ea608370 3628       1       java.util.concurrent.ConcurrentHashMap::resizeStamp (9 bytes)
Event: 7.019 Thread 0x00000275ea608370 nmethod 3628 0x00000275e2337b90 code [0x00000275e2337d20, 0x00000275e2337de8]
Event: 7.020 Thread 0x00000275ea608370 3629       1       java.util.concurrent.ConcurrentHashMap::helpTransfer (123 bytes)
Event: 7.020 Thread 0x00000275ea608370 nmethod 3629 0x00000275e2337e90 code [0x00000275e2338040, 0x00000275e23382b8]
Event: 7.584 Thread 0x00000275e9ef21f0 3630       1       java.util.concurrent.locks.ReentrantLock$NonfairSync::tryAcquire (27 bytes)
Event: 7.585 Thread 0x00000275e9ef21f0 nmethod 3630 0x00000275e2338410 code [0x00000275e23385a0, 0x00000275e2338718]

GC Heap History (20 events):
Event: 6.044 GC heap after
{Heap after GC invocations=15 (full 0):
 garbage-first heap   total 70656K, used 35509K [0x00000000c1c00000, 0x0000000100000000)
  region size 1024K, 3 young (3072K), 3 survivors (3072K)
 Metaspace       used 33414K, committed 33664K, reserved 1081344K
  class space    used 4251K, committed 4352K, reserved 1048576K
}
Event: 6.103 GC heap before
{Heap before GC invocations=15 (full 0):
 garbage-first heap   total 70656K, used 52917K [0x00000000c1c00000, 0x0000000100000000)
  region size 1024K, 20 young (20480K), 3 survivors (3072K)
 Metaspace       used 33506K, committed 33728K, reserved 1081344K
  class space    used 4266K, committed 4352K, reserved 1048576K
}
Event: 6.113 GC heap after
{Heap after GC invocations=16 (full 0):
 garbage-first heap   total 70656K, used 41546K [0x00000000c1c00000, 0x0000000100000000)
  region size 1024K, 3 young (3072K), 3 survivors (3072K)
 Metaspace       used 33506K, committed 33728K, reserved 1081344K
  class space    used 4266K, committed 4352K, reserved 1048576K
}
Event: 6.258 GC heap before
{Heap before GC invocations=17 (full 0):
 garbage-first heap   total 89088K, used 52810K [0x00000000c1c00000, 0x0000000100000000)
  region size 1024K, 14 young (14336K), 3 survivors (3072K)
 Metaspace       used 33739K, committed 33984K, reserved 1081344K
  class space    used 4305K, committed 4416K, reserved 1048576K
}
Event: 6.268 GC heap after
{Heap after GC invocations=18 (full 0):
 garbage-first heap   total 89088K, used 45196K [0x00000000c1c00000, 0x0000000100000000)
  region size 1024K, 2 young (2048K), 2 survivors (2048K)
 Metaspace       used 33739K, committed 33984K, reserved 1081344K
  class space    used 4305K, committed 4416K, reserved 1048576K
}
Event: 6.569 GC heap before
{Heap before GC invocations=18 (full 0):
 garbage-first heap   total 89088K, used 59532K [0x00000000c1c00000, 0x0000000100000000)
  region size 1024K, 18 young (18432K), 2 survivors (2048K)
 Metaspace       used 34914K, committed 35200K, reserved 1081344K
  class space    used 4543K, committed 4672K, reserved 1048576K
}
Event: 6.582 GC heap after
{Heap after GC invocations=19 (full 0):
 garbage-first heap   total 89088K, used 48257K [0x00000000c1c00000, 0x0000000100000000)
  region size 1024K, 3 young (3072K), 3 survivors (3072K)
 Metaspace       used 34914K, committed 35200K, reserved 1081344K
  class space    used 4543K, committed 4672K, reserved 1048576K
}
Event: 6.706 GC heap before
{Heap before GC invocations=19 (full 0):
 garbage-first heap   total 117760K, used 67713K [0x00000000c1c00000, 0x0000000100000000)
  region size 1024K, 21 young (21504K), 3 survivors (3072K)
 Metaspace       used 34921K, committed 35264K, reserved 1081344K
  class space    used 4546K, committed 4736K, reserved 1048576K
}
Event: 6.724 GC heap after
{Heap after GC invocations=20 (full 0):
 garbage-first heap   total 271360K, used 59555K [0x00000000c1c00000, 0x0000000100000000)
  region size 1024K, 3 young (3072K), 3 survivors (3072K)
 Metaspace       used 34921K, committed 35264K, reserved 1081344K
  class space    used 4546K, committed 4736K, reserved 1048576K
}
Event: 6.957 GC heap before
{Heap before GC invocations=21 (full 0):
 garbage-first heap   total 271360K, used 188579K [0x00000000c1c00000, 0x0000000100000000)
  region size 1024K, 130 young (133120K), 3 survivors (3072K)
 Metaspace       used 35113K, committed 35456K, reserved 1081344K
  class space    used 4568K, committed 4736K, reserved 1048576K
}
Event: 6.978 GC heap after
{Heap after GC invocations=22 (full 0):
 garbage-first heap   total 271360K, used 67006K [0x00000000c1c00000, 0x0000000100000000)
  region size 1024K, 11 young (11264K), 11 survivors (11264K)
 Metaspace       used 35113K, committed 35456K, reserved 1081344K
  class space    used 4568K, committed 4736K, reserved 1048576K
}
Event: 6.980 GC heap before
{Heap before GC invocations=22 (full 0):
 garbage-first heap   total 271360K, used 68030K [0x00000000c1c00000, 0x0000000100000000)
  region size 1024K, 13 young (13312K), 11 survivors (11264K)
 Metaspace       used 35113K, committed 35456K, reserved 1081344K
  class space    used 4568K, committed 4736K, reserved 1048576K
}
Event: 6.991 GC heap after
{Heap after GC invocations=23 (full 0):
 garbage-first heap   total 271360K, used 67842K [0x00000000c1c00000, 0x0000000100000000)
  region size 1024K, 1 young (1024K), 1 survivors (1024K)
 Metaspace       used 35113K, committed 35456K, reserved 1081344K
  class space    used 4568K, committed 4736K, reserved 1048576K
}
Event: 7.109 GC heap before
{Heap before GC invocations=23 (full 0):
 garbage-first heap   total 271360K, used 197890K [0x00000000c1c00000, 0x0000000100000000)
  region size 1024K, 129 young (132096K), 1 survivors (1024K)
 Metaspace       used 35113K, committed 35456K, reserved 1081344K
  class space    used 4568K, committed 4736K, reserved 1048576K
}
Event: 7.114 GC heap after
{Heap after GC invocations=24 (full 0):
 garbage-first heap   total 271360K, used 71938K [0x00000000c1c00000, 0x0000000100000000)
  region size 1024K, 5 young (5120K), 5 survivors (5120K)
 Metaspace       used 35113K, committed 35456K, reserved 1081344K
  class space    used 4568K, committed 4736K, reserved 1048576K
}
Event: 7.295 GC heap before
{Heap before GC invocations=24 (full 0):
 garbage-first heap   total 271360K, used 208130K [0x00000000c1c00000, 0x0000000100000000)
  region size 1024K, 139 young (142336K), 5 survivors (5120K)
 Metaspace       used 35113K, committed 35456K, reserved 1081344K
  class space    used 4568K, committed 4736K, reserved 1048576K
}
Event: 7.304 GC heap after
{Heap after GC invocations=25 (full 0):
 garbage-first heap   total 271360K, used 77878K [0x00000000c1c00000, 0x0000000100000000)
  region size 1024K, 11 young (11264K), 11 survivors (11264K)
 Metaspace       used 35113K, committed 35456K, reserved 1081344K
  class space    used 4568K, committed 4736K, reserved 1048576K
}
Event: 7.454 GC heap before
{Heap before GC invocations=25 (full 0):
 garbage-first heap   total 271360K, used 213046K [0x00000000c1c00000, 0x0000000100000000)
  region size 1024K, 144 young (147456K), 11 survivors (11264K)
 Metaspace       used 35114K, committed 35456K, reserved 1081344K
  class space    used 4568K, committed 4736K, reserved 1048576K
}
Event: 7.464 GC heap after
{Heap after GC invocations=26 (full 0):
 garbage-first heap   total 271360K, used 83381K [0x00000000c1c00000, 0x0000000100000000)
  region size 1024K, 12 young (12288K), 12 survivors (12288K)
 Metaspace       used 35114K, committed 35456K, reserved 1081344K
  class space    used 4568K, committed 4736K, reserved 1048576K
}
Event: 7.613 GC heap before
{Heap before GC invocations=26 (full 0):
 garbage-first heap   total 271360K, used 218549K [0x00000000c1c00000, 0x0000000100000000)
  region size 1024K, 145 young (148480K), 12 survivors (12288K)
 Metaspace       used 35114K, committed 35456K, reserved 1081344K
  class space    used 4568K, committed 4736K, reserved 1048576K
}

Deoptimization events (12 events):
Event: 2.177 Thread 0x00000275dee8a000 DEOPT PACKING pc=0x00000275e1fb8419 sp=0x000000b0ccefcf80
Event: 2.177 Thread 0x00000275dee8a000 DEOPT UNPACKING pc=0x00000275e1b62b43 sp=0x000000b0ccefc460 mode 3
Event: 5.037 Thread 0x00000275dee8a000 DEOPT PACKING pc=0x00000275e210db99 sp=0x000000b0ccefc4f0
Event: 5.038 Thread 0x00000275dee8a000 DEOPT UNPACKING pc=0x00000275e1b62b43 sp=0x000000b0ccefb9d0 mode 3
Event: 5.177 Thread 0x00000275ebaeefc0 DEOPT PACKING pc=0x00000275e216dc2b sp=0x000000b0ce5fe9f0
Event: 5.177 Thread 0x00000275ebaeefc0 DEOPT UNPACKING pc=0x00000275e1b62b43 sp=0x000000b0ce5fdf38 mode 3
Event: 5.647 Thread 0x00000275ebcad220 DEOPT PACKING pc=0x00000275e1fb9481 sp=0x000000b0ce7ff020
Event: 5.647 Thread 0x00000275ebcad220 DEOPT UNPACKING pc=0x00000275e1b62b43 sp=0x000000b0ce7fe4b0 mode 3
Event: 6.281 Thread 0x00000275eb9ef070 DEOPT PACKING pc=0x00000275e22d9135 sp=0x000000b0cf2fda20
Event: 6.281 Thread 0x00000275eb9ef070 DEOPT UNPACKING pc=0x00000275e1b62b43 sp=0x000000b0cf2fcf48 mode 3
Event: 6.498 Thread 0x00000275ebcd09c0 DEOPT PACKING pc=0x00000275e1fb1c17 sp=0x000000b0cecff010
Event: 6.498 Thread 0x00000275ebcd09c0 DEOPT UNPACKING pc=0x00000275e1b62b43 sp=0x000000b0cecfe468 mode 3

Classes unloaded (0 events):
No events

Classes redefined (0 events):
No events

Internal exceptions (20 events):
Event: 5.235 Thread 0x00000275ebcac950 Exception <a 'sun/nio/fs/WindowsException'{0x00000000c4c2bea0}> (0x00000000c4c2bea0) 
thrown [s\src\hotspot\share\prims\jni.cpp, line 516]
Event: 5.236 Thread 0x00000275ebcac950 Exception <a 'sun/nio/fs/WindowsException'{0x00000000c4c2c248}> (0x00000000c4c2c248) 
thrown [s\src\hotspot\share\prims\jni.cpp, line 516]
Event: 5.237 Thread 0x00000275ebcac950 Exception <a 'sun/nio/fs/WindowsException'{0x00000000c4c2cc48}> (0x00000000c4c2cc48) 
thrown [s\src\hotspot\share\prims\jni.cpp, line 516]
Event: 5.237 Thread 0x00000275ebcac950 Exception <a 'sun/nio/fs/WindowsException'{0x00000000c4c2d008}> (0x00000000c4c2d008) 
thrown [s\src\hotspot\share\prims\jni.cpp, line 516]
Event: 5.237 Thread 0x00000275ebcac950 Exception <a 'sun/nio/fs/WindowsException'{0x00000000c4c2da08}> (0x00000000c4c2da08) 
thrown [s\src\hotspot\share\prims\jni.cpp, line 516]
Event: 5.237 Thread 0x00000275ebcac950 Exception <a 'sun/nio/fs/WindowsException'{0x00000000c4c2ddb8}> (0x00000000c4c2ddb8) 
thrown [s\src\hotspot\share\prims\jni.cpp, line 516]
Event: 5.237 Thread 0x00000275ebcac950 Exception <a 'sun/nio/fs/WindowsException'{0x00000000c4c2e7b8}> (0x00000000c4c2e7b8) 
thrown [s\src\hotspot\share\prims\jni.cpp, line 516]
Event: 5.237 Thread 0x00000275ebcac950 Exception <a 'sun/nio/fs/WindowsException'{0x00000000c4c2eb78}> (0x00000000c4c2eb78) 
thrown [s\src\hotspot\share\prims\jni.cpp, line 516]
Event: 5.238 Thread 0x00000275ebcac950 Exception <a 'sun/nio/fs/WindowsException'{0x00000000c4c2f5a0}> (0x00000000c4c2f5a0) 
thrown [s\src\hotspot\share\prims\jni.cpp, line 516]
Event: 5.238 Thread 0x00000275ebcac950 Exception <a 'sun/nio/fs/WindowsException'{0x00000000c4c2f980}> (0x00000000c4c2f980) 
thrown [s\src\hotspot\share\prims\jni.cpp, line 516]
Event: 5.238 Thread 0x00000275ebcac950 Exception <a 'sun/nio/fs/WindowsException'{0x00000000c4c303b8}> (0x00000000c4c303b8) 
thrown [s\src\hotspot\share\prims\jni.cpp, line 516]
Event: 5.238 Thread 0x00000275ebcac950 Exception <a 'sun/nio/fs/WindowsException'{0x00000000c4c307a8}> (0x00000000c4c307a8) 
thrown [s\src\hotspot\share\prims\jni.cpp, line 516]
Event: 5.238 Thread 0x00000275ebcac950 Exception <a 'sun/nio/fs/WindowsException'{0x00000000c4c311d0}> (0x00000000c4c311d0) 
thrown [s\src\hotspot\share\prims\jni.cpp, line 516]
Event: 5.238 Thread 0x00000275ebcac950 Exception <a 'sun/nio/fs/WindowsException'{0x00000000c4c315c0}> (0x00000000c4c315c0) 
thrown [s\src\hotspot\share\prims\jni.cpp, line 516]
Event: 5.498 Thread 0x00000275dee8a000 Exception <a 'java/lang/NoSuchMethodError'{0x00000000c5b421a8}: 'java.lang.Object java.lang.invoke.DirectMethodHandle$Holder.newInvokeSpecial(java.lang.Object, java.lang.Object, int, java.lang.Object, java.lang.Object)'> (0x00000000c5b421a8) 
thrown [s\src\hotspot\share\interpreter\linkResolver.cpp, line 759]
Event: 6.271 Thread 0x00000275eb9efa10 Exception <a 'java/lang/NoSuchMethodError'{0x00000000c721f038}: 'java.lang.Object java.lang.invoke.DirectMethodHandle$Holder.invokeStatic(java.lang.Object, java.lang.Object, java.lang.Object, int, java.lang.Object, java.lang.Object)'> (0x00000000c721f038) 
thrown [s\src\hotspot\share\interpreter\linkResolver.cpp, line 759]
Event: 6.275 Thread 0x00000275eb9ef070 Exception <a 'java/lang/NoSuchMethodError'{0x00000000c7246280}: 'java.lang.Object java.lang.invoke.DirectMethodHandle$Holder.invokeStatic(java.lang.Object, int, java.lang.Object)'> (0x00000000c7246280) 
thrown [s\src\hotspot\share\interpreter\linkResolver.cpp, line 759]
Event: 6.452 Thread 0x00000275ed815b90 Exception <a 'java/lang/NoSuchMethodError'{0x00000000c68b8be0}: 'int java.lang.invoke.DirectMethodHandle$Holder.invokeStatic(java.lang.Object)'> (0x00000000c68b8be0) 
thrown [s\src\hotspot\share\interpreter\linkResolver.cpp, line 759]
Event: 6.453 Thread 0x00000275ed815b90 Exception <a 'java/lang/NoSuchMethodError'{0x00000000c68bc090}: 'int java.lang.invoke.DirectMethodHandle$Holder.invokeStaticInit(java.lang.Object)'> (0x00000000c68bc090) 
thrown [s\src\hotspot\share\interpreter\linkResolver.cpp, line 759]
Event: 6.483 Thread 0x00000275eb9efa10 Exception <a 'java/lang/NoSuchMethodError'{0x00000000c67faae0}: 'int java.lang.invoke.DirectMethodHandle$Holder.invokeVirtual(java.lang.Object, java.lang.Object)'> (0x00000000c67faae0) 
thrown [s\src\hotspot\share\interpreter\linkResolver.cpp, line 759]

VM Operations (20 events):
Event: 6.826 Executing VM operation: HandshakeAllThreads done
Event: 6.828 Executing VM operation: HandshakeAllThreads
Event: 6.842 Executing VM operation: HandshakeAllThreads done
Event: 6.957 Executing VM operation: G1CollectForAllocation
Event: 6.978 Executing VM operation: G1CollectForAllocation done
Event: 6.980 Executing VM operation: G1CollectForAllocation
Event: 6.991 Executing VM operation: G1CollectForAllocation done
Event: 7.108 Executing VM operation: G1CollectForAllocation
Event: 7.109 Executing VM operation: G1CollectForAllocation done
Event: 7.109 Executing VM operation: G1CollectForAllocation
Event: 7.114 Executing VM operation: G1CollectForAllocation done
Event: 7.294 Executing VM operation: G1CollectForAllocation
Event: 7.295 Executing VM operation: G1CollectForAllocation done
Event: 7.295 Executing VM operation: G1CollectForAllocation
Event: 7.304 Executing VM operation: G1CollectForAllocation done
Event: 7.453 Executing VM operation: G1CollectForAllocation
Event: 7.465 Executing VM operation: G1CollectForAllocation done
Event: 7.613 Executing VM operation: G1CollectForAllocation
Event: 7.613 Executing VM operation: G1CollectForAllocation done
Event: 7.613 Executing VM operation: G1CollectForAllocation

Events (20 events):
Event: 6.330 loading class java/util/concurrent/CompletableFuture$UniCompose done
Event: 6.330 Thread 0x00000275ed8126a0 Thread added: 0x00000275ed8126a0
Event: 6.332 Thread 0x00000275ed813eb0 Thread added: 0x00000275ed813eb0
Event: 6.332 loading class java/util/concurrent/CompletableFuture$UniRelay
Event: 6.332 loading class java/util/concurrent/CompletableFuture$UniRelay done
Event: 6.416 Thread 0x00000275ed815b90 Thread added: 0x00000275ed815b90
Event: 6.467 Thread 0x00000275ed814380 Thread added: 0x00000275ed814380
Event: 6.474 loading class java/util/concurrent/CompletionException
Event: 6.474 loading class java/util/concurrent/CompletionException done
Event: 6.487 loading class java/io/PrintWriter
Event: 6.487 loading class java/io/PrintWriter done
Event: 6.491 loading class sun/nio/cs/StringUTF16
Event: 6.491 loading class sun/nio/cs/StringUTF16 done
Event: 6.493 loading class java/util/WeakHashMap$EntrySet
Event: 6.493 loading class java/util/WeakHashMap$EntrySet done
Event: 6.493 loading class java/util/WeakHashMap$EntryIterator
Event: 6.493 loading class java/util/WeakHashMap$HashIterator
Event: 6.493 loading class java/util/WeakHashMap$HashIterator done
Event: 6.493 loading class java/util/WeakHashMap$EntryIterator done
Event: 7.585 Thread 0x00000275ea608370 Thread exited: 0x00000275ea608370


Dynamic libraries:
0x00007ff7c2120000 - 0x00007ff7c212e000 	c:\Users\sysic\.vscode\extensions\redhat.java-1.10.0-win32-x64\jre\17.0.4-win32-x86_64\bin\java.exe
0x00007ff888f30000 - 0x00007ff889128000 	C:\WINDOWS\SYSTEM32\ntdll.dll
0x00007ff888300000 - 0x00007ff8883bd000 	C:\WINDOWS\System32\KERNEL32.DLL
0x00007ff8868a0000 - 0x00007ff886b6e000 	C:\WINDOWS\System32\KERNELBASE.dll
0x00007ff883960000 - 0x00007ff8839f0000 	C:\WINDOWS\SYSTEM32\apphelp.dll
0x00007ff886de0000 - 0x00007ff886ee0000 	C:\WINDOWS\System32\ucrtbase.dll
0x00007ff864c00000 - 0x00007ff864c19000 	c:\Users\sysic\.vscode\extensions\redhat.java-1.10.0-win32-x64\jre\17.0.4-win32-x86_64\bin\VCRUNTIME140.dll
0x00007ff86c450000 - 0x00007ff86c468000 	c:\Users\sysic\.vscode\extensions\redhat.java-1.10.0-win32-x64\jre\17.0.4-win32-x86_64\bin\jli.dll
0x00007ff888920000 - 0x00007ff888ac0000 	C:\WINDOWS\System32\USER32.dll
0x00007ff86d520000 - 0x00007ff86d7ba000 	C:\WINDOWS\WinSxS\amd64_microsoft.windows.common-controls_6595b64144ccf1df_6.0.19041.1110_none_60b5254171f9507e\COMCTL32.dll
0x00007ff886db0000 - 0x00007ff886dd2000 	C:\WINDOWS\System32\win32u.dll
0x00007ff8882d0000 - 0x00007ff8882fa000 	C:\WINDOWS\System32\GDI32.dll
0x00007ff8880e0000 - 0x00007ff88817e000 	C:\WINDOWS\System32\msvcrt.dll
0x00007ff886b70000 - 0x00007ff886c7b000 	C:\WINDOWS\System32\gdi32full.dll
0x00007ff886c80000 - 0x00007ff886d1d000 	C:\WINDOWS\System32\msvcp_win.dll
0x00007ff886f90000 - 0x00007ff886fc0000 	C:\WINDOWS\System32\IMM32.DLL
0x00007ff87efe0000 - 0x00007ff87efec000 	c:\Users\sysic\.vscode\extensions\redhat.java-1.10.0-win32-x64\jre\17.0.4-win32-x86_64\bin\vcruntime140_1.dll
0x00007ff83e360000 - 0x00007ff83e3f1000 	c:\Users\sysic\.vscode\extensions\redhat.java-1.10.0-win32-x64\jre\17.0.4-win32-x86_64\bin\msvcp140.dll
0x00007fffcd660000 - 0x00007fffce2a6000 	c:\Users\sysic\.vscode\extensions\redhat.java-1.10.0-win32-x64\jre\17.0.4-win32-x86_64\bin\server\jvm.dll
0x00007ff887870000 - 0x00007ff88791e000 	C:\WINDOWS\System32\ADVAPI32.dll
0x00007ff888880000 - 0x00007ff88891c000 	C:\WINDOWS\System32\sechost.dll
0x00007ff8884f0000 - 0x00007ff888615000 	C:\WINDOWS\System32\RPCRT4.dll
0x00007ff887720000 - 0x00007ff887728000 	C:\WINDOWS\System32\PSAPI.DLL
0x00007ff873030000 - 0x00007ff873039000 	C:\WINDOWS\SYSTEM32\WSOCK32.dll
0x00007ff86c360000 - 0x00007ff86c387000 	C:\WINDOWS\SYSTEM32\WINMM.dll
0x00007ff8887b0000 - 0x00007ff88881b000 	C:\WINDOWS\System32\WS2_32.dll
0x00007ff877ba0000 - 0x00007ff877baa000 	C:\WINDOWS\SYSTEM32\VERSION.dll
0x00007ff885120000 - 0x00007ff885132000 	C:\WINDOWS\SYSTEM32\kernel.appcore.dll
0x00007ff87e2c0000 - 0x00007ff87e2ca000 	c:\Users\sysic\.vscode\extensions\redhat.java-1.10.0-win32-x64\jre\17.0.4-win32-x86_64\bin\jimage.dll
0x00007ff884b50000 - 0x00007ff884d34000 	C:\WINDOWS\SYSTEM32\DBGHELP.DLL
0x00007ff86eed0000 - 0x00007ff86eefc000 	C:\WINDOWS\SYSTEM32\dbgcore.DLL
0x00007ff886d20000 - 0x00007ff886da2000 	C:\WINDOWS\System32\bcryptPrimitives.dll
0x00007ff862340000 - 0x00007ff862365000 	c:\Users\sysic\.vscode\extensions\redhat.java-1.10.0-win32-x64\jre\17.0.4-win32-x86_64\bin\java.dll
0x00007ff85f300000 - 0x00007ff85f318000 	c:\Users\sysic\.vscode\extensions\redhat.java-1.10.0-win32-x64\jre\17.0.4-win32-x86_64\bin\zip.dll
0x00007ff886fd0000 - 0x00007ff887714000 	C:\WINDOWS\System32\SHELL32.dll
0x00007ff8842e0000 - 0x00007ff884a74000 	C:\WINDOWS\SYSTEM32\windows.storage.dll
0x00007ff888ac0000 - 0x00007ff888e14000 	C:\WINDOWS\System32\combase.dll
0x00007ff885fd0000 - 0x00007ff886000000 	C:\WINDOWS\SYSTEM32\Wldp.dll
0x00007ff888440000 - 0x00007ff8884ed000 	C:\WINDOWS\System32\SHCORE.dll
0x00007ff887e20000 - 0x00007ff887e75000 	C:\WINDOWS\System32\shlwapi.dll
0x00007ff886590000 - 0x00007ff8865af000 	C:\WINDOWS\SYSTEM32\profapi.dll
0x00007ff85f2e0000 - 0x00007ff85f2f9000 	C:\Users\sysic\.vscode\extensions\redhat.java-1.10.0-win32-x64\jre\17.0.4-win32-x86_64\bin\net.dll
0x00007ff876b60000 - 0x00007ff876c6a000 	C:\WINDOWS\SYSTEM32\WINHTTP.dll
0x00007ff885db0000 - 0x00007ff885e1a000 	C:\WINDOWS\system32\mswsock.dll
0x00007ff85dd50000 - 0x00007ff85dd65000 	C:\Users\sysic\.vscode\extensions\redhat.java-1.10.0-win32-x64\jre\17.0.4-win32-x86_64\bin\nio.dll
0x00007ff864be0000 - 0x00007ff864bf0000 	c:\Users\sysic\.vscode\extensions\redhat.java-1.10.0-win32-x64\jre\17.0.4-win32-x86_64\bin\verify.dll
0x00007ff85e3a0000 - 0x00007ff85e3a9000 	C:\Users\sysic\.vscode\extensions\redhat.java-1.10.0-win32-x64\jre\17.0.4-win32-x86_64\bin\management.dll
0x00007ff85e390000 - 0x00007ff85e39b000 	C:\Users\sysic\.vscode\extensions\redhat.java-1.10.0-win32-x64\jre\17.0.4-win32-x86_64\bin\management_ext.dll
0x00007ff85aa80000 - 0x00007ff85aa97000 	C:\WINDOWS\system32\napinsp.dll
0x00007ff85aa60000 - 0x00007ff85aa7b000 	C:\WINDOWS\system32\pnrpnsp.dll
0x00007ff8801c0000 - 0x00007ff8801d5000 	C:\WINDOWS\system32\wshbth.dll
0x00007ff8818a0000 - 0x00007ff8818bd000 	C:\WINDOWS\system32\NLAapi.dll
0x00007ff885a70000 - 0x00007ff885aab000 	C:\WINDOWS\SYSTEM32\IPHLPAPI.DLL
0x00007ff885ac0000 - 0x00007ff885b8a000 	C:\WINDOWS\SYSTEM32\DNSAPI.dll
0x00007ff886fc0000 - 0x00007ff886fc8000 	C:\WINDOWS\System32\NSI.dll
0x00007ff85a840000 - 0x00007ff85a852000 	C:\WINDOWS\System32\winrnr.dll
0x0000000050110000 - 0x0000000050136000 	C:\Program Files\Bonjour\mdnsNSP.dll
0x00007ff87b540000 - 0x00007ff87b54a000 	C:\Windows\System32\rasadhlp.dll
0x00007ff875320000 - 0x00007ff8753a0000 	C:\WINDOWS\System32\fwpuclnt.dll
0x00007ff886710000 - 0x00007ff886737000 	C:\WINDOWS\System32\bcrypt.dll
0x00007ff886310000 - 0x00007ff886328000 	C:\WINDOWS\SYSTEM32\CRYPTSP.dll
0x00007ff8856e0000 - 0x00007ff885714000 	C:\WINDOWS\system32\rsaenh.dll
0x00007ff886550000 - 0x00007ff88657e000 	C:\WINDOWS\SYSTEM32\USERENV.dll
0x00007ff885f40000 - 0x00007ff885f4c000 	C:\WINDOWS\SYSTEM32\CRYPTBASE.dll
0x00007ff876610000 - 0x00007ff876627000 	C:\WINDOWS\SYSTEM32\dhcpcsvc6.DLL
0x00007ff876f00000 - 0x00007ff876f1d000 	C:\WINDOWS\SYSTEM32\dhcpcsvc.DLL

dbghelp: loaded successfully - version: 4.0.5 - missing functions: none
symbol engine: initialized successfully - sym options: 0x614 - pdb path: .;c:\Users\sysic\.vscode\extensions\redhat.java-1.10.0-win32-x64\jre\17.0.4-win32-x86_64\bin;C:\WINDOWS\SYSTEM32;C:\WINDOWS\WinSxS\amd64_microsoft.windows.common-controls_6595b64144ccf1df_6.0.19041.1110_none_60b5254171f9507e;c:\Users\sysic\.vscode\extensions\redhat.java-1.10.0-win32-x64\jre\17.0.4-win32-x86_64\bin\server;C:\Program Files\Bonjour

VM Arguments:
jvm_args: -Dsts.lsp.client=vscode -Dsts.log.file=/dev/null -XX:TieredStopAtLevel=1 -Dspring.config.location=file:c:\Users\sysic\.vscode\extensions\pivotal.vscode-spring-boot-1.38.0\language-server\BOOT-INF\classes\application.properties 
java_command: org.springframework.ide.vscode.boot.app.BootLanguageServerBootApp
java_class_path (initial): c:\Users\sysic\.vscode\extensions\pivotal.vscode-spring-boot-1.38.0\language-server\BOOT-INF\classes;c:\Users\sysic\.vscode\extensions\pivotal.vscode-spring-boot-1.38.0\language-server\BOOT-INF\lib\annotations-23.0.0.jar;c:\Users\sysic\.vscode\extensions\pivotal.vscode-spring-boot-1.38.0\language-server\BOOT-INF\lib\antlr-runtime-3.5.2.jar;c:\Users\sysic\.vscode\extensions\pivotal.vscode-spring-boot-1.38.0\language-server\BOOT-INF\lib\antlr4-4.9.3.jar;c:\Users\sysic\.vscode\extensions\pivotal.vscode-spring-boot-1.38.0\language-server\BOOT-INF\lib\antlr4-runtime-4.9.3.jar;c:\Users\sysic\.vscode\extensions\pivotal.vscode-spring-boot-1.38.0\language-server\BOOT-INF\lib\asm-9.3.jar;c:\Users\sysic\.vscode\extensions\pivotal.vscode-spring-boot-1.38.0\language-server\BOOT-INF\lib\asm-analysis-9.3.jar;c:\Users\sysic\.vscode\extensions\pivotal.vscode-spring-boot-1.38.0\language-server\BOOT-INF\lib\asm-tree-9.3.jar;c:\Users\sysic\.vscode\extensions\pivotal.vscode-spring-boot-1.38.0\language-server\BOOT-INF\lib\asm-util-9.3.jar;c:\Users\sysic\.vscode\extensions\pivotal.vscode-spring-boot-1.38.0\language-server\BOOT-INF\lib\byte-buddy-1.10.18.jar;c:\Users\sysic\.vscode\extensions\pivotal.vscode-spring-boot-1.38.0\language-server\BOOT-INF\lib\caffeine-2.8.6.jar;c:\Users\sysic\.vscode\extensions\pivotal.vscode-spring-boot-1.38.0\language-server\BOOT-INF\lib\checker-qual-3.12.0.jar;c:\Users\sysic\.vscode\extensions\pivotal.vscode-spring-boot-1.38.0\language-server\BOOT-INF\lib\classgraph-4.8.149.jar;c:\Users\sysic\.vscode\extensions\pivotal.vscode-spring-boot-1.38.0\language-server\BOOT-INF\lib\commons-codec-1.14.jar;c:\Users\sysic\.vscode\extensions\pivotal.vscode-spring-boot-1.38.0\language-server\BOOT-INF\lib\commons-compress-1.21.jar;c:\Users\sysic\.vscode\extensions\pivotal.vscode-spring-boot-1.38.0\language-server\BOOT-INF\lib\commons-exec-1.3.jar;c:\Users\sysic\.vscode\extensions\pivotal.vscode-spring-boot-1.38.0\language-server\BOOT-INF\lib\com
Launcher Type: SUN_STANDARD

[Global flags]
     intx CICompilerCount                          = 3                                         {product} {ergonomic}
     uint ConcGCThreads                            = 1                                         {product} {ergonomic}
     uint G1ConcRefinementThreads                  = 4                                         {product} {ergonomic}
   size_t G1HeapRegionSize                         = 1048576                                   {product} {ergonomic}
    uintx GCDrainStackTargetSize                   = 64                                        {product} {ergonomic}
   size_t InitialHeapSize                          = 67108864                                  {product} {ergonomic}
   size_t MarkStackSize                            = 4194304                                   {product} {ergonomic}
   size_t MaxHeapSize                              = 1044381696                                {product} {ergonomic}
   size_t MaxNewSize                               = 625999872                                 {product} {ergonomic}
   size_t MinHeapDeltaBytes                        = 1048576                                   {product} {ergonomic}
   size_t MinHeapSize                              = 8388608                                   {product} {ergonomic}
    uintx NonProfiledCodeHeapSize                  = 0                                      {pd product} {ergonomic}
     bool ProfileInterpreter                       = false                                  {pd product} {command line}
    uintx ProfiledCodeHeapSize                     = 0                                      {pd product} {ergonomic}
   size_t SoftMaxHeapSize                          = 1044381696                             {manageable} {ergonomic}
     intx TieredStopAtLevel                        = 1                                         {product} {command line}
     bool UseCompressedClassPointers               = true                           {product lp64_product} {ergonomic}
     bool UseCompressedOops                        = true                           {product lp64_product} {ergonomic}
     bool UseG1GC                                  = true                                      {product} {ergonomic}
     bool UseLargePagesIndividualAllocation        = false                                  {pd product} {ergonomic}

Logging:
Log output configuration:
 #0: stdout all=warning uptime,level,tags
 #1: stderr all=off uptime,level,tags

Environment Variables:
PATH=C:\Program Files\Microsoft MPI\Bin\;%JAVA_HOME%\bin;C:\apache-maven-3.8.2\bin;C:\Program Files\AdoptOpenJDK\jdk-11.0.10.9-hotspot\bin;C:\Program Files\AdoptOpenJDK\jdk-8.0.282.8-hotspot\bin;C:\Program Files\Common Files\Oracle\Java\javapath;C:\Program Files (x86)\Common Files\Oracle\Java\javapath;C:\WINDOWS\system32;C:\WINDOWS;C:\WINDOWS\System32\Wbem;C:\WINDOWS\System32\WindowsPowerShell\v1.0\;C:\WINDOWS\System32\OpenSSH\;C:\Program Files\PuTTY\;C:\Program Files\Java\jdk-15.0.1\bin;C:\Program Files\Docker\Docker\resources\bin;C:\ProgramData\DockerDesktop\version-bin;C:\Program Files\nodejs\;C:\Program Files\dotnet\;C:\Program Files (x86)\Microsoft SQL Server\150\Tools\Binn\;C:\Program Files\Microsoft SQL Server\150\Tools\Binn\;C:\Program Files (x86)\Microsoft SQL Server\150\DTS\Binn\;C:\Program Files\Microsoft SQL Server\150\DTS\Binn\;C:\Program Files\Microsoft SQL Server\Client SDK\ODBC\170\Tools\Binn\;C:\Program Files\Azure Data Studio\bin;C:\Program Files\Git\cmd;C:\Program Files\Git\mingw64\bin;C:\Program Files\Git\usr\bin;C:\Users\sysic\anaconda3;C:\Users\sysic\anaconda3\Library\mingw-w64\bin;C:\Users\sysic\anaconda3\Library\usr\bin;C:\Users\sysic\anaconda3\Library\bin;C:\Users\sysic\anaconda3\Scripts;C:\Users\sysic\AppData\Local\Programs\Python\Python310\Scripts\;C:\Users\sysic\AppData\Local\Programs\Python\Python310\;C:\Users\sysic\AppData\Local\Microsoft\WindowsApps;C:\Users\sysic\AppData\Local\Programs\Microsoft VS Code\bin;C:\Program Files\JetBrains\IntelliJ IDEA Community Edition 2022.1.3\bin;C:\Program Files\Java\jdk-11.0.14;C:\Users\sysic\AppData\Local\GitHubDesktop\bin;C:\Users\sysic\AppData\Roaming\npm;C:\sqlite-tools-win32-x86-3390100;C:\Users\sysic\AppData\Local\atom\bin;C:\Program Files\Azure Data Studio\bin;C:\Program Files\Azure Data Studio\bin;C:\Users\sysic\.dotnet\tools;C:\Program Files\Azure Data Studio\bin;C:\Program Files\Azure Data Studio\bin
USERNAME=sysic
OS=Windows_NT
PROCESSOR_IDENTIFIER=Intel64 Family 6 Model 142 Stepping 9, GenuineIntel
TMP=C:\Users\sysic\AppData\Local\Temp
TEMP=C:\Users\sysic\AppData\Local\Temp



---------------  S Y S T E M  ---------------

OS:
 Windows 10 , 64 bit Build 19041 (10.0.19041.1889)
OS uptime: 6 days 18:22 hours
Hyper-V role detected

CPU: total 4 (initial active 4) (2 cores per cpu, 2 threads per core) family 6 model 142 stepping 9 microcode 0xb4, cx8, cmov, fxsr, ht, mmx, 3dnowpref, sse, sse2, sse3, ssse3, sse4.1, sse4.2, popcnt, lzcnt, tsc, tscinvbit, avx, avx2, aes, erms, clmul, bmi1, bmi2, adx, fma, vzeroupper, clflush, clflushopt, hv

Memory: 4k page, system-wide physical 3977M (477M free)
TotalPageFile size 16265M (AvailPageFile size 169M)
current process WorkingSet (physical memory assigned to process): 356M, peak: 356M
current process commit charge ("private bytes"): 398M, peak: 646M

vm_info: OpenJDK 64-Bit Server VM (17.0.4+8) for windows-amd64 JRE (17.0.4+8), built on Jul 19 2022 16:05:16 by "temurin" with MS VC++ 16.7 (VS2019)

END.
