#
# There is insufficient memory for the Java Runtime Environment to continue.
# Native memory allocation (mmap) failed to map 150994944 bytes for G1 virtual space
# Possible reasons:
#   The system is out of physical RAM or swap space
#   The process is running with CompressedOops enabled, and the Java Heap may be blocking the growth of the native heap
# Possible solutions:
#   Reduce memory load on the system
#   Increase physical memory or swap space
#   Check if swap backing store is full
#   Decrease Java heap size (-Xmx/-Xms)
#   Decrease number of Java threads
#   Decrease Java thread stack sizes (-Xss)
#   Set larger code cache with -XX:ReservedCodeCacheSize=
#   JVM is running with Unscaled Compressed Oops mode in which the Java heap is
#     placed in the first 4GB address space. The Java Heap base address is the
#     maximum limit for the native heap growth. Please use -XX:HeapBaseMinAddress
#     to set the Java Heap base and to place the Java Heap above 4GB virtual address.
# This output file may be truncated or incomplete.
#
#  Out of Memory Error (os_windows.cpp:3541), pid=21312, tid=18900
#
# JRE version: OpenJDK Runtime Environment Temurin-17.0.4+8 (17.0.4+8) (build 17.0.4+8)
# Java VM: OpenJDK 64-Bit Server VM Temurin-17.0.4+8 (17.0.4+8, mixed mode, emulated-client, tiered, compressed oops, compressed class ptrs, g1 gc, windows-amd64)
# No core dump will be written. Minidumps are not enabled by default on client versions of Windows
#

---------------  S U M M A R Y ------------

Command Line: -Dsts.lsp.client=vscode -Dsts.log.file=/dev/null -XX:TieredStopAtLevel=1 -Dspring.config.location=file:c:\Users\sysic\.vscode\extensions\pivotal.vscode-spring-boot-1.38.0\language-server\BOOT-INF\classes\application.properties org.springframework.ide.vscode.boot.app.BootLanguageServerBootApp

Host: Intel(R) Core(TM) i5-7200U CPU @ 2.50GHz, 4 cores, 3G,  Windows 10 , 64 bit Build 19041 (10.0.19041.1889)
Time: Fri Sep  2 09:24:26 2022 Hora est. Pacífico, Sudamérica elapsed time: 6.641097 seconds (0d 0h 0m 6s)

---------------  T H R E A D  ---------------

Current thread (0x000002326a8ff440):  VMThread "VM Thread" [stack: 0x000000929ab00000,0x000000929ac00000] [id=18900]

Stack: [0x000000929ab00000,0x000000929ac00000]
Native frames: (J=compiled Java code, j=interpreted, Vv=VM code, C=native code)
V  [jvm.dll+0x67733a]
V  [jvm.dll+0x8323c4]
V  [jvm.dll+0x833b6e]
V  [jvm.dll+0x8341d3]
V  [jvm.dll+0x2455e5]
V  [jvm.dll+0x674229]
V  [jvm.dll+0x668ab2]
V  [jvm.dll+0x30458b]
V  [jvm.dll+0x30bad6]
V  [jvm.dll+0x35ba7e]
V  [jvm.dll+0x35bcaf]
V  [jvm.dll+0x2db428]
V  [jvm.dll+0x2d96dc]
V  [jvm.dll+0x2d8cac]
V  [jvm.dll+0x31cc0b]
V  [jvm.dll+0x83867b]
V  [jvm.dll+0x8393b4]
V  [jvm.dll+0x8398cc]
V  [jvm.dll+0x839ca4]
V  [jvm.dll+0x839d70]
V  [jvm.dll+0x7e245a]
V  [jvm.dll+0x6761c5]
C  [ucrtbase.dll+0x21bb2]
C  [KERNEL32.DLL+0x17034]
C  [ntdll.dll+0x52651]

VM_Operation (0x000000929bffdec0): G1CollectForAllocation, mode: safepoint, requested by thread 0x000002326d4f54f0


---------------  P R O C E S S  ---------------

Threads class SMR info:
_java_thread_list=0x000002326dbaf600, length=32, elements={
0x000002326a944260, 0x000002326a944fe0, 0x000002326a95a620, 0x000002326a95aee0,
0x000002326a95cf50, 0x000002326a95ffc0, 0x000002326a98f0a0, 0x000002326a9908e0,
0x000002326b5a9cc0, 0x000002326b5dd300, 0x000002326b5ea0e0, 0x000002326be66700,
0x000002326d3e2440, 0x000002326d43c750, 0x000002326d4f5020, 0x000002326d4f54f0,
0x000002326d4f5e00, 0x000002326d47f930, 0x000002326d47f030, 0x000002326d4f62d0,
0x000002326d509530, 0x000002326d50b210, 0x000002326d50ca20, 0x000002326d50bbb0,
0x000002326d509a00, 0x000002326d50c080, 0x000002326d50a3a0, 0x000002326d509060,
0x000002326d509ed0, 0x000002326d50c550, 0x000002326d50a870, 0x000002326d50ad40
}

Java Threads: ( => current thread )
  0x000002326a944260 JavaThread "Reference Handler" daemon [_thread_blocked, id=17768, stack(0x000000929ac00000,0x000000929ad00000)]
  0x000002326a944fe0 JavaThread "Finalizer" daemon [_thread_blocked, id=4504, stack(0x000000929ad00000,0x000000929ae00000)]
  0x000002326a95a620 JavaThread "Signal Dispatcher" daemon [_thread_blocked, id=9752, stack(0x000000929ae00000,0x000000929af00000)]
  0x000002326a95aee0 JavaThread "Attach Listener" daemon [_thread_blocked, id=18280, stack(0x000000929af00000,0x000000929b000000)]
  0x000002326a95cf50 JavaThread "Service Thread" daemon [_thread_blocked, id=16640, stack(0x000000929b000000,0x000000929b100000)]
  0x000002326a95ffc0 JavaThread "Monitor Deflation Thread" daemon [_thread_blocked, id=5180, stack(0x000000929b100000,0x000000929b200000)]
  0x000002326a98f0a0 JavaThread "C1 CompilerThread0" daemon [_thread_blocked, id=13380, stack(0x000000929b200000,0x000000929b300000)]
  0x000002326a9908e0 JavaThread "Sweeper thread" daemon [_thread_blocked, id=14012, stack(0x000000929b300000,0x000000929b400000)]
  0x000002326b5a9cc0 JavaThread "C1 CompilerThread1" daemon [_thread_blocked, id=18500, stack(0x000000929b400000,0x000000929b500000)]
  0x000002326b5dd300 JavaThread "Notification Thread" daemon [_thread_blocked, id=8908, stack(0x000000929b500000,0x000000929b600000)]
  0x000002326b5ea0e0 JavaThread "Common-Cleaner" daemon [_thread_blocked, id=8488, stack(0x000000929b700000,0x000000929b800000)]
  0x000002326be66700 JavaThread "C1 CompilerThread2" daemon [_thread_blocked, id=11192, stack(0x000000929ba00000,0x000000929bb00000)]
  0x000002326d3e2440 JavaThread "ForkJoinPool.commonPool-worker-1" daemon [_thread_blocked, id=11636, stack(0x000000929bc00000,0x000000929bd00000)]
  0x000002326d43c750 JavaThread "ClassGraph-worker-0" daemon [_thread_blocked, id=8172, stack(0x000000929bd00000,0x000000929be00000)]
  0x000002326d4f5020 JavaThread "ClassGraph-worker-1" daemon [_thread_blocked, id=20420, stack(0x000000929be00000,0x000000929bf00000)]
  0x000002326d4f54f0 JavaThread "ClassGraph-worker-2" daemon [_thread_blocked, id=11640, stack(0x000000929bf00000,0x000000929c000000)]
  0x000002326d4f5e00 JavaThread "ClassGraph-worker-3" daemon [_thread_blocked, id=15700, stack(0x000000929c000000,0x000000929c100000)]
  0x000002326d47f930 JavaThread "ClassGraph-worker-4" daemon [_thread_blocked, id=12704, stack(0x000000929c100000,0x000000929c200000)]
  0x000002326d47f030 JavaThread "ClassGraph-worker-5" daemon [_thread_blocked, id=20276, stack(0x000000929c200000,0x000000929c300000)]
  0x000002326d4f62d0 JavaThread "ClassGraph-worker-6" daemon [_thread_blocked, id=15104, stack(0x000000929c300000,0x000000929c400000)]
  0x000002326d509530 JavaThread "ClassGraph-worker-7" daemon [_thread_blocked, id=8900, stack(0x000000929c400000,0x000000929c500000)]
  0x000002326d50b210 JavaThread "pool-7-thread-1" [_thread_blocked, id=7472, stack(0x000000929c500000,0x000000929c600000)]
  0x000002326d50ca20 JavaThread "LanguageServerApp-lifecycle" [_thread_blocked, id=12368, stack(0x000000929c600000,0x000000929c700000)]
  0x000002326d50bbb0 JavaThread "DestroyJavaVM" [_thread_blocked, id=8188, stack(0x000000929a500000,0x000000929a600000)]
  0x000002326d509a00 JavaThread "pool-8-thread-1" [_thread_in_native, id=6900, stack(0x000000929c800000,0x000000929c900000)]
  0x000002326d50c080 JavaThread "Simple-Language-Server main thread" daemon [_thread_blocked, id=11828, stack(0x000000929c900000,0x000000929ca00000)]
  0x000002326d50a3a0 JavaThread "parallel-1" daemon [_thread_blocked, id=18376, stack(0x000000929ca00000,0x000000929cb00000)]
  0x000002326d509060 JavaThread "Reconciler-1" daemon [_thread_blocked, id=13644, stack(0x000000929cb00000,0x000000929cc00000)]
  0x000002326d509ed0 JavaThread "pool-2-thread-1" [_thread_blocked, id=13464, stack(0x000000929cc00000,0x000000929cd00000)]
  0x000002326d50c550 JavaThread "ForkJoinPool.commonPool-worker-2" daemon [_thread_blocked, id=9404, stack(0x000000929cd00000,0x000000929ce00000)]
  0x000002326d50a870 JavaThread "pool-2-thread-2" [_thread_blocked, id=6736, stack(0x000000929ce00000,0x000000929cf00000)]
  0x000002326d50ad40 JavaThread "parallel-2" daemon [_thread_blocked, id=14944, stack(0x000000929cf00000,0x000000929d000000)]

Other Threads:
=>0x000002326a8ff440 VMThread "VM Thread" [stack: 0x000000929ab00000,0x000000929ac00000] [id=18900]
  0x000002326b5e2c00 WatcherThread [stack: 0x000000929b600000,0x000000929b700000] [id=13440]
  0x0000023260537030 GCTaskThread "GC Thread#0" [stack: 0x000000929a600000,0x000000929a700000] [id=18816]
  0x000002326bcf2d00 GCTaskThread "GC Thread#1" [stack: 0x000000929b800000,0x000000929b900000] [id=13180]
  0x000002326be66d80 GCTaskThread "GC Thread#2" [stack: 0x000000929b900000,0x000000929ba00000] [id=19788]
  0x000002326bf55bd0 GCTaskThread "GC Thread#3" [stack: 0x000000929bb00000,0x000000929bc00000] [id=14692]
  0x0000023260540b10 ConcurrentGCThread "G1 Main Marker" [stack: 0x000000929a700000,0x000000929a800000] [id=18928]
  0x0000023260541430 ConcurrentGCThread "G1 Conc#0" [stack: 0x000000929a800000,0x000000929a900000] [id=12564]
  0x000002326058e950 ConcurrentGCThread "G1 Refine#0" [stack: 0x000000929a900000,0x000000929aa00000] [id=4560]
  0x000002326bbb6410 ConcurrentGCThread "G1 Refine#1" [stack: 0x000000929c700000,0x000000929c800000] [id=16544]
  0x000002326058f280 ConcurrentGCThread "G1 Service" [stack: 0x000000929aa00000,0x000000929ab00000] [id=8804]

Threads with active compile tasks:

VM state: at safepoint (normal execution)

VM Mutex/Monitor currently owned by a thread:  ([mutex/lock_event])
[0x000002325e4549f0] Threads_lock - owner thread: 0x000002326a8ff440
[0x00000232604f7790] Heap_lock - owner thread: 0x000002326d4f54f0

Heap address: 0x00000000c1c00000, size: 996 MB, Compressed Oops mode: 32-bit

CDS archive(s) not mapped
Compressed class space mapped at: 0x0000000100000000-0x0000000140000000, reserved size: 1073741824
Narrow klass base: 0x0000000000000000, Narrow klass shift: 3, Narrow klass range: 0x140000000

GC Precious Log:
 CPUs: 4 total, 4 available
 Memory: 3977M
 Large Page Support: Disabled
 NUMA Support: Disabled
 Compressed Oops: Enabled (32-bit)
 Heap Region Size: 1M
 Heap Min Capacity: 8M
 Heap Initial Capacity: 64M
 Heap Max Capacity: 996M
 Pre-touch: Disabled
 Parallel Workers: 4
 Concurrent Workers: 1
 Concurrent Refinement Workers: 4
 Periodic GC: Disabled

Heap:
 garbage-first heap   total 282624K, used 90906K [0x00000000c1c00000, 0x0000000100000000)
  region size 1024K, 12 young (12288K), 12 survivors (12288K)
 Metaspace       used 35132K, committed 35456K, reserved 1081344K
  class space    used 4568K, committed 4736K, reserved 1048576K

Heap Regions: E=young(eden), S=young(survivor), O=old, HS=humongous(starts), HC=humongous(continues), CS=collection set, F=free, OA=open archive, CA=closed archive, TAMS=top-at-mark-start (previous, next)
|   0|0x00000000c1c00000, 0x00000000c1d00000, 0x00000000c1d00000|100%| O|  |TAMS 0x00000000c1d00000, 0x00000000c1c00000| Untracked 
|   1|0x00000000c1d00000, 0x00000000c1e00000, 0x00000000c1e00000|100%| O|  |TAMS 0x00000000c1e00000, 0x00000000c1d00000| Untracked 
|   2|0x00000000c1e00000, 0x00000000c1f00000, 0x00000000c1f00000|100%| O|  |TAMS 0x00000000c1f00000, 0x00000000c1e00000| Untracked 
|   3|0x00000000c1f00000, 0x00000000c2000000, 0x00000000c2000000|100%| O|  |TAMS 0x00000000c2000000, 0x00000000c1f00000| Untracked 
|   4|0x00000000c2000000, 0x00000000c2100000, 0x00000000c2100000|100%| O|  |TAMS 0x00000000c2100000, 0x00000000c2000000| Untracked 
|   5|0x00000000c2100000, 0x00000000c2200000, 0x00000000c2200000|100%| O|  |TAMS 0x00000000c2200000, 0x00000000c2100000| Untracked 
|   6|0x00000000c2200000, 0x00000000c2300000, 0x00000000c2300000|100%| O|  |TAMS 0x00000000c2300000, 0x00000000c2200000| Untracked 
|   7|0x00000000c2300000, 0x00000000c2400000, 0x00000000c2400000|100%| O|  |TAMS 0x00000000c2400000, 0x00000000c2300000| Untracked 
|   8|0x00000000c2400000, 0x00000000c2500000, 0x00000000c2500000|100%| O|  |TAMS 0x00000000c2500000, 0x00000000c2400000| Untracked 
|   9|0x00000000c2500000, 0x00000000c2600000, 0x00000000c2600000|100%| O|  |TAMS 0x00000000c2600000, 0x00000000c2500000| Untracked 
|  10|0x00000000c2600000, 0x00000000c2700000, 0x00000000c2700000|100%| O|  |TAMS 0x00000000c2700000, 0x00000000c2600000| Untracked 
|  11|0x00000000c2700000, 0x00000000c2800000, 0x00000000c2800000|100%| O|  |TAMS 0x00000000c2800000, 0x00000000c2700000| Untracked 
|  12|0x00000000c2800000, 0x00000000c2900000, 0x00000000c2900000|100%| O|  |TAMS 0x00000000c2900000, 0x00000000c2800000| Untracked 
|  13|0x00000000c2900000, 0x00000000c2a00000, 0x00000000c2a00000|100%| O|  |TAMS 0x00000000c2a00000, 0x00000000c2900000| Untracked 
|  14|0x00000000c2a00000, 0x00000000c2b00000, 0x00000000c2b00000|100%| O|  |TAMS 0x00000000c2b00000, 0x00000000c2a00000| Untracked 
|  15|0x00000000c2b00000, 0x00000000c2c00000, 0x00000000c2c00000|100%| O|  |TAMS 0x00000000c2c00000, 0x00000000c2b00000| Untracked 
|  16|0x00000000c2c00000, 0x00000000c2d00000, 0x00000000c2d00000|100%| O|  |TAMS 0x00000000c2d00000, 0x00000000c2c00000| Untracked 
|  17|0x00000000c2d00000, 0x00000000c2e00000, 0x00000000c2e00000|100%| O|  |TAMS 0x00000000c2e00000, 0x00000000c2d00000| Untracked 
|  18|0x00000000c2e00000, 0x00000000c2f00000, 0x00000000c2f00000|100%| O|  |TAMS 0x00000000c2f00000, 0x00000000c2e00000| Untracked 
|  19|0x00000000c2f00000, 0x00000000c3000000, 0x00000000c3000000|100%| O|  |TAMS 0x00000000c3000000, 0x00000000c2f00000| Untracked 
|  20|0x00000000c3000000, 0x00000000c3100000, 0x00000000c3100000|100%| O|  |TAMS 0x00000000c3100000, 0x00000000c3000000| Untracked 
|  21|0x00000000c3100000, 0x00000000c3200000, 0x00000000c3200000|100%| O|  |TAMS 0x00000000c3200000, 0x00000000c3100000| Untracked 
|  22|0x00000000c3200000, 0x00000000c3300000, 0x00000000c3300000|100%| O|  |TAMS 0x00000000c3300000, 0x00000000c3200000| Untracked 
|  23|0x00000000c3300000, 0x00000000c3400000, 0x00000000c3400000|100%| O|  |TAMS 0x00000000c3400000, 0x00000000c3300000| Untracked 
|  24|0x00000000c3400000, 0x00000000c3500000, 0x00000000c3500000|100%| O|  |TAMS 0x00000000c3500000, 0x00000000c3400000| Untracked 
|  25|0x00000000c3500000, 0x00000000c3600000, 0x00000000c3600000|100%| O|  |TAMS 0x00000000c3600000, 0x00000000c3500000| Untracked 
|  26|0x00000000c3600000, 0x00000000c3700000, 0x00000000c3700000|100%| O|  |TAMS 0x00000000c3700000, 0x00000000c3600000| Untracked 
|  27|0x00000000c3700000, 0x00000000c3800000, 0x00000000c3800000|100%| O|  |TAMS 0x00000000c3800000, 0x00000000c3700000| Untracked 
|  28|0x00000000c3800000, 0x00000000c3900000, 0x00000000c3900000|100%| O|  |TAMS 0x00000000c3900000, 0x00000000c3800000| Untracked 
|  29|0x00000000c3900000, 0x00000000c3a00000, 0x00000000c3a00000|100%| O|  |TAMS 0x00000000c3a00000, 0x00000000c3900000| Untracked 
|  30|0x00000000c3a00000, 0x00000000c3b00000, 0x00000000c3b00000|100%| O|  |TAMS 0x00000000c3b00000, 0x00000000c3a00000| Untracked 
|  31|0x00000000c3b00000, 0x00000000c3c00000, 0x00000000c3c00000|100%| O|  |TAMS 0x00000000c3c00000, 0x00000000c3b00000| Untracked 
|  32|0x00000000c3c00000, 0x00000000c3d00000, 0x00000000c3d00000|100%| O|  |TAMS 0x00000000c3d00000, 0x00000000c3c00000| Untracked 
|  33|0x00000000c3d00000, 0x00000000c3e00000, 0x00000000c3e00000|100%| O|  |TAMS 0x00000000c3e00000, 0x00000000c3d00000| Untracked 
|  34|0x00000000c3e00000, 0x00000000c3f00000, 0x00000000c3f00000|100%| O|  |TAMS 0x00000000c3f00000, 0x00000000c3e00000| Untracked 
|  35|0x00000000c3f00000, 0x00000000c4000000, 0x00000000c4000000|100%| O|  |TAMS 0x00000000c4000000, 0x00000000c3f00000| Untracked 
|  36|0x00000000c4000000, 0x00000000c4100000, 0x00000000c4100000|100%| O|  |TAMS 0x00000000c4100000, 0x00000000c4000000| Untracked 
|  37|0x00000000c4100000, 0x00000000c4200000, 0x00000000c4200000|100%| O|  |TAMS 0x00000000c4200000, 0x00000000c4100000| Untracked 
|  38|0x00000000c4200000, 0x00000000c4300000, 0x00000000c4300000|100%| O|  |TAMS 0x00000000c4200000, 0x00000000c4200000| Untracked 
|  39|0x00000000c4300000, 0x00000000c4400000, 0x00000000c4400000|100%| O|  |TAMS 0x00000000c4400000, 0x00000000c4300000| Untracked 
|  40|0x00000000c4400000, 0x00000000c4500000, 0x00000000c4500000|100%| O|  |TAMS 0x00000000c4500000, 0x00000000c4400000| Untracked 
|  41|0x00000000c4500000, 0x00000000c4600000, 0x00000000c4600000|100%| O|  |TAMS 0x00000000c4600000, 0x00000000c4500000| Untracked 
|  42|0x00000000c4600000, 0x00000000c4700000, 0x00000000c4700000|100%| O|  |TAMS 0x00000000c4700000, 0x00000000c4600000| Untracked 
|  43|0x00000000c4700000, 0x00000000c4800000, 0x00000000c4800000|100%| O|  |TAMS 0x00000000c4800000, 0x00000000c4700000| Untracked 
|  44|0x00000000c4800000, 0x00000000c4900000, 0x00000000c4900000|100%| O|  |TAMS 0x00000000c4900000, 0x00000000c4800000| Untracked 
|  45|0x00000000c4900000, 0x00000000c4a00000, 0x00000000c4a00000|100%| O|  |TAMS 0x00000000c4a00000, 0x00000000c4900000| Untracked 
|  46|0x00000000c4a00000, 0x00000000c4b00000, 0x00000000c4b00000|100%| O|  |TAMS 0x00000000c4b00000, 0x00000000c4a00000| Untracked 
|  47|0x00000000c4b00000, 0x00000000c4c00000, 0x00000000c4c00000|100%| O|  |TAMS 0x00000000c4c00000, 0x00000000c4b00000| Untracked 
|  48|0x00000000c4c00000, 0x00000000c4d00000, 0x00000000c4d00000|100%| O|  |TAMS 0x00000000c4d00000, 0x00000000c4c00000| Untracked 
|  49|0x00000000c4d00000, 0x00000000c4e00000, 0x00000000c4e00000|100%| O|  |TAMS 0x00000000c4d4c200, 0x00000000c4d00000| Untracked 
|  50|0x00000000c4e00000, 0x00000000c4f00000, 0x00000000c4f00000|100%| O|  |TAMS 0x00000000c4e00000, 0x00000000c4e00000| Untracked 
|  51|0x00000000c4f00000, 0x00000000c5000000, 0x00000000c5000000|100%| O|  |TAMS 0x00000000c4f00000, 0x00000000c4f00000| Untracked 
|  52|0x00000000c5000000, 0x00000000c5100000, 0x00000000c5100000|100%| O|  |TAMS 0x00000000c5000000, 0x00000000c5000000| Untracked 
|  53|0x00000000c5100000, 0x00000000c5200000, 0x00000000c5200000|100%| O|  |TAMS 0x00000000c5100000, 0x00000000c5100000| Untracked 
|  54|0x00000000c5200000, 0x00000000c5300000, 0x00000000c5300000|100%| O|  |TAMS 0x00000000c5200000, 0x00000000c5200000| Untracked 
|  55|0x00000000c5300000, 0x00000000c5400000, 0x00000000c5400000|100%|HS|  |TAMS 0x00000000c5300000, 0x00000000c5300000| Complete 
|  56|0x00000000c5400000, 0x00000000c5500000, 0x00000000c5500000|100%| O|  |TAMS 0x00000000c5400000, 0x00000000c5400000| Untracked 
|  57|0x00000000c5500000, 0x00000000c5600000, 0x00000000c5600000|100%| O|  |TAMS 0x00000000c5500000, 0x00000000c5500000| Untracked 
|  58|0x00000000c5600000, 0x00000000c5700000, 0x00000000c5700000|100%| O|  |TAMS 0x00000000c5600000, 0x00000000c5600000| Untracked 
|  59|0x00000000c5700000, 0x00000000c5800000, 0x00000000c5800000|100%| O|  |TAMS 0x00000000c5700000, 0x00000000c5700000| Untracked 
|  60|0x00000000c5800000, 0x00000000c5900000, 0x00000000c5900000|100%| O|  |TAMS 0x00000000c5800000, 0x00000000c5800000| Untracked 
|  61|0x00000000c5900000, 0x00000000c5a00000, 0x00000000c5a00000|100%| O|  |TAMS 0x00000000c5900000, 0x00000000c5900000| Untracked 
|  62|0x00000000c5a00000, 0x00000000c5b00000, 0x00000000c5b00000|100%| O|  |TAMS 0x00000000c5a00000, 0x00000000c5a00000| Untracked 
|  63|0x00000000c5b00000, 0x00000000c5c00000, 0x00000000c5c00000|100%| O|  |TAMS 0x00000000c5b00000, 0x00000000c5b00000| Untracked 
|  64|0x00000000c5c00000, 0x00000000c5d00000, 0x00000000c5d00000|100%| O|  |TAMS 0x00000000c5c00000, 0x00000000c5c00000| Untracked 
|  65|0x00000000c5d00000, 0x00000000c5e00000, 0x00000000c5e00000|100%| O|  |TAMS 0x00000000c5d00000, 0x00000000c5d00000| Untracked 
|  66|0x00000000c5e00000, 0x00000000c5f00000, 0x00000000c5f00000|100%| O|  |TAMS 0x00000000c5e00000, 0x00000000c5e00000| Untracked 
|  67|0x00000000c5f00000, 0x00000000c6000000, 0x00000000c6000000|100%| O|  |TAMS 0x00000000c5f00000, 0x00000000c5f00000| Untracked 
|  68|0x00000000c6000000, 0x00000000c6100000, 0x00000000c6100000|100%| O|  |TAMS 0x00000000c6000000, 0x00000000c6000000| Untracked 
|  69|0x00000000c6100000, 0x00000000c6200000, 0x00000000c6200000|100%| O|  |TAMS 0x00000000c6100000, 0x00000000c6100000| Untracked 
|  70|0x00000000c6200000, 0x00000000c6300000, 0x00000000c6300000|100%| O|  |TAMS 0x00000000c6200000, 0x00000000c6200000| Untracked 
|  71|0x00000000c6300000, 0x00000000c6400000, 0x00000000c6400000|100%| O|  |TAMS 0x00000000c6300000, 0x00000000c6300000| Untracked 
|  72|0x00000000c6400000, 0x00000000c6500000, 0x00000000c6500000|100%| O|  |TAMS 0x00000000c6400000, 0x00000000c6400000| Untracked 
|  73|0x00000000c6500000, 0x00000000c6600000, 0x00000000c6600000|100%| O|  |TAMS 0x00000000c6500000, 0x00000000c6500000| Untracked 
|  74|0x00000000c6600000, 0x00000000c6700000, 0x00000000c6700000|100%| O|  |TAMS 0x00000000c6600000, 0x00000000c6600000| Untracked 
|  75|0x00000000c6700000, 0x00000000c6800000, 0x00000000c6800000|100%| O|  |TAMS 0x00000000c6700000, 0x00000000c6700000| Untracked 
|  76|0x00000000c6800000, 0x00000000c68c6a00, 0x00000000c6900000| 77%| O|  |TAMS 0x00000000c6800000, 0x00000000c6800000| Untracked 
|  77|0x00000000c6900000, 0x00000000c6900000, 0x00000000c6a00000|  0%| F|  |TAMS 0x00000000c6900000, 0x00000000c6900000| Untracked 
|  78|0x00000000c6a00000, 0x00000000c6a00000, 0x00000000c6b00000|  0%| F|  |TAMS 0x00000000c6a00000, 0x00000000c6a00000| Untracked 
|  79|0x00000000c6b00000, 0x00000000c6b00000, 0x00000000c6c00000|  0%| F|  |TAMS 0x00000000c6b00000, 0x00000000c6b00000| Untracked 
|  80|0x00000000c6c00000, 0x00000000c6c00000, 0x00000000c6d00000|  0%| F|  |TAMS 0x00000000c6c00000, 0x00000000c6c00000| Untracked 
|  81|0x00000000c6d00000, 0x00000000c6d00000, 0x00000000c6e00000|  0%| F|  |TAMS 0x00000000c6d00000, 0x00000000c6d00000| Untracked 
|  82|0x00000000c6e00000, 0x00000000c6e00000, 0x00000000c6f00000|  0%| F|  |TAMS 0x00000000c6e00000, 0x00000000c6e00000| Untracked 
|  83|0x00000000c6f00000, 0x00000000c6f00000, 0x00000000c7000000|  0%| F|  |TAMS 0x00000000c6f00000, 0x00000000c6f00000| Untracked 
|  84|0x00000000c7000000, 0x00000000c7000000, 0x00000000c7100000|  0%| F|  |TAMS 0x00000000c7000000, 0x00000000c7000000| Untracked 
|  85|0x00000000c7100000, 0x00000000c7100000, 0x00000000c7200000|  0%| F|  |TAMS 0x00000000c7100000, 0x00000000c7100000| Untracked 
|  86|0x00000000c7200000, 0x00000000c7200000, 0x00000000c7300000|  0%| F|  |TAMS 0x00000000c7200000, 0x00000000c7200000| Untracked 
|  87|0x00000000c7300000, 0x00000000c7300000, 0x00000000c7400000|  0%| F|  |TAMS 0x00000000c7300000, 0x00000000c7300000| Untracked 
|  88|0x00000000c7400000, 0x00000000c7400000, 0x00000000c7500000|  0%| F|  |TAMS 0x00000000c7400000, 0x00000000c7400000| Untracked 
|  89|0x00000000c7500000, 0x00000000c7500000, 0x00000000c7600000|  0%| F|  |TAMS 0x00000000c7500000, 0x00000000c7500000| Untracked 
|  90|0x00000000c7600000, 0x00000000c7600000, 0x00000000c7700000|  0%| F|  |TAMS 0x00000000c7600000, 0x00000000c7600000| Untracked 
|  91|0x00000000c7700000, 0x00000000c7700000, 0x00000000c7800000|  0%| F|  |TAMS 0x00000000c7700000, 0x00000000c7700000| Untracked 
|  92|0x00000000c7800000, 0x00000000c7800000, 0x00000000c7900000|  0%| F|  |TAMS 0x00000000c7800000, 0x00000000c7800000| Untracked 
|  93|0x00000000c7900000, 0x00000000c7900000, 0x00000000c7a00000|  0%| F|  |TAMS 0x00000000c7900000, 0x00000000c7900000| Untracked 
|  94|0x00000000c7a00000, 0x00000000c7a00000, 0x00000000c7b00000|  0%| F|  |TAMS 0x00000000c7a00000, 0x00000000c7a00000| Untracked 
|  95|0x00000000c7b00000, 0x00000000c7b00000, 0x00000000c7c00000|  0%| F|  |TAMS 0x00000000c7b00000, 0x00000000c7b00000| Untracked 
|  96|0x00000000c7c00000, 0x00000000c7c00000, 0x00000000c7d00000|  0%| F|  |TAMS 0x00000000c7c00000, 0x00000000c7c00000| Untracked 
|  97|0x00000000c7d00000, 0x00000000c7d00000, 0x00000000c7e00000|  0%| F|  |TAMS 0x00000000c7d00000, 0x00000000c7d00000| Untracked 
|  98|0x00000000c7e00000, 0x00000000c7e00000, 0x00000000c7f00000|  0%| F|  |TAMS 0x00000000c7e00000, 0x00000000c7e00000| Untracked 
|  99|0x00000000c7f00000, 0x00000000c7f00000, 0x00000000c8000000|  0%| F|  |TAMS 0x00000000c7f00000, 0x00000000c7f00000| Untracked 
| 100|0x00000000c8000000, 0x00000000c8000000, 0x00000000c8100000|  0%| F|  |TAMS 0x00000000c8000000, 0x00000000c8000000| Untracked 
| 101|0x00000000c8100000, 0x00000000c8100000, 0x00000000c8200000|  0%| F|  |TAMS 0x00000000c8100000, 0x00000000c8100000| Untracked 
| 102|0x00000000c8200000, 0x00000000c8200000, 0x00000000c8300000|  0%| F|  |TAMS 0x00000000c8200000, 0x00000000c8200000| Untracked 
| 103|0x00000000c8300000, 0x00000000c8300000, 0x00000000c8400000|  0%| F|  |TAMS 0x00000000c8300000, 0x00000000c8300000| Untracked 
| 104|0x00000000c8400000, 0x00000000c8400000, 0x00000000c8500000|  0%| F|  |TAMS 0x00000000c8400000, 0x00000000c8400000| Untracked 
| 105|0x00000000c8500000, 0x00000000c8500000, 0x00000000c8600000|  0%| F|  |TAMS 0x00000000c8500000, 0x00000000c8500000| Untracked 
| 106|0x00000000c8600000, 0x00000000c8600000, 0x00000000c8700000|  0%| F|  |TAMS 0x00000000c8600000, 0x00000000c8600000| Untracked 
| 107|0x00000000c8700000, 0x00000000c8700000, 0x00000000c8800000|  0%| F|  |TAMS 0x00000000c8700000, 0x00000000c8700000| Untracked 
| 108|0x00000000c8800000, 0x00000000c8800000, 0x00000000c8900000|  0%| F|  |TAMS 0x00000000c8800000, 0x00000000c8800000| Untracked 
| 109|0x00000000c8900000, 0x00000000c8a00000, 0x00000000c8a00000|100%| S|CS|TAMS 0x00000000c8900000, 0x00000000c8900000| Complete 
| 110|0x00000000c8a00000, 0x00000000c8b00000, 0x00000000c8b00000|100%| S|CS|TAMS 0x00000000c8a00000, 0x00000000c8a00000| Complete 
| 111|0x00000000c8b00000, 0x00000000c8c00000, 0x00000000c8c00000|100%| S|CS|TAMS 0x00000000c8b00000, 0x00000000c8b00000| Complete 
| 112|0x00000000c8c00000, 0x00000000c8c00000, 0x00000000c8d00000|  0%| F|  |TAMS 0x00000000c8c00000, 0x00000000c8c00000| Untracked 
| 113|0x00000000c8d00000, 0x00000000c8d00000, 0x00000000c8e00000|  0%| F|  |TAMS 0x00000000c8d00000, 0x00000000c8d00000| Untracked 
| 114|0x00000000c8e00000, 0x00000000c8e00000, 0x00000000c8f00000|  0%| F|  |TAMS 0x00000000c8e00000, 0x00000000c8e00000| Untracked 
| 115|0x00000000c8f00000, 0x00000000c8f00000, 0x00000000c9000000|  0%| F|  |TAMS 0x00000000c8f00000, 0x00000000c8f00000| Untracked 
| 116|0x00000000c9000000, 0x00000000c9000000, 0x00000000c9100000|  0%| F|  |TAMS 0x00000000c9000000, 0x00000000c9000000| Untracked 
| 117|0x00000000c9100000, 0x00000000c9100000, 0x00000000c9200000|  0%| F|  |TAMS 0x00000000c9100000, 0x00000000c9100000| Untracked 
| 118|0x00000000c9200000, 0x00000000c9200000, 0x00000000c9300000|  0%| F|  |TAMS 0x00000000c9200000, 0x00000000c9200000| Untracked 
| 119|0x00000000c9300000, 0x00000000c9300000, 0x00000000c9400000|  0%| F|  |TAMS 0x00000000c9300000, 0x00000000c9300000| Untracked 
| 120|0x00000000c9400000, 0x00000000c9400000, 0x00000000c9500000|  0%| F|  |TAMS 0x00000000c9400000, 0x00000000c9400000| Untracked 
| 121|0x00000000c9500000, 0x00000000c9500000, 0x00000000c9600000|  0%| F|  |TAMS 0x00000000c9500000, 0x00000000c9500000| Untracked 
| 122|0x00000000c9600000, 0x00000000c9700000, 0x00000000c9700000|100%| S|CS|TAMS 0x00000000c9600000, 0x00000000c9600000| Complete 
| 123|0x00000000c9700000, 0x00000000c9800000, 0x00000000c9800000|100%| S|CS|TAMS 0x00000000c9700000, 0x00000000c9700000| Complete 
| 124|0x00000000c9800000, 0x00000000c9900000, 0x00000000c9900000|100%| S|CS|TAMS 0x00000000c9800000, 0x00000000c9800000| Complete 
| 125|0x00000000c9900000, 0x00000000c9a00000, 0x00000000c9a00000|100%| S|CS|TAMS 0x00000000c9900000, 0x00000000c9900000| Complete 
| 126|0x00000000c9a00000, 0x00000000c9b00000, 0x00000000c9b00000|100%| S|CS|TAMS 0x00000000c9a00000, 0x00000000c9a00000| Complete 
| 127|0x00000000c9b00000, 0x00000000c9c00000, 0x00000000c9c00000|100%| S|CS|TAMS 0x00000000c9b00000, 0x00000000c9b00000| Complete 
| 128|0x00000000c9c00000, 0x00000000c9d00000, 0x00000000c9d00000|100%| S|CS|TAMS 0x00000000c9c00000, 0x00000000c9c00000| Complete 
| 129|0x00000000c9d00000, 0x00000000c9e00000, 0x00000000c9e00000|100%| S|CS|TAMS 0x00000000c9d00000, 0x00000000c9d00000| Complete 
| 130|0x00000000c9e00000, 0x00000000c9f00000, 0x00000000c9f00000|100%| S|CS|TAMS 0x00000000c9e00000, 0x00000000c9e00000| Complete 
| 131|0x00000000c9f00000, 0x00000000c9f00000, 0x00000000ca000000|  0%| F|  |TAMS 0x00000000c9f00000, 0x00000000c9f00000| Untracked 
| 132|0x00000000ca000000, 0x00000000ca000000, 0x00000000ca100000|  0%| F|  |TAMS 0x00000000ca000000, 0x00000000ca000000| Untracked 
| 133|0x00000000ca100000, 0x00000000ca100000, 0x00000000ca200000|  0%| F|  |TAMS 0x00000000ca100000, 0x00000000ca100000| Untracked 
| 134|0x00000000ca200000, 0x00000000ca200000, 0x00000000ca300000|  0%| F|  |TAMS 0x00000000ca200000, 0x00000000ca200000| Untracked 
| 135|0x00000000ca300000, 0x00000000ca300000, 0x00000000ca400000|  0%| F|  |TAMS 0x00000000ca300000, 0x00000000ca300000| Untracked 
| 136|0x00000000ca400000, 0x00000000ca400000, 0x00000000ca500000|  0%| F|  |TAMS 0x00000000ca400000, 0x00000000ca400000| Untracked 
| 137|0x00000000ca500000, 0x00000000ca500000, 0x00000000ca600000|  0%| F|  |TAMS 0x00000000ca500000, 0x00000000ca500000| Untracked 
| 138|0x00000000ca600000, 0x00000000ca600000, 0x00000000ca700000|  0%| F|  |TAMS 0x00000000ca600000, 0x00000000ca600000| Untracked 
| 139|0x00000000ca700000, 0x00000000ca700000, 0x00000000ca800000|  0%| F|  |TAMS 0x00000000ca700000, 0x00000000ca700000| Untracked 
| 140|0x00000000ca800000, 0x00000000ca800000, 0x00000000ca900000|  0%| F|  |TAMS 0x00000000ca800000, 0x00000000ca800000| Untracked 
| 141|0x00000000ca900000, 0x00000000ca900000, 0x00000000caa00000|  0%| F|  |TAMS 0x00000000ca900000, 0x00000000ca900000| Untracked 
| 142|0x00000000caa00000, 0x00000000caa00000, 0x00000000cab00000|  0%| F|  |TAMS 0x00000000caa00000, 0x00000000caa00000| Untracked 
| 143|0x00000000cab00000, 0x00000000cab00000, 0x00000000cac00000|  0%| F|  |TAMS 0x00000000cab00000, 0x00000000cab00000| Untracked 
| 144|0x00000000cac00000, 0x00000000cac00000, 0x00000000cad00000|  0%| F|  |TAMS 0x00000000cac00000, 0x00000000cac00000| Untracked 
| 145|0x00000000cad00000, 0x00000000cad00000, 0x00000000cae00000|  0%| F|  |TAMS 0x00000000cad00000, 0x00000000cad00000| Untracked 
| 146|0x00000000cae00000, 0x00000000cae00000, 0x00000000caf00000|  0%| F|  |TAMS 0x00000000cae00000, 0x00000000cae00000| Untracked 
| 147|0x00000000caf00000, 0x00000000caf00000, 0x00000000cb000000|  0%| F|  |TAMS 0x00000000caf00000, 0x00000000caf00000| Untracked 
| 148|0x00000000cb000000, 0x00000000cb000000, 0x00000000cb100000|  0%| F|  |TAMS 0x00000000cb000000, 0x00000000cb000000| Untracked 
| 149|0x00000000cb100000, 0x00000000cb100000, 0x00000000cb200000|  0%| F|  |TAMS 0x00000000cb100000, 0x00000000cb100000| Untracked 
| 150|0x00000000cb200000, 0x00000000cb200000, 0x00000000cb300000|  0%| F|  |TAMS 0x00000000cb200000, 0x00000000cb200000| Untracked 
| 151|0x00000000cb300000, 0x00000000cb300000, 0x00000000cb400000|  0%| F|  |TAMS 0x00000000cb300000, 0x00000000cb300000| Untracked 
| 152|0x00000000cb400000, 0x00000000cb400000, 0x00000000cb500000|  0%| F|  |TAMS 0x00000000cb400000, 0x00000000cb400000| Untracked 
| 153|0x00000000cb500000, 0x00000000cb500000, 0x00000000cb600000|  0%| F|  |TAMS 0x00000000cb500000, 0x00000000cb500000| Untracked 
| 154|0x00000000cb600000, 0x00000000cb600000, 0x00000000cb700000|  0%| F|  |TAMS 0x00000000cb600000, 0x00000000cb600000| Untracked 
| 155|0x00000000cb700000, 0x00000000cb700000, 0x00000000cb800000|  0%| F|  |TAMS 0x00000000cb700000, 0x00000000cb700000| Untracked 
| 156|0x00000000cb800000, 0x00000000cb800000, 0x00000000cb900000|  0%| F|  |TAMS 0x00000000cb800000, 0x00000000cb800000| Untracked 
| 157|0x00000000cb900000, 0x00000000cb900000, 0x00000000cba00000|  0%| F|  |TAMS 0x00000000cb900000, 0x00000000cb900000| Untracked 
| 158|0x00000000cba00000, 0x00000000cba00000, 0x00000000cbb00000|  0%| F|  |TAMS 0x00000000cba00000, 0x00000000cba00000| Untracked 
| 159|0x00000000cbb00000, 0x00000000cbb00000, 0x00000000cbc00000|  0%| F|  |TAMS 0x00000000cbb00000, 0x00000000cbb00000| Untracked 
| 160|0x00000000cbc00000, 0x00000000cbc00000, 0x00000000cbd00000|  0%| F|  |TAMS 0x00000000cbc00000, 0x00000000cbc00000| Untracked 
| 161|0x00000000cbd00000, 0x00000000cbd00000, 0x00000000cbe00000|  0%| F|  |TAMS 0x00000000cbd00000, 0x00000000cbd00000| Untracked 
| 162|0x00000000cbe00000, 0x00000000cbe00000, 0x00000000cbf00000|  0%| F|  |TAMS 0x00000000cbe00000, 0x00000000cbe00000| Untracked 
| 163|0x00000000cbf00000, 0x00000000cbf00000, 0x00000000cc000000|  0%| F|  |TAMS 0x00000000cbf00000, 0x00000000cbf00000| Untracked 
| 164|0x00000000cc000000, 0x00000000cc000000, 0x00000000cc100000|  0%| F|  |TAMS 0x00000000cc000000, 0x00000000cc000000| Untracked 
| 165|0x00000000cc100000, 0x00000000cc100000, 0x00000000cc200000|  0%| F|  |TAMS 0x00000000cc100000, 0x00000000cc100000| Untracked 
| 166|0x00000000cc200000, 0x00000000cc200000, 0x00000000cc300000|  0%| F|  |TAMS 0x00000000cc200000, 0x00000000cc200000| Untracked 
| 167|0x00000000cc300000, 0x00000000cc300000, 0x00000000cc400000|  0%| F|  |TAMS 0x00000000cc300000, 0x00000000cc300000| Untracked 
| 168|0x00000000cc400000, 0x00000000cc400000, 0x00000000cc500000|  0%| F|  |TAMS 0x00000000cc400000, 0x00000000cc400000| Untracked 
| 169|0x00000000cc500000, 0x00000000cc500000, 0x00000000cc600000|  0%| F|  |TAMS 0x00000000cc500000, 0x00000000cc500000| Untracked 
| 170|0x00000000cc600000, 0x00000000cc600000, 0x00000000cc700000|  0%| F|  |TAMS 0x00000000cc600000, 0x00000000cc600000| Untracked 
| 171|0x00000000cc700000, 0x00000000cc700000, 0x00000000cc800000|  0%| F|  |TAMS 0x00000000cc700000, 0x00000000cc700000| Untracked 
| 172|0x00000000cc800000, 0x00000000cc800000, 0x00000000cc900000|  0%| F|  |TAMS 0x00000000cc800000, 0x00000000cc800000| Untracked 
| 173|0x00000000cc900000, 0x00000000cc900000, 0x00000000cca00000|  0%| F|  |TAMS 0x00000000cc900000, 0x00000000cc900000| Untracked 
| 174|0x00000000cca00000, 0x00000000cca00000, 0x00000000ccb00000|  0%| F|  |TAMS 0x00000000cca00000, 0x00000000cca00000| Untracked 
| 175|0x00000000ccb00000, 0x00000000ccb00000, 0x00000000ccc00000|  0%| F|  |TAMS 0x00000000ccb00000, 0x00000000ccb00000| Untracked 
| 176|0x00000000ccc00000, 0x00000000ccc00000, 0x00000000ccd00000|  0%| F|  |TAMS 0x00000000ccc00000, 0x00000000ccc00000| Untracked 
| 177|0x00000000ccd00000, 0x00000000ccd00000, 0x00000000cce00000|  0%| F|  |TAMS 0x00000000ccd00000, 0x00000000ccd00000| Untracked 
| 178|0x00000000cce00000, 0x00000000cce00000, 0x00000000ccf00000|  0%| F|  |TAMS 0x00000000cce00000, 0x00000000cce00000| Untracked 
| 179|0x00000000ccf00000, 0x00000000ccf00000, 0x00000000cd000000|  0%| F|  |TAMS 0x00000000ccf00000, 0x00000000ccf00000| Untracked 
| 180|0x00000000cd000000, 0x00000000cd000000, 0x00000000cd100000|  0%| F|  |TAMS 0x00000000cd000000, 0x00000000cd000000| Untracked 
| 181|0x00000000cd100000, 0x00000000cd100000, 0x00000000cd200000|  0%| F|  |TAMS 0x00000000cd100000, 0x00000000cd100000| Untracked 
| 182|0x00000000cd200000, 0x00000000cd200000, 0x00000000cd300000|  0%| F|  |TAMS 0x00000000cd200000, 0x00000000cd200000| Untracked 
| 183|0x00000000cd300000, 0x00000000cd300000, 0x00000000cd400000|  0%| F|  |TAMS 0x00000000cd300000, 0x00000000cd300000| Untracked 
| 184|0x00000000cd400000, 0x00000000cd400000, 0x00000000cd500000|  0%| F|  |TAMS 0x00000000cd400000, 0x00000000cd400000| Untracked 
| 185|0x00000000cd500000, 0x00000000cd500000, 0x00000000cd600000|  0%| F|  |TAMS 0x00000000cd500000, 0x00000000cd500000| Untracked 
| 186|0x00000000cd600000, 0x00000000cd600000, 0x00000000cd700000|  0%| F|  |TAMS 0x00000000cd600000, 0x00000000cd600000| Untracked 
| 187|0x00000000cd700000, 0x00000000cd700000, 0x00000000cd800000|  0%| F|  |TAMS 0x00000000cd700000, 0x00000000cd700000| Untracked 
| 188|0x00000000cd800000, 0x00000000cd800000, 0x00000000cd900000|  0%| F|  |TAMS 0x00000000cd800000, 0x00000000cd800000| Untracked 
| 189|0x00000000cd900000, 0x00000000cd900000, 0x00000000cda00000|  0%| F|  |TAMS 0x00000000cd900000, 0x00000000cd900000| Untracked 
| 190|0x00000000cda00000, 0x00000000cda00000, 0x00000000cdb00000|  0%| F|  |TAMS 0x00000000cda00000, 0x00000000cda00000| Untracked 
| 191|0x00000000cdb00000, 0x00000000cdb00000, 0x00000000cdc00000|  0%| F|  |TAMS 0x00000000cdb00000, 0x00000000cdb00000| Untracked 
| 192|0x00000000cdc00000, 0x00000000cdc00000, 0x00000000cdd00000|  0%| F|  |TAMS 0x00000000cdc00000, 0x00000000cdc00000| Untracked 
| 193|0x00000000cdd00000, 0x00000000cdd00000, 0x00000000cde00000|  0%| F|  |TAMS 0x00000000cdd00000, 0x00000000cdd00000| Untracked 
| 194|0x00000000cde00000, 0x00000000cde00000, 0x00000000cdf00000|  0%| F|  |TAMS 0x00000000cde00000, 0x00000000cde00000| Untracked 
| 195|0x00000000cdf00000, 0x00000000cdf00000, 0x00000000ce000000|  0%| F|  |TAMS 0x00000000cdf00000, 0x00000000cdf00000| Untracked 
| 196|0x00000000ce000000, 0x00000000ce000000, 0x00000000ce100000|  0%| F|  |TAMS 0x00000000ce000000, 0x00000000ce000000| Untracked 
| 197|0x00000000ce100000, 0x00000000ce100000, 0x00000000ce200000|  0%| F|  |TAMS 0x00000000ce100000, 0x00000000ce100000| Untracked 
| 198|0x00000000ce200000, 0x00000000ce200000, 0x00000000ce300000|  0%| F|  |TAMS 0x00000000ce200000, 0x00000000ce200000| Untracked 
| 199|0x00000000ce300000, 0x00000000ce300000, 0x00000000ce400000|  0%| F|  |TAMS 0x00000000ce300000, 0x00000000ce300000| Untracked 
| 200|0x00000000ce400000, 0x00000000ce400000, 0x00000000ce500000|  0%| F|  |TAMS 0x00000000ce400000, 0x00000000ce400000| Untracked 
| 201|0x00000000ce500000, 0x00000000ce500000, 0x00000000ce600000|  0%| F|  |TAMS 0x00000000ce500000, 0x00000000ce500000| Untracked 
| 202|0x00000000ce600000, 0x00000000ce600000, 0x00000000ce700000|  0%| F|  |TAMS 0x00000000ce600000, 0x00000000ce600000| Untracked 
| 203|0x00000000ce700000, 0x00000000ce700000, 0x00000000ce800000|  0%| F|  |TAMS 0x00000000ce700000, 0x00000000ce700000| Untracked 
| 204|0x00000000ce800000, 0x00000000ce800000, 0x00000000ce900000|  0%| F|  |TAMS 0x00000000ce800000, 0x00000000ce800000| Untracked 
| 205|0x00000000ce900000, 0x00000000ce900000, 0x00000000cea00000|  0%| F|  |TAMS 0x00000000ce900000, 0x00000000ce900000| Untracked 
| 206|0x00000000cea00000, 0x00000000cea00000, 0x00000000ceb00000|  0%| F|  |TAMS 0x00000000cea00000, 0x00000000cea00000| Untracked 
| 207|0x00000000ceb00000, 0x00000000ceb00000, 0x00000000cec00000|  0%| F|  |TAMS 0x00000000ceb00000, 0x00000000ceb00000| Untracked 
| 208|0x00000000cec00000, 0x00000000cec00000, 0x00000000ced00000|  0%| F|  |TAMS 0x00000000cec00000, 0x00000000cec00000| Untracked 
| 209|0x00000000ced00000, 0x00000000ced00000, 0x00000000cee00000|  0%| F|  |TAMS 0x00000000ced00000, 0x00000000ced00000| Untracked 
| 210|0x00000000cee00000, 0x00000000cee00000, 0x00000000cef00000|  0%| F|  |TAMS 0x00000000cee00000, 0x00000000cee00000| Untracked 
| 211|0x00000000cef00000, 0x00000000cef00000, 0x00000000cf000000|  0%| F|  |TAMS 0x00000000cef00000, 0x00000000cef00000| Untracked 
| 212|0x00000000cf000000, 0x00000000cf000000, 0x00000000cf100000|  0%| F|  |TAMS 0x00000000cf000000, 0x00000000cf000000| Untracked 
| 213|0x00000000cf100000, 0x00000000cf100000, 0x00000000cf200000|  0%| F|  |TAMS 0x00000000cf100000, 0x00000000cf100000| Untracked 
| 214|0x00000000cf200000, 0x00000000cf200000, 0x00000000cf300000|  0%| F|  |TAMS 0x00000000cf200000, 0x00000000cf200000| Untracked 
| 215|0x00000000cf300000, 0x00000000cf300000, 0x00000000cf400000|  0%| F|  |TAMS 0x00000000cf300000, 0x00000000cf300000| Untracked 
| 216|0x00000000cf400000, 0x00000000cf400000, 0x00000000cf500000|  0%| F|  |TAMS 0x00000000cf400000, 0x00000000cf400000| Untracked 
| 217|0x00000000cf500000, 0x00000000cf500000, 0x00000000cf600000|  0%| F|  |TAMS 0x00000000cf500000, 0x00000000cf500000| Untracked 
| 218|0x00000000cf600000, 0x00000000cf600000, 0x00000000cf700000|  0%| F|  |TAMS 0x00000000cf600000, 0x00000000cf600000| Untracked 
| 219|0x00000000cf700000, 0x00000000cf700000, 0x00000000cf800000|  0%| F|  |TAMS 0x00000000cf700000, 0x00000000cf700000| Untracked 
| 220|0x00000000cf800000, 0x00000000cf800000, 0x00000000cf900000|  0%| F|  |TAMS 0x00000000cf800000, 0x00000000cf800000| Untracked 
| 221|0x00000000cf900000, 0x00000000cf900000, 0x00000000cfa00000|  0%| F|  |TAMS 0x00000000cf900000, 0x00000000cf900000| Untracked 
| 222|0x00000000cfa00000, 0x00000000cfa00000, 0x00000000cfb00000|  0%| F|  |TAMS 0x00000000cfa00000, 0x00000000cfa00000| Untracked 
| 223|0x00000000cfb00000, 0x00000000cfb00000, 0x00000000cfc00000|  0%| F|  |TAMS 0x00000000cfb00000, 0x00000000cfb00000| Untracked 
| 224|0x00000000cfc00000, 0x00000000cfc00000, 0x00000000cfd00000|  0%| F|  |TAMS 0x00000000cfc00000, 0x00000000cfc00000| Untracked 
| 225|0x00000000cfd00000, 0x00000000cfd00000, 0x00000000cfe00000|  0%| F|  |TAMS 0x00000000cfd00000, 0x00000000cfd00000| Untracked 
| 226|0x00000000cfe00000, 0x00000000cfe00000, 0x00000000cff00000|  0%| F|  |TAMS 0x00000000cfe00000, 0x00000000cfe00000| Untracked 
| 227|0x00000000cff00000, 0x00000000cff00000, 0x00000000d0000000|  0%| F|  |TAMS 0x00000000cff00000, 0x00000000cff00000| Untracked 
| 228|0x00000000d0000000, 0x00000000d0000000, 0x00000000d0100000|  0%| F|  |TAMS 0x00000000d0000000, 0x00000000d0000000| Untracked 
| 229|0x00000000d0100000, 0x00000000d0100000, 0x00000000d0200000|  0%| F|  |TAMS 0x00000000d0100000, 0x00000000d0100000| Untracked 
| 230|0x00000000d0200000, 0x00000000d0200000, 0x00000000d0300000|  0%| F|  |TAMS 0x00000000d0200000, 0x00000000d0200000| Untracked 
| 231|0x00000000d0300000, 0x00000000d0300000, 0x00000000d0400000|  0%| F|  |TAMS 0x00000000d0300000, 0x00000000d0300000| Untracked 
| 232|0x00000000d0400000, 0x00000000d0400000, 0x00000000d0500000|  0%| F|  |TAMS 0x00000000d0400000, 0x00000000d0400000| Untracked 
| 233|0x00000000d0500000, 0x00000000d0500000, 0x00000000d0600000|  0%| F|  |TAMS 0x00000000d0500000, 0x00000000d0500000| Untracked 
| 234|0x00000000d0600000, 0x00000000d0600000, 0x00000000d0700000|  0%| F|  |TAMS 0x00000000d0600000, 0x00000000d0600000| Untracked 
| 235|0x00000000d0700000, 0x00000000d0700000, 0x00000000d0800000|  0%| F|  |TAMS 0x00000000d0700000, 0x00000000d0700000| Untracked 
| 236|0x00000000d0800000, 0x00000000d0800000, 0x00000000d0900000|  0%| F|  |TAMS 0x00000000d0800000, 0x00000000d0800000| Untracked 
| 237|0x00000000d0900000, 0x00000000d0900000, 0x00000000d0a00000|  0%| F|  |TAMS 0x00000000d0900000, 0x00000000d0900000| Untracked 
| 238|0x00000000d0a00000, 0x00000000d0a00000, 0x00000000d0b00000|  0%| F|  |TAMS 0x00000000d0a00000, 0x00000000d0a00000| Untracked 
| 239|0x00000000d0b00000, 0x00000000d0b00000, 0x00000000d0c00000|  0%| F|  |TAMS 0x00000000d0b00000, 0x00000000d0b00000| Untracked 
| 240|0x00000000d0c00000, 0x00000000d0c00000, 0x00000000d0d00000|  0%| F|  |TAMS 0x00000000d0c00000, 0x00000000d0c00000| Untracked 
| 241|0x00000000d0d00000, 0x00000000d0d00000, 0x00000000d0e00000|  0%| F|  |TAMS 0x00000000d0d00000, 0x00000000d0d00000| Untracked 
| 242|0x00000000d0e00000, 0x00000000d0e00000, 0x00000000d0f00000|  0%| F|  |TAMS 0x00000000d0e00000, 0x00000000d0e00000| Untracked 
| 243|0x00000000d0f00000, 0x00000000d0f00000, 0x00000000d1000000|  0%| F|  |TAMS 0x00000000d0f00000, 0x00000000d0f00000| Untracked 
| 244|0x00000000d1000000, 0x00000000d1000000, 0x00000000d1100000|  0%| F|  |TAMS 0x00000000d1000000, 0x00000000d1000000| Untracked 
| 245|0x00000000d1100000, 0x00000000d1100000, 0x00000000d1200000|  0%| F|  |TAMS 0x00000000d1100000, 0x00000000d1100000| Untracked 
| 246|0x00000000d1200000, 0x00000000d1200000, 0x00000000d1300000|  0%| F|  |TAMS 0x00000000d1200000, 0x00000000d1200000| Untracked 
| 247|0x00000000d1300000, 0x00000000d1300000, 0x00000000d1400000|  0%| F|  |TAMS 0x00000000d1300000, 0x00000000d1300000| Untracked 
| 248|0x00000000d1400000, 0x00000000d1400000, 0x00000000d1500000|  0%| F|  |TAMS 0x00000000d1400000, 0x00000000d1400000| Untracked 
| 249|0x00000000d1500000, 0x00000000d1500000, 0x00000000d1600000|  0%| F|  |TAMS 0x00000000d1500000, 0x00000000d1500000| Untracked 
| 250|0x00000000d1600000, 0x00000000d1600000, 0x00000000d1700000|  0%| F|  |TAMS 0x00000000d1600000, 0x00000000d1600000| Untracked 
| 251|0x00000000d1700000, 0x00000000d1700000, 0x00000000d1800000|  0%| F|  |TAMS 0x00000000d1700000, 0x00000000d1700000| Untracked 
| 252|0x00000000d1800000, 0x00000000d1800000, 0x00000000d1900000|  0%| F|  |TAMS 0x00000000d1800000, 0x00000000d1800000| Untracked 
| 253|0x00000000d1900000, 0x00000000d1900000, 0x00000000d1a00000|  0%| F|  |TAMS 0x00000000d1900000, 0x00000000d1900000| Untracked 
| 254|0x00000000d1a00000, 0x00000000d1a00000, 0x00000000d1b00000|  0%| F|  |TAMS 0x00000000d1a00000, 0x00000000d1a00000| Untracked 
| 255|0x00000000d1b00000, 0x00000000d1b00000, 0x00000000d1c00000|  0%| F|  |TAMS 0x00000000d1b00000, 0x00000000d1b00000| Untracked 
| 256|0x00000000d1c00000, 0x00000000d1c00000, 0x00000000d1d00000|  0%| F|  |TAMS 0x00000000d1c00000, 0x00000000d1c00000| Untracked 
| 257|0x00000000d1d00000, 0x00000000d1d00000, 0x00000000d1e00000|  0%| F|  |TAMS 0x00000000d1d00000, 0x00000000d1d00000| Untracked 
| 258|0x00000000d1e00000, 0x00000000d1e00000, 0x00000000d1f00000|  0%| F|  |TAMS 0x00000000d1e00000, 0x00000000d1e00000| Untracked 
| 259|0x00000000d1f00000, 0x00000000d1f00000, 0x00000000d2000000|  0%| F|  |TAMS 0x00000000d1f00000, 0x00000000d1f00000| Untracked 
| 260|0x00000000d2000000, 0x00000000d2000000, 0x00000000d2100000|  0%| F|  |TAMS 0x00000000d2000000, 0x00000000d2000000| Untracked 
| 261|0x00000000d2100000, 0x00000000d2100000, 0x00000000d2200000|  0%| F|  |TAMS 0x00000000d2100000, 0x00000000d2100000| Untracked 
| 262|0x00000000d2200000, 0x00000000d2200000, 0x00000000d2300000|  0%| F|  |TAMS 0x00000000d2200000, 0x00000000d2200000| Untracked 
| 263|0x00000000d2300000, 0x00000000d2300000, 0x00000000d2400000|  0%| F|  |TAMS 0x00000000d2300000, 0x00000000d2300000| Untracked 
| 264|0x00000000d2400000, 0x00000000d2400000, 0x00000000d2500000|  0%| F|  |TAMS 0x00000000d2400000, 0x00000000d2400000| Untracked 
| 265|0x00000000d2500000, 0x00000000d2500000, 0x00000000d2600000|  0%| F|  |TAMS 0x00000000d2500000, 0x00000000d2500000| Untracked 
| 266|0x00000000d2600000, 0x00000000d2600000, 0x00000000d2700000|  0%| F|  |TAMS 0x00000000d2600000, 0x00000000d2600000| Untracked 
| 267|0x00000000d2700000, 0x00000000d2700000, 0x00000000d2800000|  0%| F|  |TAMS 0x00000000d2700000, 0x00000000d2700000| Untracked 
| 268|0x00000000d2800000, 0x00000000d2800000, 0x00000000d2900000|  0%| F|  |TAMS 0x00000000d2800000, 0x00000000d2800000| Untracked 
| 269|0x00000000d2900000, 0x00000000d2900000, 0x00000000d2a00000|  0%| F|  |TAMS 0x00000000d2900000, 0x00000000d2900000| Untracked 
| 270|0x00000000d2a00000, 0x00000000d2a00000, 0x00000000d2b00000|  0%| F|  |TAMS 0x00000000d2a00000, 0x00000000d2a00000| Untracked 
| 271|0x00000000d2b00000, 0x00000000d2b00000, 0x00000000d2c00000|  0%| F|  |TAMS 0x00000000d2b00000, 0x00000000d2b00000| Untracked 
| 272|0x00000000d2c00000, 0x00000000d2c00000, 0x00000000d2d00000|  0%| F|  |TAMS 0x00000000d2c00000, 0x00000000d2c00000| Untracked 
| 273|0x00000000d2d00000, 0x00000000d2d00000, 0x00000000d2e00000|  0%| F|  |TAMS 0x00000000d2d00000, 0x00000000d2d00000| Untracked 
| 274|0x00000000d2e00000, 0x00000000d2e00000, 0x00000000d2f00000|  0%| F|  |TAMS 0x00000000d2e00000, 0x00000000d2e00000| Untracked 
| 275|0x00000000d2f00000, 0x00000000d2f00000, 0x00000000d3000000|  0%| F|  |TAMS 0x00000000d2f00000, 0x00000000d2f00000| Untracked 

Card table byte_map: [0x0000023266180000,0x0000023266380000] _byte_map_base: 0x0000023265b72000

Marking Bits (Prev, Next): (CMBitMap*) 0x0000023260538560, (CMBitMap*) 0x00000232605385a0
 Prev Bits: [0x0000023266580000, 0x0000023267510000)
 Next Bits: [0x0000023267510000, 0x00000232684a0000)

Polling page: 0x000002325e3a0000

Metaspace:

Usage:
  Non-class:     29.85 MB used.
      Class:      4.46 MB used.
       Both:     34.31 MB used.

Virtual space:
  Non-class space:       32.00 MB reserved,      30.00 MB ( 94%) committed,  4 nodes.
      Class space:        1.00 GB reserved,       4.62 MB ( <1%) committed,  1 nodes.
             Both:        1.03 GB reserved,      34.62 MB (  3%) committed. 

Chunk freelists:
   Non-Class:  1.98 MB
       Class:  3.35 MB
        Both:  5.33 MB

MaxMetaspaceSize: unlimited
CompressedClassSpaceSize: 1.00 GB
Initial GC threshold: 21.00 MB
Current GC threshold: 57.62 MB
CDS: off
MetaspaceReclaimPolicy: balanced
 - commit_granule_bytes: 65536.
 - commit_granule_words: 8192.
 - virtual_space_node_default_size: 1048576.
 - enlarge_chunks_in_place: 1.
 - new_chunks_are_fully_committed: 0.
 - uncommit_free_chunks: 1.
 - use_allocation_guard: 0.
 - handle_deallocations: 1.


Internal statistics:

num_allocs_failed_limit: 3.
num_arena_births: 300.
num_arena_deaths: 0.
num_vsnodes_births: 5.
num_vsnodes_deaths: 0.
num_space_committed: 554.
num_space_uncommitted: 0.
num_chunks_returned_to_freelist: 3.
num_chunks_taken_from_freelist: 1279.
num_chunk_merges: 3.
num_chunk_splits: 883.
num_chunks_enlarged: 705.
num_purges: 0.
num_inconsistent_stats: 0.

CodeCache: size=49152Kb used=8362Kb max_used=8362Kb free=40790Kb
 bounds [0x0000023263180000, 0x00000232639b0000, 0x0000023266180000]
 total_blobs=4136 nmethods=3611 adapters=450
 compilation: enabled
              stopped_count=0, restarted_count=0
 full_count=0

Compilation events (20 events):
Event: 5.901 Thread 0x000002326be66700 3606       1       io.github.classgraph.Classfile::readBasicClassInfo (339 bytes)
Event: 5.901 Thread 0x000002326a98f0a0 nmethod 3603 0x000002326399cc10 code [0x000002326399ce20, 0x000002326399d3e8]
Event: 5.901 Thread 0x000002326a98f0a0 3593       1       io.github.classgraph.Scanner$ClassfileScannerWorkUnitProcessor::processWorkUnit (11 bytes)
Event: 5.901 Thread 0x000002326a98f0a0 nmethod 3593 0x000002326399d710 code [0x000002326399d8a0, 0x000002326399d9a8]
Event: 5.901 Thread 0x000002326a98f0a0 3594   !   1       io.github.classgraph.Scanner$ClassfileScannerWorkUnitProcessor::processWorkUnit (291 bytes)
Event: 5.901 Thread 0x000002326b5a9cc0 nmethod 3607 0x000002326399da90 code [0x000002326399dc80, 0x000002326399e1a8]
Event: 5.901 Thread 0x000002326b5a9cc0 3595   !   1       io.github.classgraph.Classfile::<init> (860 bytes)
Event: 5.903 Thread 0x000002326be66700 nmethod 3606 0x000002326399e490 code [0x000002326399e800, 0x000002326399f628]
Event: 5.903 Thread 0x000002326be66700 3598       1       io.github.classgraph.ModuleReaderProxy::open (72 bytes)
Event: 5.903 Thread 0x000002326a98f0a0 nmethod 3594 0x000002326399fe10 code [0x00000232639a01c0, 0x00000232639a1128]
Event: 5.903 Thread 0x000002326a98f0a0 3596       1       io.github.classgraph.ClasspathElementModule$1::openClassfile (13 bytes)
Event: 5.903 Thread 0x000002326a98f0a0 nmethod 3596 0x00000232639a1a10 code [0x00000232639a1bc0, 0x00000232639a1ec8]
Event: 5.903 Thread 0x000002326a98f0a0 3597   !   1       io.github.classgraph.ClasspathElementModule$1::open (129 bytes)
Event: 5.904 Thread 0x000002326be66700 nmethod 3598 0x00000232639a1f90 code [0x00000232639a21a0, 0x00000232639a2688]
Event: 5.904 Thread 0x000002326be66700 3608   !   1       nonapi.io.github.classgraph.fileslice.reader.ClassfileReader::close (43 bytes)
Event: 5.904 Thread 0x000002326be66700 nmethod 3608 0x00000232639a2890 code [0x00000232639a2a40, 0x00000232639a2c18]
Event: 5.905 Thread 0x000002326a98f0a0 nmethod 3597 0x00000232639a2d10 code [0x00000232639a2fc0, 0x00000232639a3a78]
Event: 5.914 Thread 0x000002326b5a9cc0 nmethod 3595 0x00000232639a4090 code [0x00000232639a48c0, 0x00000232639a7408]
Event: 5.955 Thread 0x000002326b5a9cc0 3611  s!   1       jdk.internal.loader.URLClassPath::getLoader (196 bytes)
Event: 5.956 Thread 0x000002326b5a9cc0 nmethod 3611 0x00000232639a8e90 code [0x00000232639a9140, 0x00000232639a9b58]

GC Heap History (20 events):
Event: 4.995 GC heap after
{Heap after GC invocations=12 (full 0):
 garbage-first heap   total 67584K, used 29736K [0x00000000c1c00000, 0x0000000100000000)
  region size 1024K, 4 young (4096K), 4 survivors (4096K)
 Metaspace       used 33111K, committed 33344K, reserved 1081344K
  class space    used 4199K, committed 4288K, reserved 1048576K
}
Event: 5.071 GC heap before
{Heap before GC invocations=12 (full 0):
 garbage-first heap   total 67584K, used 49192K [0x00000000c1c00000, 0x0000000100000000)
  region size 1024K, 23 young (23552K), 4 survivors (4096K)
 Metaspace       used 33333K, committed 33600K, reserved 1081344K
  class space    used 4235K, committed 4352K, reserved 1048576K
}
Event: 5.081 GC heap after
{Heap after GC invocations=13 (full 0):
 garbage-first heap   total 100352K, used 33383K [0x00000000c1c00000, 0x0000000100000000)
  region size 1024K, 3 young (3072K), 3 survivors (3072K)
 Metaspace       used 33333K, committed 33600K, reserved 1081344K
  class space    used 4235K, committed 4352K, reserved 1048576K
}
Event: 5.406 GC heap before
{Heap before GC invocations=13 (full 0):
 garbage-first heap   total 100352K, used 73319K [0x00000000c1c00000, 0x0000000100000000)
  region size 1024K, 42 young (43008K), 3 survivors (3072K)
 Metaspace       used 34216K, committed 34560K, reserved 1081344K
  class space    used 4369K, committed 4544K, reserved 1048576K
}
Event: 5.423 GC heap after
{Heap after GC invocations=14 (full 0):
 garbage-first heap   total 100352K, used 44229K [0x00000000c1c00000, 0x0000000100000000)
  region size 1024K, 6 young (6144K), 6 survivors (6144K)
 Metaspace       used 34216K, committed 34560K, reserved 1081344K
  class space    used 4369K, committed 4544K, reserved 1048576K
}
Event: 5.688 GC heap before
{Heap before GC invocations=14 (full 0):
 garbage-first heap   total 100352K, used 72901K [0x00000000c1c00000, 0x0000000100000000)
  region size 1024K, 34 young (34816K), 6 survivors (6144K)
 Metaspace       used 34975K, committed 35264K, reserved 1081344K
  class space    used 4544K, committed 4672K, reserved 1048576K
}
Event: 5.705 GC heap after
{Heap after GC invocations=15 (full 0):
 garbage-first heap   total 100352K, used 55600K [0x00000000c1c00000, 0x0000000100000000)
  region size 1024K, 5 young (5120K), 5 survivors (5120K)
 Metaspace       used 34975K, committed 35264K, reserved 1081344K
  class space    used 4544K, committed 4672K, reserved 1048576K
}
Event: 5.707 GC heap before
{Heap before GC invocations=15 (full 0):
 garbage-first heap   total 100352K, used 55600K [0x00000000c1c00000, 0x0000000100000000)
  region size 1024K, 6 young (6144K), 5 survivors (5120K)
 Metaspace       used 34975K, committed 35264K, reserved 1081344K
  class space    used 4544K, committed 4672K, reserved 1048576K
}
Event: 5.716 GC heap after
{Heap after GC invocations=16 (full 0):
 garbage-first heap   total 100352K, used 57161K [0x00000000c1c00000, 0x0000000100000000)
  region size 1024K, 1 young (1024K), 1 survivors (1024K)
 Metaspace       used 34975K, committed 35264K, reserved 1081344K
  class space    used 4544K, committed 4672K, reserved 1048576K
}
Event: 5.809 GC heap before
{Heap before GC invocations=16 (full 0):
 garbage-first heap   total 100352K, used 75593K [0x00000000c1c00000, 0x0000000100000000)
  region size 1024K, 19 young (19456K), 1 survivors (1024K)
 Metaspace       used 35065K, committed 35392K, reserved 1081344K
  class space    used 4554K, committed 4736K, reserved 1048576K
}
Event: 5.829 GC heap after
{Heap after GC invocations=17 (full 0):
 garbage-first heap   total 282624K, used 62328K [0x00000000c1c00000, 0x0000000100000000)
  region size 1024K, 3 young (3072K), 3 survivors (3072K)
 Metaspace       used 35065K, committed 35392K, reserved 1081344K
  class space    used 4554K, committed 4736K, reserved 1048576K
}
Event: 6.046 GC heap before
{Heap before GC invocations=18 (full 0):
 garbage-first heap   total 282624K, used 184184K [0x00000000c1c00000, 0x0000000100000000)
  region size 1024K, 124 young (126976K), 3 survivors (3072K)
 Metaspace       used 35132K, committed 35456K, reserved 1081344K
  class space    used 4568K, committed 4736K, reserved 1048576K
}
Event: 6.059 GC heap after
{Heap after GC invocations=19 (full 0):
 garbage-first heap   total 282624K, used 66315K [0x00000000c1c00000, 0x0000000100000000)
  region size 1024K, 8 young (8192K), 8 survivors (8192K)
 Metaspace       used 35132K, committed 35456K, reserved 1081344K
  class space    used 4568K, committed 4736K, reserved 1048576K
}
Event: 6.171 GC heap before
{Heap before GC invocations=19 (full 0):
 garbage-first heap   total 282624K, used 214795K [0x00000000c1c00000, 0x0000000100000000)
  region size 1024K, 154 young (157696K), 8 survivors (8192K)
 Metaspace       used 35132K, committed 35456K, reserved 1081344K
  class space    used 4568K, committed 4736K, reserved 1048576K
}
Event: 6.188 GC heap after
{Heap after GC invocations=20 (full 0):
 garbage-first heap   total 282624K, used 72192K [0x00000000c1c00000, 0x0000000100000000)
  region size 1024K, 14 young (14336K), 14 survivors (14336K)
 Metaspace       used 35132K, committed 35456K, reserved 1081344K
  class space    used 4568K, committed 4736K, reserved 1048576K
}
Event: 6.285 GC heap before
{Heap before GC invocations=20 (full 0):
 garbage-first heap   total 282624K, used 219648K [0x00000000c1c00000, 0x0000000100000000)
  region size 1024K, 159 young (162816K), 14 survivors (14336K)
 Metaspace       used 35132K, committed 35456K, reserved 1081344K
  class space    used 4568K, committed 4736K, reserved 1048576K
}
Event: 6.303 GC heap after
{Heap after GC invocations=21 (full 0):
 garbage-first heap   total 282624K, used 78890K [0x00000000c1c00000, 0x0000000100000000)
  region size 1024K, 18 young (18432K), 18 survivors (18432K)
 Metaspace       used 35132K, committed 35456K, reserved 1081344K
  class space    used 4568K, committed 4736K, reserved 1048576K
}
Event: 6.397 GC heap before
{Heap before GC invocations=21 (full 0):
 garbage-first heap   total 282624K, used 223274K [0x00000000c1c00000, 0x0000000100000000)
  region size 1024K, 160 young (163840K), 18 survivors (18432K)
 Metaspace       used 35132K, committed 35456K, reserved 1081344K
  class space    used 4568K, committed 4736K, reserved 1048576K
}
Event: 6.408 GC heap after
{Heap after GC invocations=22 (full 0):
 garbage-first heap   total 282624K, used 83964K [0x00000000c1c00000, 0x0000000100000000)
  region size 1024K, 13 young (13312K), 13 survivors (13312K)
 Metaspace       used 35132K, committed 35456K, reserved 1081344K
  class space    used 4568K, committed 4736K, reserved 1048576K
}
Event: 6.628 GC heap before
{Heap before GC invocations=22 (full 0):
 garbage-first heap   total 282624K, used 228348K [0x00000000c1c00000, 0x0000000100000000)
  region size 1024K, 155 young (158720K), 13 survivors (13312K)
 Metaspace       used 35132K, committed 35456K, reserved 1081344K
  class space    used 4568K, committed 4736K, reserved 1048576K
}

Deoptimization events (12 events):
Event: 2.795 Thread 0x00000232604fa280 DEOPT PACKING pc=0x000002326362bc99 sp=0x000000929a5fd5b0
Event: 2.795 Thread 0x00000232604fa280 DEOPT UNPACKING pc=0x00000232631d2b43 sp=0x000000929a5fca90 mode 3
Event: 4.377 Thread 0x00000232604fa280 DEOPT PACKING pc=0x0000023263783899 sp=0x000000929a5fcb20
Event: 4.377 Thread 0x00000232604fa280 DEOPT UNPACKING pc=0x00000232631d2b43 sp=0x000000929a5fc000 mode 3
Event: 4.493 Thread 0x000002326d3e2440 DEOPT PACKING pc=0x00000232637e1c2b sp=0x000000929bcfe9a0
Event: 4.493 Thread 0x000002326d3e2440 DEOPT UNPACKING pc=0x00000232631d2b43 sp=0x000000929bcfdee8 mode 3
Event: 4.809 Thread 0x000002326d43c750 DEOPT PACKING pc=0x000002326362a301 sp=0x000000929bdff030
Event: 4.809 Thread 0x000002326d43c750 DEOPT UNPACKING pc=0x00000232631d2b43 sp=0x000000929bdfe4c0 mode 3
Event: 5.376 Thread 0x000002326d50c080 DEOPT PACKING pc=0x000002326394b6b5 sp=0x000000929c9fd950
Event: 5.376 Thread 0x000002326d50c080 DEOPT UNPACKING pc=0x00000232631d2b43 sp=0x000000929c9fce78 mode 3
Event: 5.601 Thread 0x000002326d47f030 DEOPT PACKING pc=0x0000023263625017 sp=0x000000929c2feb90
Event: 5.601 Thread 0x000002326d47f030 DEOPT UNPACKING pc=0x00000232631d2b43 sp=0x000000929c2fdfe8 mode 3

Classes unloaded (0 events):
No events

Classes redefined (0 events):
No events

Internal exceptions (20 events):
Event: 4.544 Thread 0x000002326d4f5020 Exception <a 'sun/nio/fs/WindowsException'{0x00000000c55619f8}> (0x00000000c55619f8) 
thrown [s\src\hotspot\share\prims\jni.cpp, line 516]
Event: 4.544 Thread 0x000002326d4f5020 Exception <a 'sun/nio/fs/WindowsException'{0x00000000c5561da0}> (0x00000000c5561da0) 
thrown [s\src\hotspot\share\prims\jni.cpp, line 516]
Event: 4.545 Thread 0x000002326d4f5020 Exception <a 'sun/nio/fs/WindowsException'{0x00000000c55627a0}> (0x00000000c55627a0) 
thrown [s\src\hotspot\share\prims\jni.cpp, line 516]
Event: 4.546 Thread 0x000002326d4f5020 Exception <a 'sun/nio/fs/WindowsException'{0x00000000c5562b60}> (0x00000000c5562b60) 
thrown [s\src\hotspot\share\prims\jni.cpp, line 516]
Event: 4.547 Thread 0x000002326d4f5020 Exception <a 'sun/nio/fs/WindowsException'{0x00000000c5563560}> (0x00000000c5563560) 
thrown [s\src\hotspot\share\prims\jni.cpp, line 516]
Event: 4.547 Thread 0x000002326d4f5020 Exception <a 'sun/nio/fs/WindowsException'{0x00000000c5563910}> (0x00000000c5563910) 
thrown [s\src\hotspot\share\prims\jni.cpp, line 516]
Event: 4.547 Thread 0x000002326d4f5020 Exception <a 'sun/nio/fs/WindowsException'{0x00000000c5564310}> (0x00000000c5564310) 
thrown [s\src\hotspot\share\prims\jni.cpp, line 516]
Event: 4.547 Thread 0x000002326d4f5020 Exception <a 'sun/nio/fs/WindowsException'{0x00000000c55646d0}> (0x00000000c55646d0) 
thrown [s\src\hotspot\share\prims\jni.cpp, line 516]
Event: 4.547 Thread 0x000002326d4f5020 Exception <a 'sun/nio/fs/WindowsException'{0x00000000c55650f8}> (0x00000000c55650f8) 
thrown [s\src\hotspot\share\prims\jni.cpp, line 516]
Event: 4.547 Thread 0x000002326d4f5020 Exception <a 'sun/nio/fs/WindowsException'{0x00000000c55654d8}> (0x00000000c55654d8) 
thrown [s\src\hotspot\share\prims\jni.cpp, line 516]
Event: 4.547 Thread 0x000002326d4f5020 Exception <a 'sun/nio/fs/WindowsException'{0x00000000c5565f10}> (0x00000000c5565f10) 
thrown [s\src\hotspot\share\prims\jni.cpp, line 516]
Event: 4.547 Thread 0x000002326d4f5020 Exception <a 'sun/nio/fs/WindowsException'{0x00000000c5566300}> (0x00000000c5566300) 
thrown [s\src\hotspot\share\prims\jni.cpp, line 516]
Event: 4.548 Thread 0x000002326d4f5020 Exception <a 'sun/nio/fs/WindowsException'{0x00000000c5566d28}> (0x00000000c5566d28) 
thrown [s\src\hotspot\share\prims\jni.cpp, line 516]
Event: 4.548 Thread 0x000002326d4f5020 Exception <a 'sun/nio/fs/WindowsException'{0x00000000c5567118}> (0x00000000c5567118) 
thrown [s\src\hotspot\share\prims\jni.cpp, line 516]
Event: 4.654 Thread 0x00000232604fa280 Exception <a 'java/lang/NoSuchMethodError'{0x00000000c4580c70}: 'java.lang.Object java.lang.invoke.DirectMethodHandle$Holder.newInvokeSpecial(java.lang.Object, java.lang.Object, int, java.lang.Object, java.lang.Object)'> (0x00000000c4580c70) 
thrown [s\src\hotspot\share\interpreter\linkResolver.cpp, line 759]
Event: 5.360 Thread 0x000002326d509a00 Exception <a 'java/lang/NoSuchMethodError'{0x00000000c596f5e8}: 'java.lang.Object java.lang.invoke.DirectMethodHandle$Holder.invokeStatic(java.lang.Object, java.lang.Object, java.lang.Object, int, java.lang.Object, java.lang.Object)'> (0x00000000c596f5e8) 
thrown [s\src\hotspot\share\interpreter\linkResolver.cpp, line 759]
Event: 5.369 Thread 0x000002326d50c080 Exception <a 'java/lang/NoSuchMethodError'{0x00000000c59abfb0}: 'java.lang.Object java.lang.invoke.DirectMethodHandle$Holder.invokeStatic(java.lang.Object, int, java.lang.Object)'> (0x00000000c59abfb0) 
thrown [s\src\hotspot\share\interpreter\linkResolver.cpp, line 759]
Event: 5.550 Thread 0x000002326d50c080 Exception <a 'java/lang/NoSuchMethodError'{0x00000000c7765c58}: 'int java.lang.invoke.DirectMethodHandle$Holder.invokeStatic(java.lang.Object)'> (0x00000000c7765c58) 
thrown [s\src\hotspot\share\interpreter\linkResolver.cpp, line 759]
Event: 5.551 Thread 0x000002326d50c080 Exception <a 'java/lang/NoSuchMethodError'{0x00000000c77693f0}: 'int java.lang.invoke.DirectMethodHandle$Holder.invokeStaticInit(java.lang.Object)'> (0x00000000c77693f0) 
thrown [s\src\hotspot\share\interpreter\linkResolver.cpp, line 759]
Event: 5.573 Thread 0x000002326d509a00 Exception <a 'java/lang/NoSuchMethodError'{0x00000000c76a6040}: 'int java.lang.invoke.DirectMethodHandle$Holder.invokeVirtual(java.lang.Object, java.lang.Object)'> (0x00000000c76a6040) 
thrown [s\src\hotspot\share\interpreter\linkResolver.cpp, line 759]

VM Operations (20 events):
Event: 5.983 Executing VM operation: G1Concurrent done
Event: 6.041 Executing VM operation: G1CollectForAllocation
Event: 6.046 Executing VM operation: G1CollectForAllocation done
Event: 6.046 Executing VM operation: G1CollectForAllocation
Event: 6.059 Executing VM operation: G1CollectForAllocation done
Event: 6.165 Executing VM operation: G1CollectForAllocation
Event: 6.171 Executing VM operation: G1CollectForAllocation done
Event: 6.171 Executing VM operation: G1CollectForAllocation
Event: 6.188 Executing VM operation: G1CollectForAllocation done
Event: 6.285 Executing VM operation: G1CollectForAllocation
Event: 6.285 Executing VM operation: G1CollectForAllocation done
Event: 6.285 Executing VM operation: G1CollectForAllocation
Event: 6.303 Executing VM operation: G1CollectForAllocation done
Event: 6.396 Executing VM operation: G1CollectForAllocation
Event: 6.397 Executing VM operation: G1CollectForAllocation done
Event: 6.397 Executing VM operation: G1CollectForAllocation
Event: 6.408 Executing VM operation: G1CollectForAllocation done
Event: 6.628 Executing VM operation: G1CollectForAllocation
Event: 6.628 Executing VM operation: G1CollectForAllocation done
Event: 6.628 Executing VM operation: G1CollectForAllocation

Events (20 events):
Event: 5.546 loading class java/util/concurrent/CompletableFuture$UniCompose done
Event: 5.546 Thread 0x000002326d50c550 Thread added: 0x000002326d50c550
Event: 5.546 loading class java/util/concurrent/CompletableFuture$Signaller
Event: 5.547 loading class java/util/concurrent/CompletableFuture$Signaller done
Event: 5.548 Thread 0x000002326d50a870 Thread added: 0x000002326d50a870
Event: 5.548 loading class java/util/concurrent/CompletableFuture$UniRelay
Event: 5.548 loading class java/util/concurrent/CompletableFuture$UniRelay done
Event: 5.560 Thread 0x000002326d50ad40 Thread added: 0x000002326d50ad40
Event: 5.565 loading class java/util/concurrent/CompletionException
Event: 5.565 loading class java/util/concurrent/CompletionException done
Event: 5.578 loading class java/io/PrintWriter
Event: 5.578 loading class java/io/PrintWriter done
Event: 5.582 loading class sun/nio/cs/StringUTF16
Event: 5.582 loading class sun/nio/cs/StringUTF16 done
Event: 5.584 loading class java/util/WeakHashMap$EntrySet
Event: 5.584 loading class java/util/WeakHashMap$EntrySet done
Event: 5.584 loading class java/util/WeakHashMap$EntryIterator
Event: 5.584 loading class java/util/WeakHashMap$HashIterator
Event: 5.584 loading class java/util/WeakHashMap$HashIterator done
Event: 5.584 loading class java/util/WeakHashMap$EntryIterator done


Dynamic libraries:
0x00007ff7c2120000 - 0x00007ff7c212e000 	c:\Users\sysic\.vscode\extensions\redhat.java-1.10.0-win32-x64\jre\17.0.4-win32-x86_64\bin\java.exe
0x00007ff888f30000 - 0x00007ff889128000 	C:\WINDOWS\SYSTEM32\ntdll.dll
0x00007ff888300000 - 0x00007ff8883bd000 	C:\WINDOWS\System32\KERNEL32.DLL
0x00007ff8868a0000 - 0x00007ff886b6e000 	C:\WINDOWS\System32\KERNELBASE.dll
0x00007ff883960000 - 0x00007ff8839f0000 	C:\WINDOWS\SYSTEM32\apphelp.dll
0x00007ff886de0000 - 0x00007ff886ee0000 	C:\WINDOWS\System32\ucrtbase.dll
0x00007ff864c00000 - 0x00007ff864c19000 	c:\Users\sysic\.vscode\extensions\redhat.java-1.10.0-win32-x64\jre\17.0.4-win32-x86_64\bin\VCRUNTIME140.dll
0x00007ff86c450000 - 0x00007ff86c468000 	c:\Users\sysic\.vscode\extensions\redhat.java-1.10.0-win32-x64\jre\17.0.4-win32-x86_64\bin\jli.dll
0x00007ff888920000 - 0x00007ff888ac0000 	C:\WINDOWS\System32\USER32.dll
0x00007ff86d520000 - 0x00007ff86d7ba000 	C:\WINDOWS\WinSxS\amd64_microsoft.windows.common-controls_6595b64144ccf1df_6.0.19041.1110_none_60b5254171f9507e\COMCTL32.dll
0x00007ff886db0000 - 0x00007ff886dd2000 	C:\WINDOWS\System32\win32u.dll
0x00007ff8882d0000 - 0x00007ff8882fa000 	C:\WINDOWS\System32\GDI32.dll
0x00007ff8880e0000 - 0x00007ff88817e000 	C:\WINDOWS\System32\msvcrt.dll
0x00007ff886b70000 - 0x00007ff886c7b000 	C:\WINDOWS\System32\gdi32full.dll
0x00007ff886c80000 - 0x00007ff886d1d000 	C:\WINDOWS\System32\msvcp_win.dll
0x00007ff886f90000 - 0x00007ff886fc0000 	C:\WINDOWS\System32\IMM32.DLL
0x00007ff87efe0000 - 0x00007ff87efec000 	c:\Users\sysic\.vscode\extensions\redhat.java-1.10.0-win32-x64\jre\17.0.4-win32-x86_64\bin\vcruntime140_1.dll
0x00007ff83e360000 - 0x00007ff83e3f1000 	c:\Users\sysic\.vscode\extensions\redhat.java-1.10.0-win32-x64\jre\17.0.4-win32-x86_64\bin\msvcp140.dll
0x00007fffcd660000 - 0x00007fffce2a6000 	c:\Users\sysic\.vscode\extensions\redhat.java-1.10.0-win32-x64\jre\17.0.4-win32-x86_64\bin\server\jvm.dll
0x00007ff887870000 - 0x00007ff88791e000 	C:\WINDOWS\System32\ADVAPI32.dll
0x00007ff888880000 - 0x00007ff88891c000 	C:\WINDOWS\System32\sechost.dll
0x00007ff8884f0000 - 0x00007ff888615000 	C:\WINDOWS\System32\RPCRT4.dll
0x00007ff887720000 - 0x00007ff887728000 	C:\WINDOWS\System32\PSAPI.DLL
0x00007ff873030000 - 0x00007ff873039000 	C:\WINDOWS\SYSTEM32\WSOCK32.dll
0x00007ff877ba0000 - 0x00007ff877baa000 	C:\WINDOWS\SYSTEM32\VERSION.dll
0x00007ff8887b0000 - 0x00007ff88881b000 	C:\WINDOWS\System32\WS2_32.dll
0x00007ff86c360000 - 0x00007ff86c387000 	C:\WINDOWS\SYSTEM32\WINMM.dll
0x00007ff885120000 - 0x00007ff885132000 	C:\WINDOWS\SYSTEM32\kernel.appcore.dll
0x00007ff87e2c0000 - 0x00007ff87e2ca000 	c:\Users\sysic\.vscode\extensions\redhat.java-1.10.0-win32-x64\jre\17.0.4-win32-x86_64\bin\jimage.dll
0x00007ff884b50000 - 0x00007ff884d34000 	C:\WINDOWS\SYSTEM32\DBGHELP.DLL
0x00007ff86eed0000 - 0x00007ff86eefc000 	C:\WINDOWS\SYSTEM32\dbgcore.DLL
0x00007ff886d20000 - 0x00007ff886da2000 	C:\WINDOWS\System32\bcryptPrimitives.dll
0x00007ff862340000 - 0x00007ff862365000 	c:\Users\sysic\.vscode\extensions\redhat.java-1.10.0-win32-x64\jre\17.0.4-win32-x86_64\bin\java.dll
0x00007ff85f300000 - 0x00007ff85f318000 	c:\Users\sysic\.vscode\extensions\redhat.java-1.10.0-win32-x64\jre\17.0.4-win32-x86_64\bin\zip.dll
0x00007ff886fd0000 - 0x00007ff887714000 	C:\WINDOWS\System32\SHELL32.dll
0x00007ff8842e0000 - 0x00007ff884a74000 	C:\WINDOWS\SYSTEM32\windows.storage.dll
0x00007ff888ac0000 - 0x00007ff888e14000 	C:\WINDOWS\System32\combase.dll
0x00007ff885fd0000 - 0x00007ff886000000 	C:\WINDOWS\SYSTEM32\Wldp.dll
0x00007ff888440000 - 0x00007ff8884ed000 	C:\WINDOWS\System32\SHCORE.dll
0x00007ff887e20000 - 0x00007ff887e75000 	C:\WINDOWS\System32\shlwapi.dll
0x00007ff886590000 - 0x00007ff8865af000 	C:\WINDOWS\SYSTEM32\profapi.dll
0x00007ff85f2e0000 - 0x00007ff85f2f9000 	C:\Users\sysic\.vscode\extensions\redhat.java-1.10.0-win32-x64\jre\17.0.4-win32-x86_64\bin\net.dll
0x00007ff876b60000 - 0x00007ff876c6a000 	C:\WINDOWS\SYSTEM32\WINHTTP.dll
0x00007ff885db0000 - 0x00007ff885e1a000 	C:\WINDOWS\system32\mswsock.dll
0x00007ff85dd50000 - 0x00007ff85dd65000 	C:\Users\sysic\.vscode\extensions\redhat.java-1.10.0-win32-x64\jre\17.0.4-win32-x86_64\bin\nio.dll
0x00007ff864be0000 - 0x00007ff864bf0000 	c:\Users\sysic\.vscode\extensions\redhat.java-1.10.0-win32-x64\jre\17.0.4-win32-x86_64\bin\verify.dll
0x00007ff85e3a0000 - 0x00007ff85e3a9000 	C:\Users\sysic\.vscode\extensions\redhat.java-1.10.0-win32-x64\jre\17.0.4-win32-x86_64\bin\management.dll
0x00007ff85e390000 - 0x00007ff85e39b000 	C:\Users\sysic\.vscode\extensions\redhat.java-1.10.0-win32-x64\jre\17.0.4-win32-x86_64\bin\management_ext.dll
0x00007ff85aa80000 - 0x00007ff85aa97000 	C:\WINDOWS\system32\napinsp.dll
0x00007ff85aa60000 - 0x00007ff85aa7b000 	C:\WINDOWS\system32\pnrpnsp.dll
0x00007ff8801c0000 - 0x00007ff8801d5000 	C:\WINDOWS\system32\wshbth.dll
0x00007ff8818a0000 - 0x00007ff8818bd000 	C:\WINDOWS\system32\NLAapi.dll
0x00007ff885a70000 - 0x00007ff885aab000 	C:\WINDOWS\SYSTEM32\IPHLPAPI.DLL
0x00007ff885ac0000 - 0x00007ff885b8a000 	C:\WINDOWS\SYSTEM32\DNSAPI.dll
0x00007ff886fc0000 - 0x00007ff886fc8000 	C:\WINDOWS\System32\NSI.dll
0x00007ff85a840000 - 0x00007ff85a852000 	C:\WINDOWS\System32\winrnr.dll
0x0000000050110000 - 0x0000000050136000 	C:\Program Files\Bonjour\mdnsNSP.dll
0x00007ff87b540000 - 0x00007ff87b54a000 	C:\Windows\System32\rasadhlp.dll
0x00007ff875320000 - 0x00007ff8753a0000 	C:\WINDOWS\System32\fwpuclnt.dll
0x00007ff886710000 - 0x00007ff886737000 	C:\WINDOWS\System32\bcrypt.dll
0x00007ff886310000 - 0x00007ff886328000 	C:\WINDOWS\SYSTEM32\CRYPTSP.dll
0x00007ff8856e0000 - 0x00007ff885714000 	C:\WINDOWS\system32\rsaenh.dll
0x00007ff886550000 - 0x00007ff88657e000 	C:\WINDOWS\SYSTEM32\USERENV.dll
0x00007ff885f40000 - 0x00007ff885f4c000 	C:\WINDOWS\SYSTEM32\CRYPTBASE.dll
0x00007ff876610000 - 0x00007ff876627000 	C:\WINDOWS\SYSTEM32\dhcpcsvc6.DLL
0x00007ff876f00000 - 0x00007ff876f1d000 	C:\WINDOWS\SYSTEM32\dhcpcsvc.DLL

dbghelp: loaded successfully - version: 4.0.5 - missing functions: none
symbol engine: initialized successfully - sym options: 0x614 - pdb path: .;c:\Users\sysic\.vscode\extensions\redhat.java-1.10.0-win32-x64\jre\17.0.4-win32-x86_64\bin;C:\WINDOWS\SYSTEM32;C:\WINDOWS\WinSxS\amd64_microsoft.windows.common-controls_6595b64144ccf1df_6.0.19041.1110_none_60b5254171f9507e;c:\Users\sysic\.vscode\extensions\redhat.java-1.10.0-win32-x64\jre\17.0.4-win32-x86_64\bin\server;C:\Program Files\Bonjour

VM Arguments:
jvm_args: -Dsts.lsp.client=vscode -Dsts.log.file=/dev/null -XX:TieredStopAtLevel=1 -Dspring.config.location=file:c:\Users\sysic\.vscode\extensions\pivotal.vscode-spring-boot-1.38.0\language-server\BOOT-INF\classes\application.properties 
java_command: org.springframework.ide.vscode.boot.app.BootLanguageServerBootApp
java_class_path (initial): c:\Users\sysic\.vscode\extensions\pivotal.vscode-spring-boot-1.38.0\language-server\BOOT-INF\classes;c:\Users\sysic\.vscode\extensions\pivotal.vscode-spring-boot-1.38.0\language-server\BOOT-INF\lib\annotations-23.0.0.jar;c:\Users\sysic\.vscode\extensions\pivotal.vscode-spring-boot-1.38.0\language-server\BOOT-INF\lib\antlr-runtime-3.5.2.jar;c:\Users\sysic\.vscode\extensions\pivotal.vscode-spring-boot-1.38.0\language-server\BOOT-INF\lib\antlr4-4.9.3.jar;c:\Users\sysic\.vscode\extensions\pivotal.vscode-spring-boot-1.38.0\language-server\BOOT-INF\lib\antlr4-runtime-4.9.3.jar;c:\Users\sysic\.vscode\extensions\pivotal.vscode-spring-boot-1.38.0\language-server\BOOT-INF\lib\asm-9.3.jar;c:\Users\sysic\.vscode\extensions\pivotal.vscode-spring-boot-1.38.0\language-server\BOOT-INF\lib\asm-analysis-9.3.jar;c:\Users\sysic\.vscode\extensions\pivotal.vscode-spring-boot-1.38.0\language-server\BOOT-INF\lib\asm-tree-9.3.jar;c:\Users\sysic\.vscode\extensions\pivotal.vscode-spring-boot-1.38.0\language-server\BOOT-INF\lib\asm-util-9.3.jar;c:\Users\sysic\.vscode\extensions\pivotal.vscode-spring-boot-1.38.0\language-server\BOOT-INF\lib\byte-buddy-1.10.18.jar;c:\Users\sysic\.vscode\extensions\pivotal.vscode-spring-boot-1.38.0\language-server\BOOT-INF\lib\caffeine-2.8.6.jar;c:\Users\sysic\.vscode\extensions\pivotal.vscode-spring-boot-1.38.0\language-server\BOOT-INF\lib\checker-qual-3.12.0.jar;c:\Users\sysic\.vscode\extensions\pivotal.vscode-spring-boot-1.38.0\language-server\BOOT-INF\lib\classgraph-4.8.149.jar;c:\Users\sysic\.vscode\extensions\pivotal.vscode-spring-boot-1.38.0\language-server\BOOT-INF\lib\commons-codec-1.14.jar;c:\Users\sysic\.vscode\extensions\pivotal.vscode-spring-boot-1.38.0\language-server\BOOT-INF\lib\commons-compress-1.21.jar;c:\Users\sysic\.vscode\extensions\pivotal.vscode-spring-boot-1.38.0\language-server\BOOT-INF\lib\commons-exec-1.3.jar;c:\Users\sysic\.vscode\extensions\pivotal.vscode-spring-boot-1.38.0\language-server\BOOT-INF\lib\com
Launcher Type: SUN_STANDARD

[Global flags]
     intx CICompilerCount                          = 3                                         {product} {ergonomic}
     uint ConcGCThreads                            = 1                                         {product} {ergonomic}
     uint G1ConcRefinementThreads                  = 4                                         {product} {ergonomic}
   size_t G1HeapRegionSize                         = 1048576                                   {product} {ergonomic}
    uintx GCDrainStackTargetSize                   = 64                                        {product} {ergonomic}
   size_t InitialHeapSize                          = 67108864                                  {product} {ergonomic}
   size_t MarkStackSize                            = 4194304                                   {product} {ergonomic}
   size_t MaxHeapSize                              = 1044381696                                {product} {ergonomic}
   size_t MaxNewSize                               = 625999872                                 {product} {ergonomic}
   size_t MinHeapDeltaBytes                        = 1048576                                   {product} {ergonomic}
   size_t MinHeapSize                              = 8388608                                   {product} {ergonomic}
    uintx NonProfiledCodeHeapSize                  = 0                                      {pd product} {ergonomic}
     bool ProfileInterpreter                       = false                                  {pd product} {command line}
    uintx ProfiledCodeHeapSize                     = 0                                      {pd product} {ergonomic}
   size_t SoftMaxHeapSize                          = 1044381696                             {manageable} {ergonomic}
     intx TieredStopAtLevel                        = 1                                         {product} {command line}
     bool UseCompressedClassPointers               = true                           {product lp64_product} {ergonomic}
     bool UseCompressedOops                        = true                           {product lp64_product} {ergonomic}
     bool UseG1GC                                  = true                                      {product} {ergonomic}
     bool UseLargePagesIndividualAllocation        = false                                  {pd product} {ergonomic}

Logging:
Log output configuration:
 #0: stdout all=warning uptime,level,tags
 #1: stderr all=off uptime,level,tags

Environment Variables:
PATH=C:\Program Files\Microsoft MPI\Bin\;%JAVA_HOME%\bin;C:\apache-maven-3.8.2\bin;C:\Program Files\AdoptOpenJDK\jdk-11.0.10.9-hotspot\bin;C:\Program Files\AdoptOpenJDK\jdk-8.0.282.8-hotspot\bin;C:\Program Files\Common Files\Oracle\Java\javapath;C:\Program Files (x86)\Common Files\Oracle\Java\javapath;C:\WINDOWS\system32;C:\WINDOWS;C:\WINDOWS\System32\Wbem;C:\WINDOWS\System32\WindowsPowerShell\v1.0\;C:\WINDOWS\System32\OpenSSH\;C:\Program Files\PuTTY\;C:\Program Files\Java\jdk-15.0.1\bin;C:\Program Files\Docker\Docker\resources\bin;C:\ProgramData\DockerDesktop\version-bin;C:\Program Files\nodejs\;C:\Program Files\dotnet\;C:\Program Files (x86)\Microsoft SQL Server\150\Tools\Binn\;C:\Program Files\Microsoft SQL Server\150\Tools\Binn\;C:\Program Files (x86)\Microsoft SQL Server\150\DTS\Binn\;C:\Program Files\Microsoft SQL Server\150\DTS\Binn\;C:\Program Files\Microsoft SQL Server\Client SDK\ODBC\170\Tools\Binn\;C:\Program Files\Azure Data Studio\bin;C:\Program Files\Git\cmd;C:\Program Files\Git\mingw64\bin;C:\Program Files\Git\usr\bin;C:\Users\sysic\anaconda3;C:\Users\sysic\anaconda3\Library\mingw-w64\bin;C:\Users\sysic\anaconda3\Library\usr\bin;C:\Users\sysic\anaconda3\Library\bin;C:\Users\sysic\anaconda3\Scripts;C:\Users\sysic\AppData\Local\Programs\Python\Python310\Scripts\;C:\Users\sysic\AppData\Local\Programs\Python\Python310\;C:\Users\sysic\AppData\Local\Microsoft\WindowsApps;C:\Users\sysic\AppData\Local\Programs\Microsoft VS Code\bin;C:\Program Files\JetBrains\IntelliJ IDEA Community Edition 2022.1.3\bin;C:\Program Files\Java\jdk-11.0.14;C:\Users\sysic\AppData\Local\GitHubDesktop\bin;C:\Users\sysic\AppData\Roaming\npm;C:\sqlite-tools-win32-x86-3390100;C:\Users\sysic\AppData\Local\atom\bin;C:\Program Files\Azure Data Studio\bin;C:\Program Files\Azure Data Studio\bin;C:\Users\sysic\.dotnet\tools;C:\Program Files\Azure Data Studio\bin;C:\Program Files\Azure Data Studio\bin
USERNAME=sysic
OS=Windows_NT
PROCESSOR_IDENTIFIER=Intel64 Family 6 Model 142 Stepping 9, GenuineIntel
TMP=C:\Users\sysic\AppData\Local\Temp
TEMP=C:\Users\sysic\AppData\Local\Temp



---------------  S Y S T E M  ---------------

OS:
 Windows 10 , 64 bit Build 19041 (10.0.19041.1889)
OS uptime: 6 days 18:23 hours
Hyper-V role detected

CPU: total 4 (initial active 4) (2 cores per cpu, 2 threads per core) family 6 model 142 stepping 9 microcode 0xb4, cx8, cmov, fxsr, ht, mmx, 3dnowpref, sse, sse2, sse3, ssse3, sse4.1, sse4.2, popcnt, lzcnt, tsc, tscinvbit, avx, avx2, aes, erms, clmul, bmi1, bmi2, adx, fma, vzeroupper, clflush, clflushopt, hv

Memory: 4k page, system-wide physical 3977M (221M free)
TotalPageFile size 16265M (AvailPageFile size 135M)
current process WorkingSet (physical memory assigned to process): 383M, peak: 383M
current process commit charge ("private bytes"): 405M, peak: 549M

vm_info: OpenJDK 64-Bit Server VM (17.0.4+8) for windows-amd64 JRE (17.0.4+8), built on Jul 19 2022 16:05:16 by "temurin" with MS VC++ 16.7 (VS2019)

END.
